blocknr trialtyp set simseq einzelpaar kritisch vigiltarget s1 s2 s1valent s1dauer s1bildtyp s1position s2valent s2dauer s2bildtyp s2position
1 1 1 1 2 1 0 1 45 0 0 1 1 1 1 2 2
1 1 1 1 2 1 0 2 46 0 1 1 1 1 1 2 2
1 67 1 2 1 1 0 3 47 0 1 1 1 1 1 2 2
1 2 1 1 2 1 0 18 52 0 1 1 2 1 1 2 1
1 3 1 1 2 0 0 74 53 0 1 2 2 1 1 2 1
1 58 1 2 1 1 0 19 54 0 1 1 2 1 1 2 1
1 4 1 1 2 0 1 43 28 0 0 1 1 0 1 1 2
1 3 1 1 2 0 0 70 75 0 1 2 1 0 1 2 2
1 2 1 1 2 0 1 35 76 0 1 1 2 0 1 2 1
1 4 1 1 2 0 2 32 13 0 1 1 2 0 1 1 1
1 56 1 2 1 0 1 40 42 0 1 1 2 0 0 1 1
1 78 1 2 1 0 0 71 73 0 1 2 2 0 1 2 1
1 1 1 1 2 1 0 4 57 0 0 1 1 -1 1 2 2
1 1 1 1 2 1 0 5 58 0 1 1 1 -1 1 2 2
1 67 1 2 1 1 0 6 59 0 1 1 1 -1 1 2 2
1 2 1 1 2 1 0 20 64 0 1 1 2 -1 1 2 1
1 3 1 1 2 0 0 72 65 0 1 2 2 -1 1 2 1
1 58 1 2 1 1 0 21 66 0 1 1 2 -1 1 2 1
1 4 1 1 2 0 1 38 29 0 0 1 1 0 1 1 2
1 3 1 1 2 0 0 80 77 0 1 2 1 0 1 2 2
1 2 1 1 2 0 2 13 79 0 1 1 2 0 1 2 1
1 4 1 1 2 0 1 31 41 0 1 1 2 0 1 1 1
1 56 1 2 1 0 1 30 34 0 1 1 2 0 0 1 1
1 78 1 2 1 0 0 69 78 0 1 2 2 0 1 2 1
1 1 2 1 2 1 0 7 48 0 0 1 1 1 1 2 2
1 1 2 1 2 1 0 8 49 0 1 1 1 1 1 2 2
1 67 2 2 1 1 0 9 50 0 1 1 1 1 1 2 2
1 2 2 1 2 1 0 22 55 0 1 1 2 1 1 2 1
1 3 2 1 2 0 0 78 56 0 1 2 2 1 1 2 1
1 58 2 2 1 1 0 23 51 0 1 1 2 1 1 2 1
1 4 2 1 2 0 1 41 30 0 0 1 1 0 1 1 2
1 3 2 1 2 0 0 80 72 0 1 2 1 0 1 2 2
1 2 2 1 2 0 2 13 74 0 1 1 2 0 1 2 1
1 4 2 1 2 0 1 33 39 0 1 1 2 0 1 1 1
1 56 2 2 1 0 1 35 31 0 1 1 2 0 0 1 1
1 78 2 2 1 0 0 76 73 0 1 2 2 0 1 2 1
1 1 2 1 2 1 0 10 60 0 0 1 1 -1 1 2 2
1 1 2 1 2 1 0 11 61 0 1 1 1 -1 1 2 2
1 67 2 2 1 1 0 12 62 0 1 1 1 -1 1 2 2
1 2 2 1 2 1 0 24 67 0 1 1 2 -1 1 2 1
1 3 2 1 2 0 0 71 68 0 1 2 2 -1 1 2 1
1 58 2 2 1 1 0 25 63 0 1 1 2 -1 1 2 1
1 4 2 1 2 0 2 34 13 0 0 1 1 0 1 1 2
1 3 2 1 2 0 0 69 75 0 1 2 1 0 1 2 2
1 2 2 1 2 0 1 37 79 0 1 1 2 0 1 2 1
1 4 2 1 2 0 1 40 26 0 1 1 2 0 1 1 1
1 56 2 2 1 0 1 29 43 0 1 1 2 0 0 1 1
1 78 2 2 1 0 0 70 77 0 1 2 2 0 1 2 1
1 0 0 -1 0 -1 -1 -1 -1 -1 -1 -1 -1 -1 -1 -1 -1
1 0 0 -1 0 -1 -1 -1 -1 -1 -1 -1 -1 -1 -1 -1 -1
1 0 0 -1 0 -1 -1 -1 -1 -1 -1 -1 -1 -1 -1 -1 -1
1 0 0 -1 0 -1 -1 -1 -1 -1 -1 -1 -1 -1 -1 -1 -1
1 0 0 -1 0 -1 -1 -1 -1 -1 -1 -1 -1 -1 -1 -1 -1
1 0 0 -1 0 -1 -1 -1 -1 -1 -1 -1 -1 -1 -1 -1 -1
1 0 0 -1 0 -1 -1 -1 -1 -1 -1 -1 -1 -1 -1 -1 -1
1 0 0 -1 0 -1 -1 -1 -1 -1 -1 -1 -1 -1 -1 -1 -1
1 0 0 -1 0 -1 -1 -1 -1 -1 -1 -1 -1 -1 -1 -1 -1
1 0 0 -1 0 -1 -1 -1 -1 -1 -1 -1 -1 -1 -1 -1 -1
1 0 0 -1 0 -1 -1 -1 -1 -1 -1 -1 -1 -1 -1 -1 -1
1 0 0 -1 0 -1 -1 -1 -1 -1 -1 -1 -1 -1 -1 -1 -1
1 0 0 -1 0 -1 -1 -1 -1 -1 -1 -1 -1 -1 -1 -1 -1
1 0 0 -1 0 -1 -1 -1 -1 -1 -1 -1 -1 -1 -1 -1 -1
1 0 0 -1 0 -1 -1 -1 -1 -1 -1 -1 -1 -1 -1 -1 -1
1 0 0 -1 0 -1 -1 -1 -1 -1 -1 -1 -1 -1 -1 -1 -1
1 0 0 -1 0 -1 -1 -1 -1 -1 -1 -1 -1 -1 -1 -1 -1
1 0 0 -1 0 -1 -1 -1 -1 -1 -1 -1 -1 -1 -1 -1 -1
1 0 0 -1 0 -1 -1 -1 -1 -1 -1 -1 -1 -1 -1 -1 -1
1 0 0 -1 0 -1 -1 -1 -1 -1 -1 -1 -1 -1 -1 -1 -1
1 0 0 -1 0 -1 -1 -1 -1 -1 -1 -1 -1 -1 -1 -1 -1
1 0 0 -1 0 -1 -1 -1 -1 -1 -1 -1 -1 -1 -1 -1 -1
1 0 0 -1 0 -1 -1 -1 -1 -1 -1 -1 -1 -1 -1 -1 -1
1 0 0 -1 0 -1 -1 -1 -1 -1 -1 -1 -1 -1 -1 -1 -1
2 1 1 1 2 1 2 1 45 0 0 1 1 1 1 2 2
2 1 1 1 2 1 0 2 46 0 1 1 1 1 1 2 2
2 67 1 2 1 1 0 3 47 0 1 1 1 1 1 2 2
2 2 1 1 2 1 0 18 53 0 1 1 2 1 1 2 1
2 3 1 1 2 0 0 72 54 0 1 2 2 1 1 2 1
2 58 1 2 1 1 0 19 55 0 1 1 2 1 1 2 1
2 4 1 1 2 0 1 39 32 0 0 1 1 0 1 1 2
2 3 1 1 2 0 0 76 75 0 1 2 1 0 1 2 2
2 2 1 1 2 0 1 37 71 0 1 1 2 0 1 2 1
2 4 1 1 2 0 1 40 27 0 1 1 2 0 1 1 1
2 56 1 2 1 0 1 14 33 0 1 1 2 0 0 1 1
2 78 1 2 1 0 0 78 79 0 1 2 2 0 1 2 1
2 1 1 1 2 1 2 4 57 0 0 1 1 -1 1 2 2
2 1 1 1 2 1 0 5 58 0 1 1 1 -1 1 2 2
2 67 1 2 1 1 0 6 59 0 1 1 1 -1 1 2 2
2 2 1 1 2 1 0 20 65 0 1 1 2 -1 1 2 1
2 3 1 1 2 0 0 69 66 0 1 2 2 -1 1 2 1
2 58 1 2 1 1 0 21 67 0 1 1 2 -1 1 2 1
2 4 1 1 2 0 1 41 28 0 0 1 1 0 1 1 2
2 3 1 1 2 0 0 74 73 0 1 2 1 0 1 2 2
2 2 1 1 2 0 1 43 77 0 1 1 2 0 1 2 1
2 4 1 1 2 0 1 42 31 0 1 1 2 0 1 1 1
2 56 1 2 1 0 1 14 26 0 1 1 2 0 0 1 1
2 78 1 2 1 0 0 70 80 0 1 2 2 0 1 2 1
2 1 2 1 2 1 0 7 48 0 0 1 1 1 1 2 2
2 1 2 1 2 1 0 8 49 0 1 1 1 1 1 2 2
2 67 2 2 1 1 0 9 50 0 1 1 1 1 1 2 2
2 2 2 1 2 1 0 22 56 0 1 1 2 1 1 2 1
2 3 2 1 2 0 0 77 51 0 1 2 2 1 1 2 1
2 58 2 2 1 1 0 23 52 0 1 1 2 1 1 2 1
2 4 2 1 2 0 2 35 14 0 0 1 1 0 1 1 2
2 3 2 1 2 0 0 78 73 0 1 2 1 0 1 2 2
2 2 2 1 2 0 1 42 70 0 1 1 2 0 1 2 1
2 4 2 1 2 0 1 38 28 0 1 1 2 0 1 1 1
2 56 2 2 1 0 1 27 37 0 1 1 2 0 0 1 1
2 78 2 2 1 0 0 75 80 0 1 2 2 0 1 2 1
2 1 2 1 2 1 0 10 60 0 0 1 1 -1 1 2 2
2 1 2 1 2 1 0 11 61 0 1 1 1 -1 1 2 2
2 67 2 2 1 1 0 12 62 0 1 1 1 -1 1 2 2
2 2 2 1 2 1 0 24 68 0 1 1 2 -1 1 2 1
2 3 2 1 2 0 0 72 63 0 1 2 2 -1 1 2 1
2 58 2 2 1 1 0 25 64 0 1 1 2 -1 1 2 1
2 4 2 1 2 0 2 31 14 0 0 1 1 0 1 1 2
2 3 2 1 2 0 0 74 69 0 1 2 1 0 1 2 2
2 2 2 1 2 0 1 29 76 0 1 1 2 0 1 2 1
2 4 2 1 2 0 1 30 41 0 1 1 2 0 1 1 1
2 56 2 2 1 0 1 32 40 0 1 1 2 0 0 1 1
2 78 2 2 1 0 0 71 79 0 1 2 2 0 1 2 1
2 0 0 -1 0 -1 -1 -1 -1 -1 -1 -1 -1 -1 -1 -1 -1
2 0 0 -1 0 -1 -1 -1 -1 -1 -1 -1 -1 -1 -1 -1 -1
2 0 0 -1 0 -1 -1 -1 -1 -1 -1 -1 -1 -1 -1 -1 -1
2 0 0 -1 0 -1 -1 -1 -1 -1 -1 -1 -1 -1 -1 -1 -1
2 0 0 -1 0 -1 -1 -1 -1 -1 -1 -1 -1 -1 -1 -1 -1
2 0 0 -1 0 -1 -1 -1 -1 -1 -1 -1 -1 -1 -1 -1 -1
2 0 0 -1 0 -1 -1 -1 -1 -1 -1 -1 -1 -1 -1 -1 -1
2 0 0 -1 0 -1 -1 -1 -1 -1 -1 -1 -1 -1 -1 -1 -1
2 0 0 -1 0 -1 -1 -1 -1 -1 -1 -1 -1 -1 -1 -1 -1
2 0 0 -1 0 -1 -1 -1 -1 -1 -1 -1 -1 -1 -1 -1 -1
2 0 0 -1 0 -1 -1 -1 -1 -1 -1 -1 -1 -1 -1 -1 -1
2 0 0 -1 0 -1 -1 -1 -1 -1 -1 -1 -1 -1 -1 -1 -1
2 0 0 -1 0 -1 -1 -1 -1 -1 -1 -1 -1 -1 -1 -1 -1
2 0 0 -1 0 -1 -1 -1 -1 -1 -1 -1 -1 -1 -1 -1 -1
2 0 0 -1 0 -1 -1 -1 -1 -1 -1 -1 -1 -1 -1 -1 -1
2 0 0 -1 0 -1 -1 -1 -1 -1 -1 -1 -1 -1 -1 -1 -1
2 0 0 -1 0 -1 -1 -1 -1 -1 -1 -1 -1 -1 -1 -1 -1
2 0 0 -1 0 -1 -1 -1 -1 -1 -1 -1 -1 -1 -1 -1 -1
2 0 0 -1 0 -1 -1 -1 -1 -1 -1 -1 -1 -1 -1 -1 -1
2 0 0 -1 0 -1 -1 -1 -1 -1 -1 -1 -1 -1 -1 -1 -1
2 0 0 -1 0 -1 -1 -1 -1 -1 -1 -1 -1 -1 -1 -1 -1
2 0 0 -1 0 -1 -1 -1 -1 -1 -1 -1 -1 -1 -1 -1 -1
2 0 0 -1 0 -1 -1 -1 -1 -1 -1 -1 -1 -1 -1 -1 -1
2 0 0 -1 0 -1 -1 -1 -1 -1 -1 -1 -1 -1 -1 -1 -1
3 1 1 1 2 1 0 1 45 0 0 1 1 1 1 2 2
3 1 1 1 2 1 0 2 46 0 1 1 1 1 1 2 2
3 67 1 2 1 1 0 3 47 0 1 1 1 1 1 2 2
3 2 1 1 2 1 0 18 54 0 1 1 2 1 1 2 1
3 3 1 1 2 0 0 74 55 0 1 2 2 1 1 2 1
3 58 1 2 1 1 0 19 56 0 1 1 2 1 1 2 1
3 4 1 1 2 0 1 43 36 0 0 1 1 0 1 1 2
3 3 1 1 2 0 0 70 76 0 1 2 1 0 1 2 2
3 2 1 1 2 0 1 30 72 0 1 1 2 0 1 2 1
3 4 1 1 2 0 2 15 29 0 1 1 2 0 1 1 1
3 56 1 2 1 0 1 26 33 0 1 1 2 0 0 1 1
3 78 1 2 1 0 0 69 73 0 1 2 2 0 1 2 1
3 1 1 1 2 1 2 4 57 0 0 1 1 -1 1 2 2
3 1 1 1 2 1 0 5 58 0 1 1 1 -1 1 2 2
3 67 1 2 1 1 0 6 59 0 1 1 1 -1 1 2 2
3 2 1 1 2 1 0 20 66 0 1 1 2 -1 1 2 1
3 3 1 1 2 0 0 80 67 0 1 2 2 -1 1 2 1
3 58 1 2 1 1 0 21 68 0 1 1 2 -1 1 2 1
3 4 1 1 2 0 1 28 42 0 0 1 1 0 1 1 2
3 3 1 1 2 0 0 71 75 0 1 2 1 0 1 2 2
3 2 1 1 2 0 1 37 79 0 1 1 2 0 1 2 1
3 4 1 1 2 0 1 35 39 0 1 1 2 0 1 1 1
3 56 1 2 1 0 1 15 34 0 1 1 2 0 0 1 1
3 78 1 2 1 0 0 78 77 0 1 2 2 0 1 2 1
3 1 2 1 2 1 0 7 48 0 0 1 1 1 1 2 2
3 1 2 1 2 1 0 8 49 0 1 1 1 1 1 2 2
3 67 2 2 1 1 0 9 50 0 1 1 1 1 1 2 2
3 2 2 1 2 1 0 22 51 0 1 1 2 1 1 2 1
3 3 2 1 2 0 0 69 52 0 1 2 2 1 1 2 1
3 58 2 2 1 1 0 23 53 0 1 1 2 1 1 2 1
3 4 2 1 2 0 1 35 26 0 0 1 1 0 1 1 2
3 3 2 1 2 0 0 70 80 0 1 2 1 0 1 2 2
3 2 2 1 2 0 1 43 71 0 1 1 2 0 1 2 1
3 4 2 1 2 0 2 15 29 0 1 1 2 0 1 1 1
3 56 2 2 1 0 1 31 39 0 1 1 2 0 0 1 1
3 78 2 2 1 0 0 74 73 0 1 2 2 0 1 2 1
3 1 2 1 2 1 0 10 60 0 0 1 1 -1 1 2 2
3 1 2 1 2 1 0 11 61 0 1 1 1 -1 1 2 2
3 67 2 2 1 1 0 12 62 0 1 1 1 -1 1 2 2
3 2 2 1 2 1 0 24 63 0 1 1 2 -1 1 2 1
3 3 2 1 2 0 0 75 64 0 1 2 2 -1 1 2 1
3 58 2 2 1 1 0 25 65 0 1 1 2 -1 1 2 1
3 4 2 1 2 0 2 41 15 0 0 1 1 0 1 1 2
3 3 2 1 2 0 0 72 76 0 1 2 1 0 1 2 2
3 2 2 1 2 0 1 33 77 0 1 1 2 0 1 2 1
3 4 2 1 2 0 1 42 34 0 1 1 2 0 1 1 1
3 56 2 2 1 0 1 27 40 0 1 1 2 0 0 1 1
3 78 2 2 1 0 0 78 79 0 1 2 2 0 1 2 1
3 0 0 -1 0 -1 -1 -1 -1 -1 -1 -1 -1 -1 -1 -1 -1
3 0 0 -1 0 -1 -1 -1 -1 -1 -1 -1 -1 -1 -1 -1 -1
3 0 0 -1 0 -1 -1 -1 -1 -1 -1 -1 -1 -1 -1 -1 -1
3 0 0 -1 0 -1 -1 -1 -1 -1 -1 -1 -1 -1 -1 -1 -1
3 0 0 -1 0 -1 -1 -1 -1 -1 -1 -1 -1 -1 -1 -1 -1
3 0 0 -1 0 -1 -1 -1 -1 -1 -1 -1 -1 -1 -1 -1 -1
3 0 0 -1 0 -1 -1 -1 -1 -1 -1 -1 -1 -1 -1 -1 -1
3 0 0 -1 0 -1 -1 -1 -1 -1 -1 -1 -1 -1 -1 -1 -1
3 0 0 -1 0 -1 -1 -1 -1 -1 -1 -1 -1 -1 -1 -1 -1
3 0 0 -1 0 -1 -1 -1 -1 -1 -1 -1 -1 -1 -1 -1 -1
3 0 0 -1 0 -1 -1 -1 -1 -1 -1 -1 -1 -1 -1 -1 -1
3 0 0 -1 0 -1 -1 -1 -1 -1 -1 -1 -1 -1 -1 -1 -1
3 0 0 -1 0 -1 -1 -1 -1 -1 -1 -1 -1 -1 -1 -1 -1
3 0 0 -1 0 -1 -1 -1 -1 -1 -1 -1 -1 -1 -1 -1 -1
3 0 0 -1 0 -1 -1 -1 -1 -1 -1 -1 -1 -1 -1 -1 -1
3 0 0 -1 0 -1 -1 -1 -1 -1 -1 -1 -1 -1 -1 -1 -1
3 0 0 -1 0 -1 -1 -1 -1 -1 -1 -1 -1 -1 -1 -1 -1
3 0 0 -1 0 -1 -1 -1 -1 -1 -1 -1 -1 -1 -1 -1 -1
3 0 0 -1 0 -1 -1 -1 -1 -1 -1 -1 -1 -1 -1 -1 -1
3 0 0 -1 0 -1 -1 -1 -1 -1 -1 -1 -1 -1 -1 -1 -1
3 0 0 -1 0 -1 -1 -1 -1 -1 -1 -1 -1 -1 -1 -1 -1
3 0 0 -1 0 -1 -1 -1 -1 -1 -1 -1 -1 -1 -1 -1 -1
3 0 0 -1 0 -1 -1 -1 -1 -1 -1 -1 -1 -1 -1 -1 -1
3 0 0 -1 0 -1 -1 -1 -1 -1 -1 -1 -1 -1 -1 -1 -1
4 1 1 1 2 1 2 1 45 0 0 1 1 1 1 2 2
4 1 1 1 2 1 0 2 46 0 1 1 1 1 1 2 2
4 67 1 2 1 1 0 3 47 0 1 1 1 1 1 2 2
4 2 1 1 2 1 0 18 55 0 1 1 2 1 1 2 1
4 3 1 1 2 0 0 70 56 0 1 2 2 1 1 2 1
4 58 1 2 1 1 0 19 51 0 1 1 2 1 1 2 1
4 4 1 1 2 0 1 31 40 0 0 1 1 0 1 1 2
4 3 1 1 2 0 0 76 80 0 1 2 1 0 1 2 2
4 2 1 1 2 0 1 34 78 0 1 1 2 0 1 2 1
4 4 1 1 2 0 1 36 35 0 1 1 2 0 1 1 1
4 56 1 2 1 0 1 16 33 0 1 1 2 0 0 1 1
4 78 1 2 1 0 0 69 77 0 1 2 2 0 1 2 1
4 1 1 1 2 1 2 4 57 0 0 1 1 -1 1 2 2
4 1 1 1 2 1 0 5 58 0 1 1 1 -1 1 2 2
4 67 1 2 1 1 0 6 59 0 1 1 1 -1 1 2 2
4 2 1 1 2 1 0 20 67 0 1 1 2 -1 1 2 1
4 3 1 1 2 0 0 73 68 0 1 2 2 -1 1 2 1
4 58 1 2 1 1 0 21 63 0 1 1 2 -1 1 2 1
4 4 1 1 2 0 1 28 37 0 0 1 1 0 1 1 2
4 3 1 1 2 0 0 71 79 0 1 2 1 0 1 2 2
4 2 1 1 2 0 1 29 75 0 1 1 2 0 1 2 1
4 4 1 1 2 0 1 38 27 0 1 1 2 0 1 1 1
4 56 1 2 1 0 1 16 26 0 1 1 2 0 0 1 1
4 78 1 2 1 0 0 72 74 0 1 2 2 0 1 2 1
4 1 2 1 2 1 2 7 48 0 0 1 1 1 1 2 2
4 1 2 1 2 1 0 8 49 0 1 1 1 1 1 2 2
4 67 2 2 1 1 0 9 50 0 1 1 1 1 1 2 2
4 2 2 1 2 1 0 22 52 0 1 1 2 1 1 2 1
4 3 2 1 2 0 0 78 53 0 1 2 2 1 1 2 1
4 58 2 2 1 1 0 23 54 0 1 1 2 1 1 2 1
4 4 2 1 2 0 1 29 35 0 0 1 1 0 1 1 2
4 3 2 1 2 0 0 73 74 0 1 2 1 0 1 2 2
4 2 2 1 2 0 1 27 77 0 1 1 2 0 1 2 1
4 4 2 1 2 0 1 37 43 0 1 1 2 0 1 1 1
4 56 2 2 1 0 1 16 26 0 1 1 2 0 0 1 1
4 78 2 2 1 0 0 76 69 0 1 2 2 0 1 2 1
4 1 2 1 2 1 2 10 60 0 0 1 1 -1 1 2 2
4 1 2 1 2 1 0 11 61 0 1 1 1 -1 1 2 2
4 67 2 2 1 1 0 12 62 0 1 1 1 -1 1 2 2
4 2 2 1 2 1 0 24 64 0 1 1 2 -1 1 2 1
4 3 2 1 2 0 0 70 65 0 1 2 2 -1 1 2 1
4 58 2 2 1 1 0 25 66 0 1 1 2 -1 1 2 1
4 4 2 1 2 0 1 42 39 0 0 1 1 0 1 1 2
4 3 2 1 2 0 0 75 71 0 1 2 1 0 1 2 2
4 2 2 1 2 0 1 28 79 0 1 1 2 0 1 2 1
4 4 2 1 2 0 1 34 41 0 1 1 2 0 1 1 1
4 56 2 2 1 0 1 16 32 0 1 1 2 0 0 1 1
4 78 2 2 1 0 0 80 72 0 1 2 2 0 1 2 1
4 0 0 -1 0 -1 -1 -1 -1 -1 -1 -1 -1 -1 -1 -1 -1
4 0 0 -1 0 -1 -1 -1 -1 -1 -1 -1 -1 -1 -1 -1 -1
4 0 0 -1 0 -1 -1 -1 -1 -1 -1 -1 -1 -1 -1 -1 -1
4 0 0 -1 0 -1 -1 -1 -1 -1 -1 -1 -1 -1 -1 -1 -1
4 0 0 -1 0 -1 -1 -1 -1 -1 -1 -1 -1 -1 -1 -1 -1
4 0 0 -1 0 -1 -1 -1 -1 -1 -1 -1 -1 -1 -1 -1 -1
4 0 0 -1 0 -1 -1 -1 -1 -1 -1 -1 -1 -1 -1 -1 -1
4 0 0 -1 0 -1 -1 -1 -1 -1 -1 -1 -1 -1 -1 -1 -1
4 0 0 -1 0 -1 -1 -1 -1 -1 -1 -1 -1 -1 -1 -1 -1
4 0 0 -1 0 -1 -1 -1 -1 -1 -1 -1 -1 -1 -1 -1 -1
4 0 0 -1 0 -1 -1 -1 -1 -1 -1 -1 -1 -1 -1 -1 -1
4 0 0 -1 0 -1 -1 -1 -1 -1 -1 -1 -1 -1 -1 -1 -1
4 0 0 -1 0 -1 -1 -1 -1 -1 -1 -1 -1 -1 -1 -1 -1
4 0 0 -1 0 -1 -1 -1 -1 -1 -1 -1 -1 -1 -1 -1 -1
4 0 0 -1 0 -1 -1 -1 -1 -1 -1 -1 -1 -1 -1 -1 -1
4 0 0 -1 0 -1 -1 -1 -1 -1 -1 -1 -1 -1 -1 -1 -1
4 0 0 -1 0 -1 -1 -1 -1 -1 -1 -1 -1 -1 -1 -1 -1
4 0 0 -1 0 -1 -1 -1 -1 -1 -1 -1 -1 -1 -1 -1 -1
4 0 0 -1 0 -1 -1 -1 -1 -1 -1 -1 -1 -1 -1 -1 -1
4 0 0 -1 0 -1 -1 -1 -1 -1 -1 -1 -1 -1 -1 -1 -1
4 0 0 -1 0 -1 -1 -1 -1 -1 -1 -1 -1 -1 -1 -1 -1
4 0 0 -1 0 -1 -1 -1 -1 -1 -1 -1 -1 -1 -1 -1 -1
4 0 0 -1 0 -1 -1 -1 -1 -1 -1 -1 -1 -1 -1 -1 -1
4 0 0 -1 0 -1 -1 -1 -1 -1 -1 -1 -1 -1 -1 -1 -1
5 1 1 1 2 1 0 1 45 0 0 1 1 1 1 2 2
5 1 1 1 2 1 0 2 46 0 1 1 1 1 1 2 2
5 67 1 2 1 1 0 3 47 0 1 1 1 1 1 2 2
5 2 1 1 2 1 0 18 56 0 1 1 2 1 1 2 1
5 3 1 1 2 0 0 77 51 0 1 2 2 1 1 2 1
5 58 1 2 1 1 0 19 52 0 1 1 2 1 1 2 1
5 4 1 1 2 0 1 27 33 0 0 1 1 0 1 1 2
5 3 1 1 2 0 0 71 73 0 1 2 1 0 1 2 2
5 2 1 1 2 0 2 17 79 0 1 1 2 0 1 2 1
5 4 1 1 2 0 1 30 34 0 1 1 2 0 1 1 1
5 56 1 2 1 0 1 28 38 0 1 1 2 0 0 1 1
5 78 1 2 1 0 0 78 80 0 1 2 2 0 1 2 1
5 1 1 1 2 1 0 4 57 0 0 1 1 -1 1 2 2
5 1 1 1 2 1 0 5 58 0 1 1 1 -1 1 2 2
5 67 1 2 1 1 0 6 59 0 1 1 1 -1 1 2 2
5 2 1 1 2 1 0 20 68 0 1 1 2 -1 1 2 1
5 3 1 1 2 0 0 76 63 0 1 2 2 -1 1 2 1
5 58 1 2 1 1 0 21 64 0 1 1 2 -1 1 2 1
5 4 1 1 2 0 1 43 31 0 0 1 1 0 1 1 2
5 3 1 1 2 0 0 72 70 0 1 2 1 0 1 2 2
5 2 1 1 2 0 1 39 75 0 1 1 2 0 1 2 1
5 4 1 1 2 0 2 41 17 0 1 1 2 0 1 1 1
5 56 1 2 1 0 1 37 40 0 1 1 2 0 0 1 1
5 78 1 2 1 0 0 74 69 0 1 2 2 0 1 2 1
5 1 2 1 2 1 0 7 48 0 0 1 1 1 1 2 2
5 1 2 1 2 1 0 8 49 0 1 1 1 1 1 2 2
5 67 2 2 1 1 0 9 50 0 1 1 1 1 1 2 2
5 2 2 1 2 1 0 22 53 0 1 1 2 1 1 2 1
5 3 2 1 2 0 0 76 54 0 1 2 2 1 1 2 1
5 58 2 2 1 1 0 23 55 0 1 1 2 1 1 2 1
5 4 2 1 2 0 1 38 35 0 0 1 1 0 1 1 2
5 3 2 1 2 0 0 75 72 0 1 2 1 0 1 2 2
5 2 2 1 2 0 2 17 80 0 1 1 2 0 1 2 1
5 4 2 1 2 0 1 42 30 0 1 1 2 0 1 1 1
5 56 2 2 1 0 1 43 36 0 1 1 2 0 0 1 1
5 78 2 2 1 0 0 74 78 0 1 2 2 0 1 2 1
5 1 2 1 2 1 0 10 60 0 0 1 1 -1 1 2 2
5 1 2 1 2 1 0 11 61 0 1 1 1 -1 1 2 2
5 67 2 2 1 1 0 12 62 0 1 1 1 -1 1 2 2
5 2 2 1 2 1 0 24 65 0 1 1 2 -1 1 2 1
5 3 2 1 2 0 0 77 66 0 1 2 2 -1 1 2 1
5 58 2 2 1 1 0 25 67 0 1 1 2 -1 1 2 1
5 4 2 1 2 0 1 28 32 0 0 1 1 0 1 1 2
5 3 2 1 2 0 0 79 69 0 1 2 1 0 1 2 2
5 2 2 1 2 0 2 17 73 0 1 1 2 0 1 2 1
5 4 2 1 2 0 1 41 29 0 1 1 2 0 1 1 1
5 56 2 2 1 0 1 31 34 0 1 1 2 0 0 1 1
5 78 2 2 1 0 0 71 70 0 1 2 2 0 1 2 1
5 0 0 -1 0 -1 -1 -1 -1 -1 -1 -1 -1 -1 -1 -1 -1
5 0 0 -1 0 -1 -1 -1 -1 -1 -1 -1 -1 -1 -1 -1 -1
5 0 0 -1 0 -1 -1 -1 -1 -1 -1 -1 -1 -1 -1 -1 -1
5 0 0 -1 0 -1 -1 -1 -1 -1 -1 -1 -1 -1 -1 -1 -1
5 0 0 -1 0 -1 -1 -1 -1 -1 -1 -1 -1 -1 -1 -1 -1
5 0 0 -1 0 -1 -1 -1 -1 -1 -1 -1 -1 -1 -1 -1 -1
5 0 0 -1 0 -1 -1 -1 -1 -1 -1 -1 -1 -1 -1 -1 -1
5 0 0 -1 0 -1 -1 -1 -1 -1 -1 -1 -1 -1 -1 -1 -1
5 0 0 -1 0 -1 -1 -1 -1 -1 -1 -1 -1 -1 -1 -1 -1
5 0 0 -1 0 -1 -1 -1 -1 -1 -1 -1 -1 -1 -1 -1 -1
5 0 0 -1 0 -1 -1 -1 -1 -1 -1 -1 -1 -1 -1 -1 -1
5 0 0 -1 0 -1 -1 -1 -1 -1 -1 -1 -1 -1 -1 -1 -1
5 0 0 -1 0 -1 -1 -1 -1 -1 -1 -1 -1 -1 -1 -1 -1
5 0 0 -1 0 -1 -1 -1 -1 -1 -1 -1 -1 -1 -1 -1 -1
5 0 0 -1 0 -1 -1 -1 -1 -1 -1 -1 -1 -1 -1 -1 -1
5 0 0 -1 0 -1 -1 -1 -1 -1 -1 -1 -1 -1 -1 -1 -1
5 0 0 -1 0 -1 -1 -1 -1 -1 -1 -1 -1 -1 -1 -1 -1
5 0 0 -1 0 -1 -1 -1 -1 -1 -1 -1 -1 -1 -1 -1 -1
5 0 0 -1 0 -1 -1 -1 -1 -1 -1 -1 -1 -1 -1 -1 -1
5 0 0 -1 0 -1 -1 -1 -1 -1 -1 -1 -1 -1 -1 -1 -1
5 0 0 -1 0 -1 -1 -1 -1 -1 -1 -1 -1 -1 -1 -1 -1
5 0 0 -1 0 -1 -1 -1 -1 -1 -1 -1 -1 -1 -1 -1 -1
5 0 0 -1 0 -1 -1 -1 -1 -1 -1 -1 -1 -1 -1 -1 -1
5 0 0 -1 0 -1 -1 -1 -1 -1 -1 -1 -1 -1 -1 -1 -1
