blocknr trialtyp set simseq einzelpaar kritisch vigiltarget s1 s2 s1valent s1dauer s1bildtyp s1position s2valent s2dauer s2bildtyp s2position
1 1 1 1 2 1 0 1 45 0 0 1 1 1 1 2 2
1 1 1 1 2 1 0 2 46 0 1 1 1 1 1 2 2
1 67 1 2 1 1 0 3 47 0 1 1 1 1 1 2 2
1 2 1 1 2 1 0 18 52 0 1 1 2 1 1 2 1
1 3 1 1 2 0 0 80 53 0 1 2 2 1 1 2 1
1 58 1 2 1 1 0 19 54 0 1 1 2 1 1 2 1
1 4 1 1 2 0 1 29 43 0 0 1 1 0 1 1 2
1 3 1 1 2 0 0 71 72 0 1 2 1 0 1 2 2
1 2 1 1 2 0 1 38 78 0 1 1 2 0 1 2 1
1 4 1 1 2 0 2 32 13 0 1 1 2 0 1 1 1
1 56 1 2 1 0 1 40 37 0 1 1 2 0 0 1 1
1 78 1 2 1 0 0 75 73 0 1 2 2 0 1 2 1
1 1 1 1 2 1 0 4 57 0 0 1 1 -1 1 2 2
1 1 1 1 2 1 0 5 58 0 1 1 1 -1 1 2 2
1 67 1 2 1 1 0 6 59 0 1 1 1 -1 1 2 2
1 2 1 1 2 1 0 20 64 0 1 1 2 -1 1 2 1
1 3 1 1 2 0 0 79 65 0 1 2 2 -1 1 2 1
1 58 1 2 1 1 0 21 66 0 1 1 2 -1 1 2 1
1 4 1 1 2 0 2 36 13 0 0 1 1 0 1 1 2
1 3 1 1 2 0 0 77 69 0 1 2 1 0 1 2 2
1 2 1 1 2 0 1 39 76 0 1 1 2 0 1 2 1
1 4 1 1 2 0 1 34 30 0 1 1 2 0 1 1 1
1 56 1 2 1 0 1 42 35 0 1 1 2 0 0 1 1
1 78 1 2 1 0 0 70 74 0 1 2 2 0 1 2 1
1 1 2 1 2 1 2 7 48 0 0 1 1 1 1 2 2
1 1 2 1 2 1 0 8 49 0 1 1 1 1 1 2 2
1 67 2 2 1 1 0 9 50 0 1 1 1 1 1 2 2
1 2 2 1 2 1 0 22 55 0 1 1 2 1 1 2 1
1 3 2 1 2 0 0 72 56 0 1 2 2 1 1 2 1
1 58 2 2 1 1 0 23 51 0 1 1 2 1 1 2 1
1 4 2 1 2 0 1 32 27 0 0 1 1 0 1 1 2
1 3 2 1 2 0 0 75 78 0 1 2 1 0 1 2 2
1 2 2 1 2 0 1 39 74 0 1 1 2 0 1 2 1
1 4 2 1 2 0 1 31 41 0 1 1 2 0 1 1 1
1 56 2 2 1 0 1 13 29 0 1 1 2 0 0 1 1
1 78 2 2 1 0 0 71 77 0 1 2 2 0 1 2 1
1 1 2 1 2 1 0 10 60 0 0 1 1 -1 1 2 2
1 1 2 1 2 1 0 11 61 0 1 1 1 -1 1 2 2
1 67 2 2 1 1 0 12 62 0 1 1 1 -1 1 2 2
1 2 2 1 2 1 0 24 67 0 1 1 2 -1 1 2 1
1 3 2 1 2 0 0 69 68 0 1 2 2 -1 1 2 1
1 58 2 2 1 1 0 25 63 0 1 1 2 -1 1 2 1
1 4 2 1 2 0 1 42 40 0 0 1 1 0 1 1 2
1 3 2 1 2 0 0 76 80 0 1 2 1 0 1 2 2
1 2 2 1 2 0 1 38 79 0 1 1 2 0 1 2 1
1 4 2 1 2 0 2 28 13 0 1 1 2 0 1 1 1
1 56 2 2 1 0 1 35 37 0 1 1 2 0 0 1 1
1 78 2 2 1 0 0 70 73 0 1 2 2 0 1 2 1
1 0 0 -1 0 -1 -1 -1 -1 -1 -1 -1 -1 -1 -1 -1 -1
1 0 0 -1 0 -1 -1 -1 -1 -1 -1 -1 -1 -1 -1 -1 -1
1 0 0 -1 0 -1 -1 -1 -1 -1 -1 -1 -1 -1 -1 -1 -1
1 0 0 -1 0 -1 -1 -1 -1 -1 -1 -1 -1 -1 -1 -1 -1
1 0 0 -1 0 -1 -1 -1 -1 -1 -1 -1 -1 -1 -1 -1 -1
1 0 0 -1 0 -1 -1 -1 -1 -1 -1 -1 -1 -1 -1 -1 -1
1 0 0 -1 0 -1 -1 -1 -1 -1 -1 -1 -1 -1 -1 -1 -1
1 0 0 -1 0 -1 -1 -1 -1 -1 -1 -1 -1 -1 -1 -1 -1
1 0 0 -1 0 -1 -1 -1 -1 -1 -1 -1 -1 -1 -1 -1 -1
1 0 0 -1 0 -1 -1 -1 -1 -1 -1 -1 -1 -1 -1 -1 -1
1 0 0 -1 0 -1 -1 -1 -1 -1 -1 -1 -1 -1 -1 -1 -1
1 0 0 -1 0 -1 -1 -1 -1 -1 -1 -1 -1 -1 -1 -1 -1
1 0 0 -1 0 -1 -1 -1 -1 -1 -1 -1 -1 -1 -1 -1 -1
1 0 0 -1 0 -1 -1 -1 -1 -1 -1 -1 -1 -1 -1 -1 -1
1 0 0 -1 0 -1 -1 -1 -1 -1 -1 -1 -1 -1 -1 -1 -1
1 0 0 -1 0 -1 -1 -1 -1 -1 -1 -1 -1 -1 -1 -1 -1
1 0 0 -1 0 -1 -1 -1 -1 -1 -1 -1 -1 -1 -1 -1 -1
1 0 0 -1 0 -1 -1 -1 -1 -1 -1 -1 -1 -1 -1 -1 -1
1 0 0 -1 0 -1 -1 -1 -1 -1 -1 -1 -1 -1 -1 -1 -1
1 0 0 -1 0 -1 -1 -1 -1 -1 -1 -1 -1 -1 -1 -1 -1
1 0 0 -1 0 -1 -1 -1 -1 -1 -1 -1 -1 -1 -1 -1 -1
1 0 0 -1 0 -1 -1 -1 -1 -1 -1 -1 -1 -1 -1 -1 -1
1 0 0 -1 0 -1 -1 -1 -1 -1 -1 -1 -1 -1 -1 -1 -1
1 0 0 -1 0 -1 -1 -1 -1 -1 -1 -1 -1 -1 -1 -1 -1
2 1 1 1 2 1 0 1 45 0 0 1 1 1 1 2 2
2 1 1 1 2 1 0 2 46 0 1 1 1 1 1 2 2
2 67 1 2 1 1 0 3 47 0 1 1 1 1 1 2 2
2 2 1 1 2 1 0 18 53 0 1 1 2 1 1 2 1
2 3 1 1 2 0 0 69 54 0 1 2 2 1 1 2 1
2 58 1 2 1 1 0 19 55 0 1 1 2 1 1 2 1
2 4 1 1 2 0 1 39 42 0 0 1 1 0 1 1 2
2 3 1 1 2 0 0 71 79 0 1 2 1 0 1 2 2
2 2 1 1 2 0 1 40 74 0 1 1 2 0 1 2 1
2 4 1 1 2 0 2 38 14 0 1 1 2 0 1 1 1
2 56 1 2 1 0 1 28 32 0 1 1 2 0 0 1 1
2 78 1 2 1 0 0 80 72 0 1 2 2 0 1 2 1
2 1 1 1 2 1 0 4 57 0 0 1 1 -1 1 2 2
2 1 1 1 2 1 0 5 58 0 1 1 1 -1 1 2 2
2 67 1 2 1 1 0 6 59 0 1 1 1 -1 1 2 2
2 2 1 1 2 1 0 20 65 0 1 1 2 -1 1 2 1
2 3 1 1 2 0 0 77 66 0 1 2 2 -1 1 2 1
2 58 1 2 1 1 0 21 67 0 1 1 2 -1 1 2 1
2 4 1 1 2 0 1 33 43 0 0 1 1 0 1 1 2
2 3 1 1 2 0 0 76 78 0 1 2 1 0 1 2 2
2 2 1 1 2 0 2 14 75 0 1 1 2 0 1 2 1
2 4 1 1 2 0 1 35 30 0 1 1 2 0 1 1 1
2 56 1 2 1 0 1 31 36 0 1 1 2 0 0 1 1
2 78 1 2 1 0 0 73 70 0 1 2 2 0 1 2 1
2 1 2 1 2 1 2 7 48 0 0 1 1 1 1 2 2
2 1 2 1 2 1 0 8 49 0 1 1 1 1 1 2 2
2 67 2 2 1 1 0 9 50 0 1 1 1 1 1 2 2
2 2 2 1 2 1 0 22 56 0 1 1 2 1 1 2 1
2 3 2 1 2 0 0 69 51 0 1 2 2 1 1 2 1
2 58 2 2 1 1 0 23 52 0 1 1 2 1 1 2 1
2 4 2 1 2 0 1 36 38 0 0 1 1 0 1 1 2
2 3 2 1 2 0 0 73 72 0 1 2 1 0 1 2 2
2 2 2 1 2 0 1 42 79 0 1 1 2 0 1 2 1
2 4 2 1 2 0 1 31 32 0 1 1 2 0 1 1 1
2 56 2 2 1 0 1 14 29 0 1 1 2 0 0 1 1
2 78 2 2 1 0 0 77 70 0 1 2 2 0 1 2 1
2 1 2 1 2 1 0 10 60 0 0 1 1 -1 1 2 2
2 1 2 1 2 1 0 11 61 0 1 1 1 -1 1 2 2
2 67 2 2 1 1 0 12 62 0 1 1 1 -1 1 2 2
2 2 2 1 2 1 0 24 68 0 1 1 2 -1 1 2 1
2 3 2 1 2 0 0 71 63 0 1 2 2 -1 1 2 1
2 58 2 2 1 1 0 25 64 0 1 1 2 -1 1 2 1
2 4 2 1 2 0 1 41 26 0 0 1 1 0 1 1 2
2 3 2 1 2 0 0 78 76 0 1 2 1 0 1 2 2
2 2 2 1 2 0 1 39 74 0 1 1 2 0 1 2 1
2 4 2 1 2 0 2 14 34 0 1 1 2 0 1 1 1
2 56 2 2 1 0 1 43 30 0 1 1 2 0 0 1 1
2 78 2 2 1 0 0 75 80 0 1 2 2 0 1 2 1
2 0 0 -1 0 -1 -1 -1 -1 -1 -1 -1 -1 -1 -1 -1 -1
2 0 0 -1 0 -1 -1 -1 -1 -1 -1 -1 -1 -1 -1 -1 -1
2 0 0 -1 0 -1 -1 -1 -1 -1 -1 -1 -1 -1 -1 -1 -1
2 0 0 -1 0 -1 -1 -1 -1 -1 -1 -1 -1 -1 -1 -1 -1
2 0 0 -1 0 -1 -1 -1 -1 -1 -1 -1 -1 -1 -1 -1 -1
2 0 0 -1 0 -1 -1 -1 -1 -1 -1 -1 -1 -1 -1 -1 -1
2 0 0 -1 0 -1 -1 -1 -1 -1 -1 -1 -1 -1 -1 -1 -1
2 0 0 -1 0 -1 -1 -1 -1 -1 -1 -1 -1 -1 -1 -1 -1
2 0 0 -1 0 -1 -1 -1 -1 -1 -1 -1 -1 -1 -1 -1 -1
2 0 0 -1 0 -1 -1 -1 -1 -1 -1 -1 -1 -1 -1 -1 -1
2 0 0 -1 0 -1 -1 -1 -1 -1 -1 -1 -1 -1 -1 -1 -1
2 0 0 -1 0 -1 -1 -1 -1 -1 -1 -1 -1 -1 -1 -1 -1
2 0 0 -1 0 -1 -1 -1 -1 -1 -1 -1 -1 -1 -1 -1 -1
2 0 0 -1 0 -1 -1 -1 -1 -1 -1 -1 -1 -1 -1 -1 -1
2 0 0 -1 0 -1 -1 -1 -1 -1 -1 -1 -1 -1 -1 -1 -1
2 0 0 -1 0 -1 -1 -1 -1 -1 -1 -1 -1 -1 -1 -1 -1
2 0 0 -1 0 -1 -1 -1 -1 -1 -1 -1 -1 -1 -1 -1 -1
2 0 0 -1 0 -1 -1 -1 -1 -1 -1 -1 -1 -1 -1 -1 -1
2 0 0 -1 0 -1 -1 -1 -1 -1 -1 -1 -1 -1 -1 -1 -1
2 0 0 -1 0 -1 -1 -1 -1 -1 -1 -1 -1 -1 -1 -1 -1
2 0 0 -1 0 -1 -1 -1 -1 -1 -1 -1 -1 -1 -1 -1 -1
2 0 0 -1 0 -1 -1 -1 -1 -1 -1 -1 -1 -1 -1 -1 -1
2 0 0 -1 0 -1 -1 -1 -1 -1 -1 -1 -1 -1 -1 -1 -1
2 0 0 -1 0 -1 -1 -1 -1 -1 -1 -1 -1 -1 -1 -1 -1
3 1 1 1 2 1 2 1 45 0 0 1 1 1 1 2 2
3 1 1 1 2 1 0 2 46 0 1 1 1 1 1 2 2
3 67 1 2 1 1 0 3 47 0 1 1 1 1 1 2 2
3 2 1 1 2 1 0 18 54 0 1 1 2 1 1 2 1
3 3 1 1 2 0 0 76 55 0 1 2 2 1 1 2 1
3 58 1 2 1 1 0 19 56 0 1 1 2 1 1 2 1
3 4 1 1 2 0 1 39 41 0 0 1 1 0 1 1 2
3 3 1 1 2 0 0 79 73 0 1 2 1 0 1 2 2
3 2 1 1 2 0 1 26 72 0 1 1 2 0 1 2 1
3 4 1 1 2 0 1 30 27 0 1 1 2 0 1 1 1
3 56 1 2 1 0 1 15 34 0 1 1 2 0 0 1 1
3 78 1 2 1 0 0 71 78 0 1 2 2 0 1 2 1
3 1 1 1 2 1 2 4 57 0 0 1 1 -1 1 2 2
3 1 1 1 2 1 0 5 58 0 1 1 1 -1 1 2 2
3 67 1 2 1 1 0 6 59 0 1 1 1 -1 1 2 2
3 2 1 1 2 1 0 20 66 0 1 1 2 -1 1 2 1
3 3 1 1 2 0 0 69 67 0 1 2 2 -1 1 2 1
3 58 1 2 1 1 0 21 68 0 1 1 2 -1 1 2 1
3 4 1 1 2 0 1 31 37 0 0 1 1 0 1 1 2
3 3 1 1 2 0 0 70 75 0 1 2 1 0 1 2 2
3 2 1 1 2 0 1 35 80 0 1 1 2 0 1 2 1
3 4 1 1 2 0 1 33 36 0 1 1 2 0 1 1 1
3 56 1 2 1 0 1 15 38 0 1 1 2 0 0 1 1
3 78 1 2 1 0 0 74 77 0 1 2 2 0 1 2 1
3 1 2 1 2 1 0 7 48 0 0 1 1 1 1 2 2
3 1 2 1 2 1 0 8 49 0 1 1 1 1 1 2 2
3 67 2 2 1 1 0 9 50 0 1 1 1 1 1 2 2
3 2 2 1 2 1 0 22 51 0 1 1 2 1 1 2 1
3 3 2 1 2 0 0 75 52 0 1 2 2 1 1 2 1
3 58 2 2 1 1 0 23 53 0 1 1 2 1 1 2 1
3 4 2 1 2 0 1 39 30 0 0 1 1 0 1 1 2
3 3 2 1 2 0 0 72 69 0 1 2 1 0 1 2 2
3 2 2 1 2 0 1 36 70 0 1 1 2 0 1 2 1
3 4 2 1 2 0 2 15 28 0 1 1 2 0 1 1 1
3 56 2 2 1 0 1 40 41 0 1 1 2 0 0 1 1
3 78 2 2 1 0 0 76 78 0 1 2 2 0 1 2 1
3 1 2 1 2 1 0 10 60 0 0 1 1 -1 1 2 2
3 1 2 1 2 1 0 11 61 0 1 1 1 -1 1 2 2
3 67 2 2 1 1 0 12 62 0 1 1 1 -1 1 2 2
3 2 2 1 2 1 0 24 63 0 1 1 2 -1 1 2 1
3 3 2 1 2 0 0 77 64 0 1 2 2 -1 1 2 1
3 58 2 2 1 1 0 25 65 0 1 1 2 -1 1 2 1
3 4 2 1 2 0 1 37 33 0 0 1 1 0 1 1 2
3 3 2 1 2 0 0 79 71 0 1 2 1 0 1 2 2
3 2 2 1 2 0 2 15 73 0 1 1 2 0 1 2 1
3 4 2 1 2 0 1 29 43 0 1 1 2 0 1 1 1
3 56 2 2 1 0 1 38 32 0 1 1 2 0 0 1 1
3 78 2 2 1 0 0 80 74 0 1 2 2 0 1 2 1
3 0 0 -1 0 -1 -1 -1 -1 -1 -1 -1 -1 -1 -1 -1 -1
3 0 0 -1 0 -1 -1 -1 -1 -1 -1 -1 -1 -1 -1 -1 -1
3 0 0 -1 0 -1 -1 -1 -1 -1 -1 -1 -1 -1 -1 -1 -1
3 0 0 -1 0 -1 -1 -1 -1 -1 -1 -1 -1 -1 -1 -1 -1
3 0 0 -1 0 -1 -1 -1 -1 -1 -1 -1 -1 -1 -1 -1 -1
3 0 0 -1 0 -1 -1 -1 -1 -1 -1 -1 -1 -1 -1 -1 -1
3 0 0 -1 0 -1 -1 -1 -1 -1 -1 -1 -1 -1 -1 -1 -1
3 0 0 -1 0 -1 -1 -1 -1 -1 -1 -1 -1 -1 -1 -1 -1
3 0 0 -1 0 -1 -1 -1 -1 -1 -1 -1 -1 -1 -1 -1 -1
3 0 0 -1 0 -1 -1 -1 -1 -1 -1 -1 -1 -1 -1 -1 -1
3 0 0 -1 0 -1 -1 -1 -1 -1 -1 -1 -1 -1 -1 -1 -1
3 0 0 -1 0 -1 -1 -1 -1 -1 -1 -1 -1 -1 -1 -1 -1
3 0 0 -1 0 -1 -1 -1 -1 -1 -1 -1 -1 -1 -1 -1 -1
3 0 0 -1 0 -1 -1 -1 -1 -1 -1 -1 -1 -1 -1 -1 -1
3 0 0 -1 0 -1 -1 -1 -1 -1 -1 -1 -1 -1 -1 -1 -1
3 0 0 -1 0 -1 -1 -1 -1 -1 -1 -1 -1 -1 -1 -1 -1
3 0 0 -1 0 -1 -1 -1 -1 -1 -1 -1 -1 -1 -1 -1 -1
3 0 0 -1 0 -1 -1 -1 -1 -1 -1 -1 -1 -1 -1 -1 -1
3 0 0 -1 0 -1 -1 -1 -1 -1 -1 -1 -1 -1 -1 -1 -1
3 0 0 -1 0 -1 -1 -1 -1 -1 -1 -1 -1 -1 -1 -1 -1
3 0 0 -1 0 -1 -1 -1 -1 -1 -1 -1 -1 -1 -1 -1 -1
3 0 0 -1 0 -1 -1 -1 -1 -1 -1 -1 -1 -1 -1 -1 -1
3 0 0 -1 0 -1 -1 -1 -1 -1 -1 -1 -1 -1 -1 -1 -1
3 0 0 -1 0 -1 -1 -1 -1 -1 -1 -1 -1 -1 -1 -1 -1
4 1 1 1 2 1 0 1 45 0 0 1 1 1 1 2 2
4 1 1 1 2 1 0 2 46 0 1 1 1 1 1 2 2
4 67 1 2 1 1 0 3 47 0 1 1 1 1 1 2 2
4 2 1 1 2 1 0 18 55 0 1 1 2 1 1 2 1
4 3 1 1 2 0 0 73 56 0 1 2 2 1 1 2 1
4 58 1 2 1 1 0 19 51 0 1 1 2 1 1 2 1
4 4 1 1 2 0 1 41 39 0 0 1 1 0 1 1 2
4 3 1 1 2 0 0 80 79 0 1 2 1 0 1 2 2
4 2 1 1 2 0 2 16 75 0 1 1 2 0 1 2 1
4 4 1 1 2 0 1 36 43 0 1 1 2 0 1 1 1
4 56 1 2 1 0 1 42 34 0 1 1 2 0 0 1 1
4 78 1 2 1 0 0 76 77 0 1 2 2 0 1 2 1
4 1 1 1 2 1 0 4 57 0 0 1 1 -1 1 2 2
4 1 1 1 2 1 0 5 58 0 1 1 1 -1 1 2 2
4 67 1 2 1 1 0 6 59 0 1 1 1 -1 1 2 2
4 2 1 1 2 1 0 20 67 0 1 1 2 -1 1 2 1
4 3 1 1 2 0 0 70 68 0 1 2 2 -1 1 2 1
4 58 1 2 1 1 0 21 63 0 1 1 2 -1 1 2 1
4 4 1 1 2 0 1 30 38 0 0 1 1 0 1 1 2
4 3 1 1 2 0 0 69 71 0 1 2 1 0 1 2 2
4 2 1 1 2 0 1 28 78 0 1 1 2 0 1 2 1
4 4 1 1 2 0 2 31 16 0 1 1 2 0 1 1 1
4 56 1 2 1 0 1 26 29 0 1 1 2 0 0 1 1
4 78 1 2 1 0 0 72 74 0 1 2 2 0 1 2 1
4 1 2 1 2 1 2 7 48 0 0 1 1 1 1 2 2
4 1 2 1 2 1 0 8 49 0 1 1 1 1 1 2 2
4 67 2 2 1 1 0 9 50 0 1 1 1 1 1 2 2
4 2 2 1 2 1 0 22 52 0 1 1 2 1 1 2 1
4 3 2 1 2 0 0 77 53 0 1 2 2 1 1 2 1
4 58 2 2 1 1 0 23 54 0 1 1 2 1 1 2 1
4 4 2 1 2 0 1 33 42 0 0 1 1 0 1 1 2
4 3 2 1 2 0 0 69 79 0 1 2 1 0 1 2 2
4 2 2 1 2 0 1 28 70 0 1 1 2 0 1 2 1
4 4 2 1 2 0 1 38 41 0 1 1 2 0 1 1 1
4 56 2 2 1 0 1 16 39 0 1 1 2 0 0 1 1
4 78 2 2 1 0 0 76 75 0 1 2 2 0 1 2 1
4 1 2 1 2 1 0 10 60 0 0 1 1 -1 1 2 2
4 1 2 1 2 1 0 11 61 0 1 1 1 -1 1 2 2
4 67 2 2 1 1 0 12 62 0 1 1 1 -1 1 2 2
4 2 2 1 2 1 0 24 64 0 1 1 2 -1 1 2 1
4 3 2 1 2 0 0 71 65 0 1 2 2 -1 1 2 1
4 58 2 2 1 1 0 25 66 0 1 1 2 -1 1 2 1
4 4 2 1 2 0 2 29 16 0 0 1 1 0 1 1 2
4 3 2 1 2 0 0 78 72 0 1 2 1 0 1 2 2
4 2 2 1 2 0 1 32 80 0 1 1 2 0 1 2 1
4 4 2 1 2 0 1 43 35 0 1 1 2 0 1 1 1
4 56 2 2 1 0 1 27 37 0 1 1 2 0 0 1 1
4 78 2 2 1 0 0 73 74 0 1 2 2 0 1 2 1
4 0 0 -1 0 -1 -1 -1 -1 -1 -1 -1 -1 -1 -1 -1 -1
4 0 0 -1 0 -1 -1 -1 -1 -1 -1 -1 -1 -1 -1 -1 -1
4 0 0 -1 0 -1 -1 -1 -1 -1 -1 -1 -1 -1 -1 -1 -1
4 0 0 -1 0 -1 -1 -1 -1 -1 -1 -1 -1 -1 -1 -1 -1
4 0 0 -1 0 -1 -1 -1 -1 -1 -1 -1 -1 -1 -1 -1 -1
4 0 0 -1 0 -1 -1 -1 -1 -1 -1 -1 -1 -1 -1 -1 -1
4 0 0 -1 0 -1 -1 -1 -1 -1 -1 -1 -1 -1 -1 -1 -1
4 0 0 -1 0 -1 -1 -1 -1 -1 -1 -1 -1 -1 -1 -1 -1
4 0 0 -1 0 -1 -1 -1 -1 -1 -1 -1 -1 -1 -1 -1 -1
4 0 0 -1 0 -1 -1 -1 -1 -1 -1 -1 -1 -1 -1 -1 -1
4 0 0 -1 0 -1 -1 -1 -1 -1 -1 -1 -1 -1 -1 -1 -1
4 0 0 -1 0 -1 -1 -1 -1 -1 -1 -1 -1 -1 -1 -1 -1
4 0 0 -1 0 -1 -1 -1 -1 -1 -1 -1 -1 -1 -1 -1 -1
4 0 0 -1 0 -1 -1 -1 -1 -1 -1 -1 -1 -1 -1 -1 -1
4 0 0 -1 0 -1 -1 -1 -1 -1 -1 -1 -1 -1 -1 -1 -1
4 0 0 -1 0 -1 -1 -1 -1 -1 -1 -1 -1 -1 -1 -1 -1
4 0 0 -1 0 -1 -1 -1 -1 -1 -1 -1 -1 -1 -1 -1 -1
4 0 0 -1 0 -1 -1 -1 -1 -1 -1 -1 -1 -1 -1 -1 -1
4 0 0 -1 0 -1 -1 -1 -1 -1 -1 -1 -1 -1 -1 -1 -1
4 0 0 -1 0 -1 -1 -1 -1 -1 -1 -1 -1 -1 -1 -1 -1
4 0 0 -1 0 -1 -1 -1 -1 -1 -1 -1 -1 -1 -1 -1 -1
4 0 0 -1 0 -1 -1 -1 -1 -1 -1 -1 -1 -1 -1 -1 -1
4 0 0 -1 0 -1 -1 -1 -1 -1 -1 -1 -1 -1 -1 -1 -1
4 0 0 -1 0 -1 -1 -1 -1 -1 -1 -1 -1 -1 -1 -1 -1
5 1 1 1 2 1 2 1 45 0 0 1 1 1 1 2 2
5 1 1 1 2 1 0 2 46 0 1 1 1 1 1 2 2
5 67 1 2 1 1 0 3 47 0 1 1 1 1 1 2 2
5 2 1 1 2 1 0 18 56 0 1 1 2 1 1 2 1
5 3 1 1 2 0 0 71 51 0 1 2 2 1 1 2 1
5 58 1 2 1 1 0 19 52 0 1 1 2 1 1 2 1
5 4 1 1 2 0 1 33 29 0 0 1 1 0 1 1 2
5 3 1 1 2 0 0 72 73 0 1 2 1 0 1 2 2
5 2 1 1 2 0 1 37 75 0 1 1 2 0 1 2 1
5 4 1 1 2 0 1 32 40 0 1 1 2 0 1 1 1
5 56 1 2 1 0 1 17 39 0 1 1 2 0 0 1 1
5 78 1 2 1 0 0 77 70 0 1 2 2 0 1 2 1
5 1 1 1 2 1 0 4 57 0 0 1 1 -1 1 2 2
5 1 1 1 2 1 0 5 58 0 1 1 1 -1 1 2 2
5 67 1 2 1 1 0 6 59 0 1 1 1 -1 1 2 2
5 2 1 1 2 1 0 20 68 0 1 1 2 -1 1 2 1
5 3 1 1 2 0 0 79 63 0 1 2 2 -1 1 2 1
5 58 1 2 1 1 0 21 64 0 1 1 2 -1 1 2 1
5 4 1 1 2 0 1 42 31 0 0 1 1 0 1 1 2
5 3 1 1 2 0 0 78 76 0 1 2 1 0 1 2 2
5 2 1 1 2 0 1 30 69 0 1 1 2 0 1 2 1
5 4 1 1 2 0 2 17 26 0 1 1 2 0 1 1 1
5 56 1 2 1 0 1 36 34 0 1 1 2 0 0 1 1
5 78 1 2 1 0 0 74 80 0 1 2 2 0 1 2 1
5 1 2 1 2 1 0 7 48 0 0 1 1 1 1 2 2
5 1 2 1 2 1 0 8 49 0 1 1 1 1 1 2 2
5 67 2 2 1 1 0 9 50 0 1 1 1 1 1 2 2
5 2 2 1 2 1 0 22 53 0 1 1 2 1 1 2 1
5 3 2 1 2 0 0 69 54 0 1 2 2 1 1 2 1
5 58 2 2 1 1 0 23 55 0 1 1 2 1 1 2 1
5 4 2 1 2 0 1 30 35 0 0 1 1 0 1 1 2
5 3 2 1 2 0 0 74 80 0 1 2 1 0 1 2 2
5 2 2 1 2 0 1 29 71 0 1 1 2 0 1 2 1
5 4 2 1 2 0 2 17 33 0 1 1 2 0 1 1 1
5 56 2 2 1 0 1 37 31 0 1 1 2 0 0 1 1
5 78 2 2 1 0 0 78 77 0 1 2 2 0 1 2 1
5 1 2 1 2 1 2 10 60 0 0 1 1 -1 1 2 2
5 1 2 1 2 1 0 11 61 0 1 1 1 -1 1 2 2
5 67 2 2 1 1 0 12 62 0 1 1 1 -1 1 2 2
5 2 2 1 2 1 0 24 65 0 1 1 2 -1 1 2 1
5 3 2 1 2 0 0 76 66 0 1 2 2 -1 1 2 1
5 58 2 2 1 1 0 25 67 0 1 1 2 -1 1 2 1
5 4 2 1 2 0 1 40 39 0 0 1 1 0 1 1 2
5 3 2 1 2 0 0 75 79 0 1 2 1 0 1 2 2
5 2 2 1 2 0 1 27 73 0 1 1 2 0 1 2 1
5 4 2 1 2 0 1 41 26 0 1 1 2 0 1 1 1
5 56 2 2 1 0 1 17 32 0 1 1 2 0 0 1 1
5 78 2 2 1 0 0 72 70 0 1 2 2 0 1 2 1
5 0 0 -1 0 -1 -1 -1 -1 -1 -1 -1 -1 -1 -1 -1 -1
5 0 0 -1 0 -1 -1 -1 -1 -1 -1 -1 -1 -1 -1 -1 -1
5 0 0 -1 0 -1 -1 -1 -1 -1 -1 -1 -1 -1 -1 -1 -1
5 0 0 -1 0 -1 -1 -1 -1 -1 -1 -1 -1 -1 -1 -1 -1
5 0 0 -1 0 -1 -1 -1 -1 -1 -1 -1 -1 -1 -1 -1 -1
5 0 0 -1 0 -1 -1 -1 -1 -1 -1 -1 -1 -1 -1 -1 -1
5 0 0 -1 0 -1 -1 -1 -1 -1 -1 -1 -1 -1 -1 -1 -1
5 0 0 -1 0 -1 -1 -1 -1 -1 -1 -1 -1 -1 -1 -1 -1
5 0 0 -1 0 -1 -1 -1 -1 -1 -1 -1 -1 -1 -1 -1 -1
5 0 0 -1 0 -1 -1 -1 -1 -1 -1 -1 -1 -1 -1 -1 -1
5 0 0 -1 0 -1 -1 -1 -1 -1 -1 -1 -1 -1 -1 -1 -1
5 0 0 -1 0 -1 -1 -1 -1 -1 -1 -1 -1 -1 -1 -1 -1
5 0 0 -1 0 -1 -1 -1 -1 -1 -1 -1 -1 -1 -1 -1 -1
5 0 0 -1 0 -1 -1 -1 -1 -1 -1 -1 -1 -1 -1 -1 -1
5 0 0 -1 0 -1 -1 -1 -1 -1 -1 -1 -1 -1 -1 -1 -1
5 0 0 -1 0 -1 -1 -1 -1 -1 -1 -1 -1 -1 -1 -1 -1
5 0 0 -1 0 -1 -1 -1 -1 -1 -1 -1 -1 -1 -1 -1 -1
5 0 0 -1 0 -1 -1 -1 -1 -1 -1 -1 -1 -1 -1 -1 -1
5 0 0 -1 0 -1 -1 -1 -1 -1 -1 -1 -1 -1 -1 -1 -1
5 0 0 -1 0 -1 -1 -1 -1 -1 -1 -1 -1 -1 -1 -1 -1
5 0 0 -1 0 -1 -1 -1 -1 -1 -1 -1 -1 -1 -1 -1 -1
5 0 0 -1 0 -1 -1 -1 -1 -1 -1 -1 -1 -1 -1 -1 -1
5 0 0 -1 0 -1 -1 -1 -1 -1 -1 -1 -1 -1 -1 -1 -1
5 0 0 -1 0 -1 -1 -1 -1 -1 -1 -1 -1 -1 -1 -1 -1
