blocknr trialtyp set simseq einzelpaar kritisch vigiltarget s1 s2 s1valent s1dauer s1bildtyp s1position s2valent s2dauer s2bildtyp s2position
1 1 1 1 2 1 0 1 45 0 0 1 1 1 1 2 2
1 1 1 1 2 1 0 2 46 0 1 1 1 1 1 2 2
1 67 1 2 1 1 0 3 47 0 1 1 1 1 1 2 2
1 2 1 1 2 1 0 18 52 0 1 1 2 1 1 2 1
1 3 1 1 2 0 0 78 53 0 1 2 2 1 1 2 1
1 58 1 2 1 1 0 19 54 0 1 1 2 1 1 2 1
1 4 1 1 2 0 1 43 35 0 0 1 1 0 1 1 2
1 3 1 1 2 0 0 76 69 0 1 2 1 0 1 2 2
1 2 1 1 2 0 1 34 74 0 1 1 2 0 1 2 1
1 4 1 1 2 0 2 30 13 0 1 1 2 0 1 1 1
1 56 1 2 1 0 1 42 27 0 1 1 2 0 0 1 1
1 78 1 2 1 0 0 77 73 0 1 2 2 0 1 2 1
1 1 1 1 2 1 0 4 57 0 0 1 1 -1 1 2 2
1 1 1 1 2 1 0 5 58 0 1 1 1 -1 1 2 2
1 67 1 2 1 1 0 6 59 0 1 1 1 -1 1 2 2
1 2 1 1 2 1 0 20 64 0 1 1 2 -1 1 2 1
1 3 1 1 2 0 0 80 65 0 1 2 2 -1 1 2 1
1 58 1 2 1 1 0 21 66 0 1 1 2 -1 1 2 1
1 4 1 1 2 0 1 26 31 0 0 1 1 0 1 1 2
1 3 1 1 2 0 0 72 79 0 1 2 1 0 1 2 2
1 2 1 1 2 0 1 36 70 0 1 1 2 0 1 2 1
1 4 1 1 2 0 2 13 29 0 1 1 2 0 1 1 1
1 56 1 2 1 0 1 38 32 0 1 1 2 0 0 1 1
1 78 1 2 1 0 0 71 75 0 1 2 2 0 1 2 1
1 1 2 1 2 1 0 7 48 0 0 1 1 1 1 2 2
1 1 2 1 2 1 0 8 49 0 1 1 1 1 1 2 2
1 67 2 2 1 1 0 9 50 0 1 1 1 1 1 2 2
1 2 2 1 2 1 0 22 55 0 1 1 2 1 1 2 1
1 3 2 1 2 0 0 71 56 0 1 2 2 1 1 2 1
1 58 2 2 1 1 0 23 51 0 1 1 2 1 1 2 1
1 4 2 1 2 0 1 37 41 0 0 1 1 0 1 1 2
1 3 2 1 2 0 0 72 80 0 1 2 1 0 1 2 2
1 2 2 1 2 0 1 39 79 0 1 1 2 0 1 2 1
1 4 2 1 2 0 2 13 38 0 1 1 2 0 1 1 1
1 56 2 2 1 0 1 34 36 0 1 1 2 0 0 1 1
1 78 2 2 1 0 0 78 69 0 1 2 2 0 1 2 1
1 1 2 1 2 1 2 10 60 0 0 1 1 -1 1 2 2
1 1 2 1 2 1 0 11 61 0 1 1 1 -1 1 2 2
1 67 2 2 1 1 0 12 62 0 1 1 1 -1 1 2 2
1 2 2 1 2 1 0 24 67 0 1 1 2 -1 1 2 1
1 3 2 1 2 0 0 77 68 0 1 2 2 -1 1 2 1
1 58 2 2 1 1 0 25 63 0 1 1 2 -1 1 2 1
1 4 2 1 2 0 1 29 31 0 0 1 1 0 1 1 2
1 3 2 1 2 0 0 74 73 0 1 2 1 0 1 2 2
1 2 2 1 2 0 1 42 76 0 1 1 2 0 1 2 1
1 4 2 1 2 0 1 32 30 0 1 1 2 0 1 1 1
1 56 2 2 1 0 1 13 40 0 1 1 2 0 0 1 1
1 78 2 2 1 0 0 75 70 0 1 2 2 0 1 2 1
1 0 0 -1 0 -1 -1 -1 -1 -1 -1 -1 -1 -1 -1 -1 -1
1 0 0 -1 0 -1 -1 -1 -1 -1 -1 -1 -1 -1 -1 -1 -1
1 0 0 -1 0 -1 -1 -1 -1 -1 -1 -1 -1 -1 -1 -1 -1
1 0 0 -1 0 -1 -1 -1 -1 -1 -1 -1 -1 -1 -1 -1 -1
1 0 0 -1 0 -1 -1 -1 -1 -1 -1 -1 -1 -1 -1 -1 -1
1 0 0 -1 0 -1 -1 -1 -1 -1 -1 -1 -1 -1 -1 -1 -1
1 0 0 -1 0 -1 -1 -1 -1 -1 -1 -1 -1 -1 -1 -1 -1
1 0 0 -1 0 -1 -1 -1 -1 -1 -1 -1 -1 -1 -1 -1 -1
1 0 0 -1 0 -1 -1 -1 -1 -1 -1 -1 -1 -1 -1 -1 -1
1 0 0 -1 0 -1 -1 -1 -1 -1 -1 -1 -1 -1 -1 -1 -1
1 0 0 -1 0 -1 -1 -1 -1 -1 -1 -1 -1 -1 -1 -1 -1
1 0 0 -1 0 -1 -1 -1 -1 -1 -1 -1 -1 -1 -1 -1 -1
1 0 0 -1 0 -1 -1 -1 -1 -1 -1 -1 -1 -1 -1 -1 -1
1 0 0 -1 0 -1 -1 -1 -1 -1 -1 -1 -1 -1 -1 -1 -1
1 0 0 -1 0 -1 -1 -1 -1 -1 -1 -1 -1 -1 -1 -1 -1
1 0 0 -1 0 -1 -1 -1 -1 -1 -1 -1 -1 -1 -1 -1 -1
1 0 0 -1 0 -1 -1 -1 -1 -1 -1 -1 -1 -1 -1 -1 -1
1 0 0 -1 0 -1 -1 -1 -1 -1 -1 -1 -1 -1 -1 -1 -1
1 0 0 -1 0 -1 -1 -1 -1 -1 -1 -1 -1 -1 -1 -1 -1
1 0 0 -1 0 -1 -1 -1 -1 -1 -1 -1 -1 -1 -1 -1 -1
1 0 0 -1 0 -1 -1 -1 -1 -1 -1 -1 -1 -1 -1 -1 -1
1 0 0 -1 0 -1 -1 -1 -1 -1 -1 -1 -1 -1 -1 -1 -1
1 0 0 -1 0 -1 -1 -1 -1 -1 -1 -1 -1 -1 -1 -1 -1
1 0 0 -1 0 -1 -1 -1 -1 -1 -1 -1 -1 -1 -1 -1 -1
2 1 1 1 2 1 0 1 45 0 0 1 1 1 1 2 2
2 1 1 1 2 1 0 2 46 0 1 1 1 1 1 2 2
2 67 1 2 1 1 0 3 47 0 1 1 1 1 1 2 2
2 2 1 1 2 1 0 18 53 0 1 1 2 1 1 2 1
2 3 1 1 2 0 0 77 54 0 1 2 2 1 1 2 1
2 58 1 2 1 1 0 19 55 0 1 1 2 1 1 2 1
2 4 1 1 2 0 1 32 26 0 0 1 1 0 1 1 2
2 3 1 1 2 0 0 80 71 0 1 2 1 0 1 2 2
2 2 1 1 2 0 1 30 70 0 1 1 2 0 1 2 1
2 4 1 1 2 0 2 28 14 0 1 1 2 0 1 1 1
2 56 1 2 1 0 1 41 35 0 1 1 2 0 0 1 1
2 78 1 2 1 0 0 75 73 0 1 2 2 0 1 2 1
2 1 1 1 2 1 0 4 57 0 0 1 1 -1 1 2 2
2 1 1 1 2 1 0 5 58 0 1 1 1 -1 1 2 2
2 67 1 2 1 1 0 6 59 0 1 1 1 -1 1 2 2
2 2 1 1 2 1 0 20 65 0 1 1 2 -1 1 2 1
2 3 1 1 2 0 0 76 66 0 1 2 2 -1 1 2 1
2 58 1 2 1 1 0 21 67 0 1 1 2 -1 1 2 1
2 4 1 1 2 0 1 38 43 0 0 1 1 0 1 1 2
2 3 1 1 2 0 0 69 78 0 1 2 1 0 1 2 2
2 2 1 1 2 0 1 40 74 0 1 1 2 0 1 2 1
2 4 1 1 2 0 2 14 34 0 1 1 2 0 1 1 1
2 56 1 2 1 0 1 36 33 0 1 1 2 0 0 1 1
2 78 1 2 1 0 0 79 72 0 1 2 2 0 1 2 1
2 1 2 1 2 1 0 7 48 0 0 1 1 1 1 2 2
2 1 2 1 2 1 0 8 49 0 1 1 1 1 1 2 2
2 67 2 2 1 1 0 9 50 0 1 1 1 1 1 2 2
2 2 2 1 2 1 0 22 56 0 1 1 2 1 1 2 1
2 3 2 1 2 0 0 71 51 0 1 2 2 1 1 2 1
2 58 2 2 1 1 0 23 52 0 1 1 2 1 1 2 1
2 4 2 1 2 0 1 28 35 0 0 1 1 0 1 1 2
2 3 2 1 2 0 0 74 80 0 1 2 1 0 1 2 2
2 2 2 1 2 0 1 34 77 0 1 1 2 0 1 2 1
2 4 2 1 2 0 2 14 31 0 1 1 2 0 1 1 1
2 56 2 2 1 0 1 41 30 0 1 1 2 0 0 1 1
2 78 2 2 1 0 0 78 79 0 1 2 2 0 1 2 1
2 1 2 1 2 1 0 10 60 0 0 1 1 -1 1 2 2
2 1 2 1 2 1 0 11 61 0 1 1 1 -1 1 2 2
2 67 2 2 1 1 0 12 62 0 1 1 1 -1 1 2 2
2 2 2 1 2 1 0 24 68 0 1 1 2 -1 1 2 1
2 3 2 1 2 0 0 73 63 0 1 2 2 -1 1 2 1
2 58 2 2 1 1 0 25 64 0 1 1 2 -1 1 2 1
2 4 2 1 2 0 2 27 14 0 0 1 1 0 1 1 2
2 3 2 1 2 0 0 69 76 0 1 2 1 0 1 2 2
2 2 2 1 2 0 1 32 75 0 1 1 2 0 1 2 1
2 4 2 1 2 0 1 40 33 0 1 1 2 0 1 1 1
2 56 2 2 1 0 1 26 38 0 1 1 2 0 0 1 1
2 78 2 2 1 0 0 72 70 0 1 2 2 0 1 2 1
2 0 0 -1 0 -1 -1 -1 -1 -1 -1 -1 -1 -1 -1 -1 -1
2 0 0 -1 0 -1 -1 -1 -1 -1 -1 -1 -1 -1 -1 -1 -1
2 0 0 -1 0 -1 -1 -1 -1 -1 -1 -1 -1 -1 -1 -1 -1
2 0 0 -1 0 -1 -1 -1 -1 -1 -1 -1 -1 -1 -1 -1 -1
2 0 0 -1 0 -1 -1 -1 -1 -1 -1 -1 -1 -1 -1 -1 -1
2 0 0 -1 0 -1 -1 -1 -1 -1 -1 -1 -1 -1 -1 -1 -1
2 0 0 -1 0 -1 -1 -1 -1 -1 -1 -1 -1 -1 -1 -1 -1
2 0 0 -1 0 -1 -1 -1 -1 -1 -1 -1 -1 -1 -1 -1 -1
2 0 0 -1 0 -1 -1 -1 -1 -1 -1 -1 -1 -1 -1 -1 -1
2 0 0 -1 0 -1 -1 -1 -1 -1 -1 -1 -1 -1 -1 -1 -1
2 0 0 -1 0 -1 -1 -1 -1 -1 -1 -1 -1 -1 -1 -1 -1
2 0 0 -1 0 -1 -1 -1 -1 -1 -1 -1 -1 -1 -1 -1 -1
2 0 0 -1 0 -1 -1 -1 -1 -1 -1 -1 -1 -1 -1 -1 -1
2 0 0 -1 0 -1 -1 -1 -1 -1 -1 -1 -1 -1 -1 -1 -1
2 0 0 -1 0 -1 -1 -1 -1 -1 -1 -1 -1 -1 -1 -1 -1
2 0 0 -1 0 -1 -1 -1 -1 -1 -1 -1 -1 -1 -1 -1 -1
2 0 0 -1 0 -1 -1 -1 -1 -1 -1 -1 -1 -1 -1 -1 -1
2 0 0 -1 0 -1 -1 -1 -1 -1 -1 -1 -1 -1 -1 -1 -1
2 0 0 -1 0 -1 -1 -1 -1 -1 -1 -1 -1 -1 -1 -1 -1
2 0 0 -1 0 -1 -1 -1 -1 -1 -1 -1 -1 -1 -1 -1 -1
2 0 0 -1 0 -1 -1 -1 -1 -1 -1 -1 -1 -1 -1 -1 -1
2 0 0 -1 0 -1 -1 -1 -1 -1 -1 -1 -1 -1 -1 -1 -1
2 0 0 -1 0 -1 -1 -1 -1 -1 -1 -1 -1 -1 -1 -1 -1
2 0 0 -1 0 -1 -1 -1 -1 -1 -1 -1 -1 -1 -1 -1 -1
3 1 1 1 2 1 0 1 45 0 0 1 1 1 1 2 2
3 1 1 1 2 1 0 2 46 0 1 1 1 1 1 2 2
3 67 1 2 1 1 0 3 47 0 1 1 1 1 1 2 2
3 2 1 1 2 1 0 18 54 0 1 1 2 1 1 2 1
3 3 1 1 2 0 0 71 55 0 1 2 2 1 1 2 1
3 58 1 2 1 1 0 19 56 0 1 1 2 1 1 2 1
3 4 1 1 2 0 1 42 32 0 0 1 1 0 1 1 2
3 3 1 1 2 0 0 73 78 0 1 2 1 0 1 2 2
3 2 1 1 2 0 2 15 70 0 1 1 2 0 1 2 1
3 4 1 1 2 0 1 28 38 0 1 1 2 0 1 1 1
3 56 1 2 1 0 1 37 41 0 1 1 2 0 0 1 1
3 78 1 2 1 0 0 69 79 0 1 2 2 0 1 2 1
3 1 1 1 2 1 0 4 57 0 0 1 1 -1 1 2 2
3 1 1 1 2 1 0 5 58 0 1 1 1 -1 1 2 2
3 67 1 2 1 1 0 6 59 0 1 1 1 -1 1 2 2
3 2 1 1 2 1 0 20 66 0 1 1 2 -1 1 2 1
3 3 1 1 2 0 0 77 67 0 1 2 2 -1 1 2 1
3 58 1 2 1 1 0 21 68 0 1 1 2 -1 1 2 1
3 4 1 1 2 0 1 26 40 0 0 1 1 0 1 1 2
3 3 1 1 2 0 0 80 72 0 1 2 1 0 1 2 2
3 2 1 1 2 0 2 15 74 0 1 1 2 0 1 2 1
3 4 1 1 2 0 1 27 30 0 1 1 2 0 1 1 1
3 56 1 2 1 0 1 29 35 0 1 1 2 0 0 1 1
3 78 1 2 1 0 0 75 76 0 1 2 2 0 1 2 1
3 1 2 1 2 1 2 7 48 0 0 1 1 1 1 2 2
3 1 2 1 2 1 0 8 49 0 1 1 1 1 1 2 2
3 67 2 2 1 1 0 9 50 0 1 1 1 1 1 2 2
3 2 2 1 2 1 0 22 51 0 1 1 2 1 1 2 1
3 3 2 1 2 0 0 71 52 0 1 2 2 1 1 2 1
3 58 2 2 1 1 0 23 53 0 1 1 2 1 1 2 1
3 4 2 1 2 0 1 31 32 0 0 1 1 0 1 1 2
3 3 2 1 2 0 0 74 69 0 1 2 1 0 1 2 2
3 2 2 1 2 0 1 43 72 0 1 1 2 0 1 2 1
3 4 2 1 2 0 1 27 41 0 1 1 2 0 1 1 1
3 56 2 2 1 0 1 15 26 0 1 1 2 0 0 1 1
3 78 2 2 1 0 0 76 78 0 1 2 2 0 1 2 1
3 1 2 1 2 1 0 10 60 0 0 1 1 -1 1 2 2
3 1 2 1 2 1 0 11 61 0 1 1 1 -1 1 2 2
3 67 2 2 1 1 0 12 62 0 1 1 1 -1 1 2 2
3 2 2 1 2 1 0 24 63 0 1 1 2 -1 1 2 1
3 3 2 1 2 0 0 70 64 0 1 2 2 -1 1 2 1
3 58 2 2 1 1 0 25 65 0 1 1 2 -1 1 2 1
3 4 2 1 2 0 1 35 34 0 0 1 1 0 1 1 2
3 3 2 1 2 0 0 80 77 0 1 2 1 0 1 2 2
3 2 2 1 2 0 1 33 73 0 1 1 2 0 1 2 1
3 4 2 1 2 0 2 15 30 0 1 1 2 0 1 1 1
3 56 2 2 1 0 1 37 39 0 1 1 2 0 0 1 1
3 78 2 2 1 0 0 79 75 0 1 2 2 0 1 2 1
3 0 0 -1 0 -1 -1 -1 -1 -1 -1 -1 -1 -1 -1 -1 -1
3 0 0 -1 0 -1 -1 -1 -1 -1 -1 -1 -1 -1 -1 -1 -1
3 0 0 -1 0 -1 -1 -1 -1 -1 -1 -1 -1 -1 -1 -1 -1
3 0 0 -1 0 -1 -1 -1 -1 -1 -1 -1 -1 -1 -1 -1 -1
3 0 0 -1 0 -1 -1 -1 -1 -1 -1 -1 -1 -1 -1 -1 -1
3 0 0 -1 0 -1 -1 -1 -1 -1 -1 -1 -1 -1 -1 -1 -1
3 0 0 -1 0 -1 -1 -1 -1 -1 -1 -1 -1 -1 -1 -1 -1
3 0 0 -1 0 -1 -1 -1 -1 -1 -1 -1 -1 -1 -1 -1 -1
3 0 0 -1 0 -1 -1 -1 -1 -1 -1 -1 -1 -1 -1 -1 -1
3 0 0 -1 0 -1 -1 -1 -1 -1 -1 -1 -1 -1 -1 -1 -1
3 0 0 -1 0 -1 -1 -1 -1 -1 -1 -1 -1 -1 -1 -1 -1
3 0 0 -1 0 -1 -1 -1 -1 -1 -1 -1 -1 -1 -1 -1 -1
3 0 0 -1 0 -1 -1 -1 -1 -1 -1 -1 -1 -1 -1 -1 -1
3 0 0 -1 0 -1 -1 -1 -1 -1 -1 -1 -1 -1 -1 -1 -1
3 0 0 -1 0 -1 -1 -1 -1 -1 -1 -1 -1 -1 -1 -1 -1
3 0 0 -1 0 -1 -1 -1 -1 -1 -1 -1 -1 -1 -1 -1 -1
3 0 0 -1 0 -1 -1 -1 -1 -1 -1 -1 -1 -1 -1 -1 -1
3 0 0 -1 0 -1 -1 -1 -1 -1 -1 -1 -1 -1 -1 -1 -1
3 0 0 -1 0 -1 -1 -1 -1 -1 -1 -1 -1 -1 -1 -1 -1
3 0 0 -1 0 -1 -1 -1 -1 -1 -1 -1 -1 -1 -1 -1 -1
3 0 0 -1 0 -1 -1 -1 -1 -1 -1 -1 -1 -1 -1 -1 -1
3 0 0 -1 0 -1 -1 -1 -1 -1 -1 -1 -1 -1 -1 -1 -1
3 0 0 -1 0 -1 -1 -1 -1 -1 -1 -1 -1 -1 -1 -1 -1
3 0 0 -1 0 -1 -1 -1 -1 -1 -1 -1 -1 -1 -1 -1 -1
4 1 1 1 2 1 0 1 45 0 0 1 1 1 1 2 2
4 1 1 1 2 1 0 2 46 0 1 1 1 1 1 2 2
4 67 1 2 1 1 0 3 47 0 1 1 1 1 1 2 2
4 2 1 1 2 1 0 18 55 0 1 1 2 1 1 2 1
4 3 1 1 2 0 0 76 56 0 1 2 2 1 1 2 1
4 58 1 2 1 1 0 19 51 0 1 1 2 1 1 2 1
4 4 1 1 2 0 1 30 29 0 0 1 1 0 1 1 2
4 3 1 1 2 0 0 80 77 0 1 2 1 0 1 2 2
4 2 1 1 2 0 1 28 72 0 1 1 2 0 1 2 1
4 4 1 1 2 0 2 42 16 0 1 1 2 0 1 1 1
4 56 1 2 1 0 1 35 41 0 1 1 2 0 0 1 1
4 78 1 2 1 0 0 73 70 0 1 2 2 0 1 2 1
4 1 1 1 2 1 2 4 57 0 0 1 1 -1 1 2 2
4 1 1 1 2 1 0 5 58 0 1 1 1 -1 1 2 2
4 67 1 2 1 1 0 6 59 0 1 1 1 -1 1 2 2
4 2 1 1 2 1 0 20 67 0 1 1 2 -1 1 2 1
4 3 1 1 2 0 0 71 68 0 1 2 2 -1 1 2 1
4 58 1 2 1 1 0 21 63 0 1 1 2 -1 1 2 1
4 4 1 1 2 0 1 31 43 0 0 1 1 0 1 1 2
4 3 1 1 2 0 0 75 78 0 1 2 1 0 1 2 2
4 2 1 1 2 0 1 36 69 0 1 1 2 0 1 2 1
4 4 1 1 2 0 1 27 32 0 1 1 2 0 1 1 1
4 56 1 2 1 0 1 16 33 0 1 1 2 0 0 1 1
4 78 1 2 1 0 0 79 74 0 1 2 2 0 1 2 1
4 1 2 1 2 1 2 7 48 0 0 1 1 1 1 2 2
4 1 2 1 2 1 0 8 49 0 1 1 1 1 1 2 2
4 67 2 2 1 1 0 9 50 0 1 1 1 1 1 2 2
4 2 2 1 2 1 0 22 52 0 1 1 2 1 1 2 1
4 3 2 1 2 0 0 78 53 0 1 2 2 1 1 2 1
4 58 2 2 1 1 0 23 54 0 1 1 2 1 1 2 1
4 4 2 1 2 0 1 42 32 0 0 1 1 0 1 1 2
4 3 2 1 2 0 0 71 76 0 1 2 1 0 1 2 2
4 2 2 1 2 0 1 34 80 0 1 1 2 0 1 2 1
4 4 2 1 2 0 1 43 40 0 1 1 2 0 1 1 1
4 56 2 2 1 0 1 16 33 0 1 1 2 0 0 1 1
4 78 2 2 1 0 0 73 77 0 1 2 2 0 1 2 1
4 1 2 1 2 1 0 10 60 0 0 1 1 -1 1 2 2
4 1 2 1 2 1 0 11 61 0 1 1 1 -1 1 2 2
4 67 2 2 1 1 0 12 62 0 1 1 1 -1 1 2 2
4 2 2 1 2 1 0 24 64 0 1 1 2 -1 1 2 1
4 3 2 1 2 0 0 74 65 0 1 2 2 -1 1 2 1
4 58 2 2 1 1 0 25 66 0 1 1 2 -1 1 2 1
4 4 2 1 2 0 1 26 38 0 0 1 1 0 1 1 2
4 3 2 1 2 0 0 69 72 0 1 2 1 0 1 2 2
4 2 2 1 2 0 2 16 79 0 1 1 2 0 1 2 1
4 4 2 1 2 0 1 28 27 0 1 1 2 0 1 1 1
4 56 2 2 1 0 1 41 35 0 1 1 2 0 0 1 1
4 78 2 2 1 0 0 75 70 0 1 2 2 0 1 2 1
4 0 0 -1 0 -1 -1 -1 -1 -1 -1 -1 -1 -1 -1 -1 -1
4 0 0 -1 0 -1 -1 -1 -1 -1 -1 -1 -1 -1 -1 -1 -1
4 0 0 -1 0 -1 -1 -1 -1 -1 -1 -1 -1 -1 -1 -1 -1
4 0 0 -1 0 -1 -1 -1 -1 -1 -1 -1 -1 -1 -1 -1 -1
4 0 0 -1 0 -1 -1 -1 -1 -1 -1 -1 -1 -1 -1 -1 -1
4 0 0 -1 0 -1 -1 -1 -1 -1 -1 -1 -1 -1 -1 -1 -1
4 0 0 -1 0 -1 -1 -1 -1 -1 -1 -1 -1 -1 -1 -1 -1
4 0 0 -1 0 -1 -1 -1 -1 -1 -1 -1 -1 -1 -1 -1 -1
4 0 0 -1 0 -1 -1 -1 -1 -1 -1 -1 -1 -1 -1 -1 -1
4 0 0 -1 0 -1 -1 -1 -1 -1 -1 -1 -1 -1 -1 -1 -1
4 0 0 -1 0 -1 -1 -1 -1 -1 -1 -1 -1 -1 -1 -1 -1
4 0 0 -1 0 -1 -1 -1 -1 -1 -1 -1 -1 -1 -1 -1 -1
4 0 0 -1 0 -1 -1 -1 -1 -1 -1 -1 -1 -1 -1 -1 -1
4 0 0 -1 0 -1 -1 -1 -1 -1 -1 -1 -1 -1 -1 -1 -1
4 0 0 -1 0 -1 -1 -1 -1 -1 -1 -1 -1 -1 -1 -1 -1
4 0 0 -1 0 -1 -1 -1 -1 -1 -1 -1 -1 -1 -1 -1 -1
4 0 0 -1 0 -1 -1 -1 -1 -1 -1 -1 -1 -1 -1 -1 -1
4 0 0 -1 0 -1 -1 -1 -1 -1 -1 -1 -1 -1 -1 -1 -1
4 0 0 -1 0 -1 -1 -1 -1 -1 -1 -1 -1 -1 -1 -1 -1
4 0 0 -1 0 -1 -1 -1 -1 -1 -1 -1 -1 -1 -1 -1 -1
4 0 0 -1 0 -1 -1 -1 -1 -1 -1 -1 -1 -1 -1 -1 -1
4 0 0 -1 0 -1 -1 -1 -1 -1 -1 -1 -1 -1 -1 -1 -1
4 0 0 -1 0 -1 -1 -1 -1 -1 -1 -1 -1 -1 -1 -1 -1
4 0 0 -1 0 -1 -1 -1 -1 -1 -1 -1 -1 -1 -1 -1 -1
5 1 1 1 2 1 0 1 45 0 0 1 1 1 1 2 2
5 1 1 1 2 1 0 2 46 0 1 1 1 1 1 2 2
5 67 1 2 1 1 0 3 47 0 1 1 1 1 1 2 2
5 2 1 1 2 1 0 18 56 0 1 1 2 1 1 2 1
5 3 1 1 2 0 0 75 51 0 1 2 2 1 1 2 1
5 58 1 2 1 1 0 19 52 0 1 1 2 1 1 2 1
5 4 1 1 2 0 1 42 31 0 0 1 1 0 1 1 2
5 3 1 1 2 0 0 70 72 0 1 2 1 0 1 2 2
5 2 1 1 2 0 1 36 74 0 1 1 2 0 1 2 1
5 4 1 1 2 0 2 17 28 0 1 1 2 0 1 1 1
5 56 1 2 1 0 1 27 32 0 1 1 2 0 0 1 1
5 78 1 2 1 0 0 80 69 0 1 2 2 0 1 2 1
5 1 1 1 2 1 0 4 57 0 0 1 1 -1 1 2 2
5 1 1 1 2 1 0 5 58 0 1 1 1 -1 1 2 2
5 67 1 2 1 1 0 6 59 0 1 1 1 -1 1 2 2
5 2 1 1 2 1 0 20 68 0 1 1 2 -1 1 2 1
5 3 1 1 2 0 0 71 63 0 1 2 2 -1 1 2 1
5 58 1 2 1 1 0 21 64 0 1 1 2 -1 1 2 1
5 4 1 1 2 0 1 39 33 0 0 1 1 0 1 1 2
5 3 1 1 2 0 0 79 78 0 1 2 1 0 1 2 2
5 2 1 1 2 0 2 17 77 0 1 1 2 0 1 2 1
5 4 1 1 2 0 1 43 29 0 1 1 2 0 1 1 1
5 56 1 2 1 0 1 34 30 0 1 1 2 0 0 1 1
5 78 1 2 1 0 0 76 73 0 1 2 2 0 1 2 1
5 1 2 1 2 1 0 7 48 0 0 1 1 1 1 2 2
5 1 2 1 2 1 0 8 49 0 1 1 1 1 1 2 2
5 67 2 2 1 1 0 9 50 0 1 1 1 1 1 2 2
5 2 2 1 2 1 0 22 53 0 1 1 2 1 1 2 1
5 3 2 1 2 0 0 79 54 0 1 2 2 1 1 2 1
5 58 2 2 1 1 0 23 55 0 1 1 2 1 1 2 1
5 4 2 1 2 0 1 28 36 0 0 1 1 0 1 1 2
5 3 2 1 2 0 0 72 74 0 1 2 1 0 1 2 2
5 2 2 1 2 0 1 33 78 0 1 1 2 0 1 2 1
5 4 2 1 2 0 2 17 39 0 1 1 2 0 1 1 1
5 56 2 2 1 0 1 43 30 0 1 1 2 0 0 1 1
5 78 2 2 1 0 0 75 76 0 1 2 2 0 1 2 1
5 1 2 1 2 1 0 10 60 0 0 1 1 -1 1 2 2
5 1 2 1 2 1 0 11 61 0 1 1 1 -1 1 2 2
5 67 2 2 1 1 0 12 62 0 1 1 1 -1 1 2 2
5 2 2 1 2 1 0 24 65 0 1 1 2 -1 1 2 1
5 3 2 1 2 0 0 70 66 0 1 2 2 -1 1 2 1
5 58 2 2 1 1 0 25 67 0 1 1 2 -1 1 2 1
5 4 2 1 2 0 1 34 31 0 0 1 1 0 1 1 2
5 3 2 1 2 0 0 71 77 0 1 2 1 0 1 2 2
5 2 2 1 2 0 1 42 73 0 1 1 2 0 1 2 1
5 4 2 1 2 0 2 17 40 0 1 1 2 0 1 1 1
5 56 2 2 1 0 1 37 27 0 1 1 2 0 0 1 1
5 78 2 2 1 0 0 80 69 0 1 2 2 0 1 2 1
5 0 0 -1 0 -1 -1 -1 -1 -1 -1 -1 -1 -1 -1 -1 -1
5 0 0 -1 0 -1 -1 -1 -1 -1 -1 -1 -1 -1 -1 -1 -1
5 0 0 -1 0 -1 -1 -1 -1 -1 -1 -1 -1 -1 -1 -1 -1
5 0 0 -1 0 -1 -1 -1 -1 -1 -1 -1 -1 -1 -1 -1 -1
5 0 0 -1 0 -1 -1 -1 -1 -1 -1 -1 -1 -1 -1 -1 -1
5 0 0 -1 0 -1 -1 -1 -1 -1 -1 -1 -1 -1 -1 -1 -1
5 0 0 -1 0 -1 -1 -1 -1 -1 -1 -1 -1 -1 -1 -1 -1
5 0 0 -1 0 -1 -1 -1 -1 -1 -1 -1 -1 -1 -1 -1 -1
5 0 0 -1 0 -1 -1 -1 -1 -1 -1 -1 -1 -1 -1 -1 -1
5 0 0 -1 0 -1 -1 -1 -1 -1 -1 -1 -1 -1 -1 -1 -1
5 0 0 -1 0 -1 -1 -1 -1 -1 -1 -1 -1 -1 -1 -1 -1
5 0 0 -1 0 -1 -1 -1 -1 -1 -1 -1 -1 -1 -1 -1 -1
5 0 0 -1 0 -1 -1 -1 -1 -1 -1 -1 -1 -1 -1 -1 -1
5 0 0 -1 0 -1 -1 -1 -1 -1 -1 -1 -1 -1 -1 -1 -1
5 0 0 -1 0 -1 -1 -1 -1 -1 -1 -1 -1 -1 -1 -1 -1
5 0 0 -1 0 -1 -1 -1 -1 -1 -1 -1 -1 -1 -1 -1 -1
5 0 0 -1 0 -1 -1 -1 -1 -1 -1 -1 -1 -1 -1 -1 -1
5 0 0 -1 0 -1 -1 -1 -1 -1 -1 -1 -1 -1 -1 -1 -1
5 0 0 -1 0 -1 -1 -1 -1 -1 -1 -1 -1 -1 -1 -1 -1
5 0 0 -1 0 -1 -1 -1 -1 -1 -1 -1 -1 -1 -1 -1 -1
5 0 0 -1 0 -1 -1 -1 -1 -1 -1 -1 -1 -1 -1 -1 -1
5 0 0 -1 0 -1 -1 -1 -1 -1 -1 -1 -1 -1 -1 -1 -1
5 0 0 -1 0 -1 -1 -1 -1 -1 -1 -1 -1 -1 -1 -1 -1
5 0 0 -1 0 -1 -1 -1 -1 -1 -1 -1 -1 -1 -1 -1 -1
