experiment	subject	material	item	category	stm_probe	ndisplayed	nrelated	nrelated_unique	1st_trial	2nd_trial	3rd_trial	4th_trail	mean_trail	last_trial
FAUST_1[2014-06]	119	words	bein	  1	  0	  1	  5	  4	 38	  0	  0	  0	38,000000	38
FAUST_1[2014-06]	119	words	arm	  1	  0	  2	  4	  4	 38	 38	  0	  0	38,000000	38
FAUST_1[2014-06]	119	words	kopf	  1	  0	  1	  5	  4	 38	  0	  0	  0	38,000000	38
FAUST_1[2014-06]	119	words	hand	  1	  0	  1	  5	  4	 38	  0	  0	  0	38,000000	38
FAUST_1[2014-06]	119	words	fuß	  1	  1	  1	  5	  4	  3	  0	  0	  0	3,000000	3
FAUST_1[2014-06]	119	words	spinat	  2	  0	  1	  4	  4	 20	  0	  0	  0	20,000000	20
FAUST_1[2014-06]	119	words	bohnen	  2	  0	  1	  4	  4	 20	  0	  0	  0	20,000000	20
FAUST_1[2014-06]	119	words	tomaten	  2	  1	  1	  4	  4	 37	  0	  0	  0	37,000000	37
FAUST_1[2014-06]	119	words	blumenkohl	  2	  0	  1	  4	  4	 20	  0	  0	  0	20,000000	20
FAUST_1[2014-06]	119	words	karotten	  2	  0	  1	  4	  4	 20	  0	  0	  0	20,000000	20
FAUST_1[2014-06]	119	words	banane	  3	  0	  0	  7	  4	  0	  0	  0	  0	0,000000	0
FAUST_1[2014-06]	119	words	apfel	  3	  0	  3	  4	  3	 20	 20	 57	  0	32,333333	57
FAUST_1[2014-06]	119	words	birne	  3	  0	  1	  6	  3	 57	  0	  0	  0	57,000000	57
FAUST_1[2014-06]	119	words	pflaume	  3	  0	  1	  6	  3	 57	  0	  0	  0	57,000000	57
FAUST_1[2014-06]	119	words	erdbeere	  3	  1	  2	  5	  3	 20	 57	  0	  0	38,500000	57
FAUST_1[2014-06]	119	words	hammer	  4	  1	  2	  4	  3	 16	 43	  0	  0	29,500000	43
FAUST_1[2014-06]	119	words	säge	  4	  0	  1	  5	  3	 16	  0	  0	  0	16,000000	16
FAUST_1[2014-06]	119	words	meißel	  4	  0	  1	  5	  3	 16	  0	  0	  0	16,000000	16
FAUST_1[2014-06]	119	words	bohrer	  4	  0	  2	  4	  3	 16	 16	  0	  0	16,000000	16
FAUST_1[2014-06]	119	words	zange	  4	  0	  0	  6	  4	  0	  0	  0	  0	0,000000	0
FAUST_1[2014-06]	119	words	hose	  5	  0	  1	  2	  1	 53	  0	  0	  0	53,000000	53
FAUST_1[2014-06]	119	words	jacke	  5	  0	  0	  3	  2	  0	  0	  0	  0	0,000000	0
FAUST_1[2014-06]	119	words	rock	  5	  0	  2	  1	  1	  2	  2	  0	  0	2,000000	2
FAUST_1[2014-06]	119	words	hemd	  5	  0	  0	  3	  2	  0	  0	  0	  0	0,000000	0
FAUST_1[2014-06]	119	words	bluse	  5	  0	  0	  3	  2	  0	  0	  0	  0	0,000000	0
FAUST_1[2014-06]	119	words	tisch	  6	  0	  1	  3	  1	 26	  0	  0	  0	26,000000	26
FAUST_1[2014-06]	119	words	stuhl	  6	  0	  0	  4	  2	  0	  0	  0	  0	0,000000	0
FAUST_1[2014-06]	119	words	schrank	  6	  0	  0	  4	  2	  0	  0	  0	  0	0,000000	0
FAUST_1[2014-06]	119	words	sofa	  6	  0	  0	  4	  2	  0	  0	  0	  0	0,000000	0
FAUST_1[2014-06]	119	words	regal	  6	  1	  3	  1	  1	 26	 47	 47	  0	40,000000	47
FAUST_1[2014-06]	119	words	rose	  7	  0	  2	  1	  1	  5	  5	  0	  0	5,000000	5
FAUST_1[2014-06]	119	words	tulpe	  7	  0	  0	  3	  2	  0	  0	  0	  0	0,000000	0
FAUST_1[2014-06]	119	words	nelke	  7	  0	  0	  3	  2	  0	  0	  0	  0	0,000000	0
FAUST_1[2014-06]	119	words	lilie	  7	  0	  1	  2	  1	 64	  0	  0	  0	64,000000	64
FAUST_1[2014-06]	119	words	veilchen	  7	  0	  0	  3	  2	  0	  0	  0	  0	0,000000	0
FAUST_1[2014-06]	119	words	fußball	  8	  1	  2	  8	  4	 24	 64	  0	  0	44,000000	64
FAUST_1[2014-06]	119	words	tennis	  8	  0	  2	  8	  4	 24	 64	  0	  0	44,000000	64
FAUST_1[2014-06]	119	words	golf	  8	  0	  1	  9	  4	 64	  0	  0	  0	64,000000	64
FAUST_1[2014-06]	119	words	schwimmen	  8	  0	  2	  8	  4	 24	 64	  0	  0	44,000000	64
FAUST_1[2014-06]	119	words	skifahren	  8	  0	  3	  7	  4	 24	 64	 64	  0	50,666667	64
FAUST_1[2014-06]	119	words	amsel	  9	  0	  2	  2	  1	 61	 61	  0	  0	61,000000	61
FAUST_1[2014-06]	119	words	schwalbe	  9	  1	  2	  2	  1	 13	 13	  0	  0	13,000000	13
FAUST_1[2014-06]	119	words	fink	  9	  0	  0	  4	  2	  0	  0	  0	  0	0,000000	0
FAUST_1[2014-06]	119	words	taube	  9	  0	  0	  4	  2	  0	  0	  0	  0	0,000000	0
FAUST_1[2014-06]	119	words	meise	  9	  0	  0	  4	  2	  0	  0	  0	  0	0,000000	0
FAUST_1[2014-06]	119	words	eiche	 10	  0	  1	  8	  3	 12	  0	  0	  0	12,000000	12
FAUST_1[2014-06]	119	words	birke	 10	  0	  0	  9	  4	  0	  0	  0	  0	0,000000	0
FAUST_1[2014-06]	119	words	tanne	 10	  1	  4	  5	  3	 12	 41	 41	 41	33,750000	41
FAUST_1[2014-06]	119	words	weide	 10	  1	  3	  6	  3	 12	 12	 12	  0	12,000000	12
FAUST_1[2014-06]	119	words	buche	 10	  0	  1	  8	  3	 12	  0	  0	  0	12,000000	12
FAUST_1[2014-06]	119	words	lehrer	 11	  1	  3	  1	  1	  4	  4	  4	  0	4,000000	4
FAUST_1[2014-06]	119	words	arzt	 11	  0	  0	  4	  2	  0	  0	  0	  0	0,000000	0
FAUST_1[2014-06]	119	words	pfarrer	 11	  0	  0	  4	  2	  0	  0	  0	  0	0,000000	0
FAUST_1[2014-06]	119	words	polizist	 11	  0	  1	  3	  1	 36	  0	  0	  0	36,000000	36
FAUST_1[2014-06]	119	words	richter	 11	  0	  0	  4	  2	  0	  0	  0	  0	0,000000	0
FAUST_1[2014-06]	119	words	forelle	 12	  0	  1	  5	  4	 33	  0	  0	  0	33,000000	33
FAUST_1[2014-06]	119	words	hering	 12	  0	  1	  5	  4	 33	  0	  0	  0	33,000000	33
FAUST_1[2014-06]	119	words	lachs	 12	  0	  2	  4	  4	 33	 33	  0	  0	33,000000	33
FAUST_1[2014-06]	119	words	thunfisch	 12	  0	  1	  5	  4	 33	  0	  0	  0	33,000000	33
FAUST_1[2014-06]	119	words	makrele	 12	  0	  1	  5	  4	 32	  0	  0	  0	32,000000	32
FAUST_1[2014-06]	119	words	ameise	 13	  0	  2	  3	  3	 22	 40	  0	  0	31,000000	40
FAUST_1[2014-06]	119	words	mücke	 13	  0	  1	  4	  3	 40	  0	  0	  0	40,000000	40
FAUST_1[2014-06]	119	words	wespe	 13	  0	  1	  4	  3	 40	  0	  0	  0	40,000000	40
FAUST_1[2014-06]	119	words	biene	 13	  0	  1	  4	  3	 40	  0	  0	  0	40,000000	40
FAUST_1[2014-06]	119	words	hummel	 13	  0	  0	  5	  4	  0	  0	  0	  0	0,000000	0
FAUST_1[2014-06]	119	words	posaune	 14	  1	  2	  3	  3	 14	 52	  0	  0	33,000000	52
FAUST_1[2014-06]	119	words	klarinette	 14	  0	  0	  5	  4	  0	  0	  0	  0	0,000000	0
FAUST_1[2014-06]	119	words	oboe	 14	  0	  1	  4	  3	 14	  0	  0	  0	14,000000	14
FAUST_1[2014-06]	119	words	trompete	 14	  0	  1	  4	  3	 14	  0	  0	  0	14,000000	14
FAUST_1[2014-06]	119	words	flöte	 14	  0	  1	  4	  3	 14	  0	  0	  0	14,000000	14
FAUST_1[2014-06]	119	words	gold	 15	  0	  0	  6	  4	  0	  0	  0	  0	0,000000	0
FAUST_1[2014-06]	119	words	silber	 15	  0	  3	  3	  3	 11	 11	 39	  0	20,333333	39
FAUST_1[2014-06]	119	words	eisen	 15	  0	  1	  5	  3	 39	  0	  0	  0	39,000000	39
FAUST_1[2014-06]	119	words	bronze	 15	  0	  1	  5	  3	 39	  0	  0	  0	39,000000	39
FAUST_1[2014-06]	119	words	messing	 15	  0	  1	  5	  3	 39	  0	  0	  0	39,000000	39
FAUST_1[2014-06]	119	words	berlin	 16	  1	  3	  6	  3	 11	 11	 51	  0	24,333333	51
FAUST_1[2014-06]	119	words	hamburg	 16	  0	  0	  9	  4	  0	  0	  0	  0	0,000000	0
FAUST_1[2014-06]	119	words	münchen	 16	  0	  2	  7	  3	 11	 51	  0	  0	31,000000	51
FAUST_1[2014-06]	119	words	stuttgart	 16	  0	  2	  7	  3	 11	 51	  0	  0	31,000000	51
FAUST_1[2014-06]	119	words	hannover	 16	  0	  2	  7	  3	 11	 51	  0	  0	31,000000	51
FAUST_1[2014-06]	119	words	donau	 17	  0	  2	  5	  4	 12	 44	  0	  0	28,000000	44
FAUST_1[2014-06]	119	words	rhein	 17	  0	  2	  5	  4	 44	 44	  0	  0	44,000000	44
FAUST_1[2014-06]	119	words	elbe	 17	  1	  1	  6	  4	 44	  0	  0	  0	44,000000	44
FAUST_1[2014-06]	119	words	main	 17	  0	  1	  6	  4	 44	  0	  0	  0	44,000000	44
FAUST_1[2014-06]	119	words	weser	 17	  0	  1	  6	  4	 44	  0	  0	  0	44,000000	44
FAUST_1[2014-06]	119	words	dänemark	 18	  1	  2	  5	  3	 13	 33	  0	  0	23,000000	33
FAUST_1[2014-06]	119	words	england	 18	  0	  3	  4	  3	 13	 13	 33	  0	19,666667	33
FAUST_1[2014-06]	119	words	italien	 18	  0	  1	  6	  3	 13	  0	  0	  0	13,000000	13
FAUST_1[2014-06]	119	words	schweiz	 18	  0	  0	  7	  4	  0	  0	  0	  0	0,000000	0
FAUST_1[2014-06]	119	words	österreich	 18	  0	  1	  6	  3	 13	  0	  0	  0	13,000000	13
FAUST_1[2014-06]	119	words	physik	 19	  0	  2	  7	  4	 27	 55	  0	  0	41,000000	55
FAUST_1[2014-06]	119	words	chemie	 19	  1	  3	  6	  4	 27	 27	 55	  0	36,333333	55
FAUST_1[2014-06]	119	words	biologie	 19	  0	  2	  7	  4	 27	 55	  0	  0	41,000000	55
FAUST_1[2014-06]	119	words	mathematik	 19	  0	  1	  8	  4	 55	  0	  0	  0	55,000000	55
FAUST_1[2014-06]	119	words	erdkunde	 19	  0	  1	  8	  4	 27	  0	  0	  0	27,000000	27
FAUST_1[2014-06]	119	words	gymnasium	 20	  0	  2	  7	  4	 25	 60	  0	  0	42,500000	60
FAUST_1[2014-06]	119	words	realschule	 20	  0	  1	  8	  4	 25	  0	  0	  0	25,000000	25
FAUST_1[2014-06]	119	words	hauptschule	 20	  0	  2	  7	  4	 25	 60	  0	  0	42,500000	60
FAUST_1[2014-06]	119	words	gesamtschule	 20	  0	  2	  7	  4	 60	 60	  0	  0	60,000000	60
FAUST_1[2014-06]	119	words	berufsschule	 20	  0	  2	  7	  4	 25	 60	  0	  0	42,500000	60
FAUST_1[2014-06]	119	words	löffel	 21	  0	  2	  9	  4	 21	 53	  0	  0	37,000000	53
FAUST_1[2014-06]	119	words	gabel	 21	  1	  3	  8	  4	 53	 53	 53	  0	53,000000	53
FAUST_1[2014-06]	119	words	messer	 21	  0	  2	  9	  4	 21	 21	  0	  0	21,000000	21
FAUST_1[2014-06]	119	words	teelöffel	 21	  0	  2	  9	  4	 21	 53	  0	  0	37,000000	53
FAUST_1[2014-06]	119	words	brotmesser	 21	  0	  2	  9	  4	 21	 53	  0	  0	37,000000	53
FAUST_1[2014-06]	119	words	masern	 22	  0	  1	  6	  3	 58	  0	  0	  0	58,000000	58
FAUST_1[2014-06]	119	words	windpocken	 22	  1	  3	  4	  3	 58	 58	 58	  0	58,000000	58
FAUST_1[2014-06]	119	words	mumps	 22	  0	  1	  6	  3	 58	  0	  0	  0	58,000000	58
FAUST_1[2014-06]	119	words	röteln	 22	  0	  0	  7	  4	  0	  0	  0	  0	0,000000	0
FAUST_1[2014-06]	119	words	grippe	 22	  1	  2	  5	  3	 29	 58	  0	  0	43,500000	58
FAUST_1[2014-06]	119	words	scheune	 23	  0	  1	  2	  1	 15	  0	  0	  0	15,000000	15
FAUST_1[2014-06]	119	words	hütte	 23	  0	  0	  3	  2	  0	  0	  0	  0	0,000000	0
FAUST_1[2014-06]	119	words	schuppen	 23	  0	  2	  1	  1	 37	 37	  0	  0	37,000000	37
FAUST_1[2014-06]	119	words	baracke	 23	  0	  0	  3	  2	  0	  0	  0	  0	0,000000	0
FAUST_1[2014-06]	119	words	blockhaus	 23	  0	  0	  3	  2	  0	  0	  0	  0	0,000000	0
FAUST_1[2014-06]	119	words	baumwolle	 24	  0	  1	  5	  4	 10	  0	  0	  0	10,000000	10
FAUST_1[2014-06]	119	words	seide	 24	  0	  1	  5	  4	 52	  0	  0	  0	52,000000	52
FAUST_1[2014-06]	119	words	wolle	 24	  0	  1	  5	  4	 52	  0	  0	  0	52,000000	52
FAUST_1[2014-06]	119	words	leinen	 24	  0	  2	  4	  4	 52	 52	  0	  0	52,000000	52
FAUST_1[2014-06]	119	words	flanell	 24	  0	  1	  5	  4	 52	  0	  0	  0	52,000000	52
FAUST_1[2014-06]	119	words	oregano	 25	  0	  1	  6	  3	 26	  0	  0	  0	26,000000	26
FAUST_1[2014-06]	119	words	majoran	 25	  0	  2	  5	  3	 26	 26	  0	  0	26,000000	26
FAUST_1[2014-06]	119	words	thymian	 25	  1	  3	  4	  3	 26	 60	 60	  0	48,666667	60
FAUST_1[2014-06]	119	words	rosmarin	 25	  0	  1	  6	  3	 26	  0	  0	  0	26,000000	26
FAUST_1[2014-06]	119	words	koriander	 25	  0	  0	  7	  4	  0	  0	  0	  0	0,000000	0
FAUST_1[2014-06]	119	words	lesen	 26	  0	  0	  2	  2	  0	  0	  0	  0	0,000000	0
FAUST_1[2014-06]	119	words	malen	 26	  1	  1	  1	  1	  8	  0	  0	  0	8,000000	8
FAUST_1[2014-06]	119	words	zeichnen	 26	  1	  1	  1	  1	 40	  0	  0	  0	40,000000	40
FAUST_1[2014-06]	119	words	schreiben	 26	  0	  0	  2	  2	  0	  0	  0	  0	0,000000	0
FAUST_1[2014-06]	119	words	basteln	 26	  0	  0	  2	  2	  0	  0	  0	  0	0,000000	0
FAUST_1[2014-06]	119	words	radio	 27	  0	  1	  9	  4	 43	  0	  0	  0	43,000000	43
FAUST_1[2014-06]	119	words	fernsehen	 27	  0	  3	  7	  4	 23	 43	 43	  0	36,333333	43
FAUST_1[2014-06]	119	words	zeitung	 27	  0	  2	  8	  4	 23	 43	  0	  0	33,000000	43
FAUST_1[2014-06]	119	words	internet	 27	  0	  2	  8	  4	 23	 23	  0	  0	23,000000	23
FAUST_1[2014-06]	119	words	buch	 27	  0	  2	  8	  4	 23	 43	  0	  0	33,000000	43
FAUST_1[2014-06]	119	words	bleistift	 28	  0	  0	  7	  4	  0	  0	  0	  0	0,000000	0
FAUST_1[2014-06]	119	words	kugelschreiber	 28	  1	  3	  4	  3	  9	  9	  9	  0	9,000000	9
FAUST_1[2014-06]	119	words	füller	 28	  1	  2	  5	  3	  9	 39	  0	  0	24,000000	39
FAUST_1[2014-06]	119	words	filzstift	 28	  0	  1	  6	  3	  9	  0	  0	  0	9,000000	9
FAUST_1[2014-06]	119	words	buntstift	 28	  0	  1	  6	  3	  9	  0	  0	  0	9,000000	9
FAUST_1[2014-06]	119	words	benzin	 29	  0	  2	  2	  2	 18	 18	  0	  0	18,000000	18
FAUST_1[2014-06]	119	words	diesel	 29	  1	  1	  3	  2	 18	  0	  0	  0	18,000000	18
FAUST_1[2014-06]	119	words	bleifrei	 29	  0	  0	  4	  3	  0	  0	  0	  0	0,000000	0
FAUST_1[2014-06]	119	words	kerosin	 29	  0	  0	  4	  3	  0	  0	  0	  0	0,000000	0
FAUST_1[2014-06]	119	words	petroleum	 29	  1	  1	  3	  2	 42	  0	  0	  0	42,000000	42
FAUST_1[2014-06]	119	words	porsche	 30	  0	  0	  4	  2	  0	  0	  0	  0	0,000000	0
FAUST_1[2014-06]	119	words	peugeot	 30	  1	  1	  3	  1	 28	  0	  0	  0	28,000000	28
FAUST_1[2014-06]	119	words	audi	 30	  1	  3	  1	  1	 28	 28	 57	  0	37,666667	57
FAUST_1[2014-06]	119	words	volvo	 30	  0	  0	  4	  2	  0	  0	  0	  0	0,000000	0
FAUST_1[2014-06]	119	words	mercedes	 30	  0	  0	  4	  2	  0	  0	  0	  0	0,000000	0
FAUST_1[2014-06]	119	words	becher	 31	  0	  2	  9	  4	 32	 42	  0	  0	37,000000	42
FAUST_1[2014-06]	119	words	flasche	 31	  1	  3	  8	  4	 32	 42	 42	  0	38,666667	42
FAUST_1[2014-06]	119	words	glas	 31	  0	  2	  9	  4	 32	 42	  0	  0	37,000000	42
FAUST_1[2014-06]	119	words	kanne	 31	  0	  2	  9	  4	 32	 42	  0	  0	37,000000	42
FAUST_1[2014-06]	119	words	karaffe	 31	  0	  2	  9	  4	 32	 32	  0	  0	32,000000	32
FAUST_1[2014-06]	119	words	brieföffner	 32	  0	  2	  9	  4	 19	 48	  0	  0	33,500000	48
FAUST_1[2014-06]	119	words	büroklammer	 32	  0	  1	 10	  4	 48	  0	  0	  0	48,000000	48
FAUST_1[2014-06]	119	words	klebeband	 32	  0	  2	  9	  4	 19	 48	  0	  0	33,500000	48
FAUST_1[2014-06]	119	words	locher	 32	  0	  3	  8	  4	 19	 48	 48	  0	38,333333	48
FAUST_1[2014-06]	119	words	lineal	 32	  1	  3	  8	  4	 19	 19	 48	  0	28,666667	48
FAUST_1[2014-06]	119	words	computer	 33	  0	  0	  7	  4	  0	  0	  0	  0	0,000000	0
FAUST_1[2014-06]	119	words	drucker	 33	  0	  3	  4	  3	 14	 14	 46	  0	24,666667	46
FAUST_1[2014-06]	119	words	kamera	 33	  0	  1	  6	  3	 46	  0	  0	  0	46,000000	46
FAUST_1[2014-06]	119	words	laptop	 33	  0	  1	  6	  3	 46	  0	  0	  0	46,000000	46
FAUST_1[2014-06]	119	words	mobiltelefon	 33	  1	  2	  5	  3	 46	 46	  0	  0	46,000000	46
FAUST_1[2014-06]	119	words	bus	 34	  1	  4	  4	  3	 24	 24	 24	 45	29,250000	45
FAUST_1[2014-06]	119	words	zug	 34	  0	  0	  8	  4	  0	  0	  0	  0	0,000000	0
FAUST_1[2014-06]	119	words	fahrrad	 34	  0	  1	  7	  3	 45	  0	  0	  0	45,000000	45
FAUST_1[2014-06]	119	words	straßenbahn	 34	  0	  1	  7	  3	 45	  0	  0	  0	45,000000	45
FAUST_1[2014-06]	119	words	taxi	 34	  0	  2	  6	  3	 45	 45	  0	  0	45,000000	45
FAUST_1[2014-06]	119	words	boot	 35	  0	  0	  7	  4	  0	  0	  0	  0	0,000000	0
FAUST_1[2014-06]	119	words	fähre	 35	  0	  1	  6	  3	 36	  0	  0	  0	36,000000	36
FAUST_1[2014-06]	119	words	kanu	 35	  0	  1	  6	  3	 36	  0	  0	  0	36,000000	36
FAUST_1[2014-06]	119	words	schiff	 35	  0	  1	  6	  3	 36	  0	  0	  0	36,000000	36
FAUST_1[2014-06]	119	words	yacht	 35	  1	  4	  3	  3	 31	 36	 36	 36	34,750000	36
FAUST_1[2014-06]	119	words	pistole	 36	  0	  1	  1	  1	 58	  0	  0	  0	58,000000	58
FAUST_1[2014-06]	119	words	bombe	 36	  0	  0	  2	  2	  0	  0	  0	  0	0,000000	0
FAUST_1[2014-06]	119	words	dolch	 36	  1	  1	  1	  1	 17	  0	  0	  0	17,000000	17
FAUST_1[2014-06]	119	words	gewehr	 36	  0	  0	  2	  2	  0	  0	  0	  0	0,000000	0
FAUST_1[2014-06]	119	words	schwert	 36	  0	  0	  2	  2	  0	  0	  0	  0	0,000000	0
FAUST_1[2014-06]	119	words	lippenstift	 37	  0	  1	  6	  4	 15	  0	  0	  0	15,000000	15
FAUST_1[2014-06]	119	words	wimperntusche	 37	  0	  2	  5	  4	 15	 15	  0	  0	15,000000	15
FAUST_1[2014-06]	119	words	lidschatten	 37	  0	  1	  6	  4	 15	  0	  0	  0	15,000000	15
FAUST_1[2014-06]	119	words	rouge	 37	  0	  1	  6	  4	 15	  0	  0	  0	15,000000	15
FAUST_1[2014-06]	119	words	kajal	 37	  0	  2	  5	  4	 46	 46	  0	  0	46,000000	46
FAUST_1[2014-06]	119	words	asien	 38	  0	  1	  5	  4	 17	  0	  0	  0	17,000000	17
FAUST_1[2014-06]	119	words	nordamerika	 38	  0	  1	  5	  4	 17	  0	  0	  0	17,000000	17
FAUST_1[2014-06]	119	words	afrika	 38	  0	  1	  5	  4	 17	  0	  0	  0	17,000000	17
FAUST_1[2014-06]	119	words	australien	 38	  0	  2	  4	  4	 17	 49	  0	  0	33,000000	49
FAUST_1[2014-06]	119	words	südamerika	 38	  1	  1	  5	  4	 49	  0	  0	  0	49,000000	49
FAUST_1[2014-06]	119	words	schütze	 39	  1	  1	  8	  4	 31	  0	  0	  0	31,000000	31
FAUST_1[2014-06]	119	words	wassermann	 39	  1	  2	  7	  4	 31	 51	  0	  0	41,000000	51
FAUST_1[2014-06]	119	words	jungfrau	 39	  0	  1	  8	  4	 31	  0	  0	  0	31,000000	31
FAUST_1[2014-06]	119	words	steinbock	 39	  0	  2	  7	  4	 31	 31	  0	  0	31,000000	31
FAUST_1[2014-06]	119	words	zwilling	 39	  0	  3	  6	  4	 31	 51	 51	  0	44,333333	51
FAUST_1[2014-06]	119	words	tiger	 40	  0	  2	  3	  2	  6	  6	  0	  0	6,000000	6
FAUST_1[2014-06]	119	words	panther	 40	  0	  0	  5	  3	  0	  0	  0	  0	0,000000	0
FAUST_1[2014-06]	119	words	gepard	 40	  0	  2	  3	  2	 59	 59	  0	  0	59,000000	59
FAUST_1[2014-06]	119	words	puma	 40	  0	  0	  5	  3	  0	  0	  0	  0	0,000000	0
FAUST_1[2014-06]	119	words	leopard	 40	  1	  1	  4	  2	 59	  0	  0	  0	59,000000	59
FAUST_1[2014-06]	119	words	thüringen	 41	  0	  2	  1	  1	 27	 27	  0	  0	27,000000	27
FAUST_1[2014-06]	119	words	hessen	 41	  0	  0	  3	  2	  0	  0	  0	  0	0,000000	0
FAUST_1[2014-06]	119	words	brandenburg	 41	  0	  0	  3	  2	  0	  0	  0	  0	0,000000	0
FAUST_1[2014-06]	119	words	sachsen	 41	  1	  1	  2	  1	 35	  0	  0	  0	35,000000	35
FAUST_1[2014-06]	119	words	saarland	 41	  0	  0	  3	  2	  0	  0	  0	  0	0,000000	0
FAUST_1[2014-06]	119	words	lunge	 42	  0	  0	  3	  2	  0	  0	  0	  0	0,000000	0
FAUST_1[2014-06]	119	words	herz	 42	  0	  1	  2	  1	 43	  0	  0	  0	43,000000	43
FAUST_1[2014-06]	119	words	niere	 42	  0	  0	  3	  2	  0	  0	  0	  0	0,000000	0
FAUST_1[2014-06]	119	words	magen	 42	  0	  2	  1	  1	 17	 17	  0	  0	17,000000	17
FAUST_1[2014-06]	119	words	leber	 42	  0	  0	  3	  2	  0	  0	  0	  0	0,000000	0
FAUST_1[2014-06]	119	words	hamburger	 43	  0	  1	  4	  3	 50	  0	  0	  0	50,000000	50
FAUST_1[2014-06]	119	words	pommes	 43	  0	  2	  3	  3	 23	 50	  0	  0	36,500000	50
FAUST_1[2014-06]	119	words	döner	 43	  0	  0	  5	  4	  0	  0	  0	  0	0,000000	0
FAUST_1[2014-06]	119	words	pizza	 43	  0	  1	  4	  3	 50	  0	  0	  0	50,000000	50
FAUST_1[2014-06]	119	words	bratwurst	 43	  0	  1	  4	  3	 50	  0	  0	  0	50,000000	50
FAUST_1[2014-06]	119	words	trauer	 44	  0	  0	  4	  2	  0	  0	  0	  0	0,000000	0
FAUST_1[2014-06]	119	words	freude	 44	  0	  2	  2	  1	  1	  1	  0	  0	1,000000	1
FAUST_1[2014-06]	119	words	ärger	 44	  0	  0	  4	  2	  0	  0	  0	  0	0,000000	0
FAUST_1[2014-06]	119	words	scham	 44	  0	  2	  2	  1	 39	 39	  0	  0	39,000000	39
FAUST_1[2014-06]	119	words	angst	 44	  0	  0	  4	  2	  0	  0	  0	  0	0,000000	0
FAUST_1[2014-06]	119	words	tochter	 45	  0	  1	  6	  4	 28	  0	  0	  0	28,000000	28
FAUST_1[2014-06]	119	words	vater	 45	  0	  1	  6	  4	 28	  0	  0	  0	28,000000	28
FAUST_1[2014-06]	119	words	mutter	 45	  0	  1	  6	  4	 28	  0	  0	  0	28,000000	28
FAUST_1[2014-06]	119	words	sohn	 45	  0	  1	  6	  4	 28	  0	  0	  0	28,000000	28
FAUST_1[2014-06]	119	words	onkel	 45	  1	  3	  4	  4	 50	 50	 50	  0	50,000000	50
FAUST_1[2014-06]	119	words	dackel	 46	  0	  0	  6	  2	  0	  0	  0	  0	0,000000	0
FAUST_1[2014-06]	119	words	mops	 46	  0	  0	  6	  2	  0	  0	  0	  0	0,000000	0
FAUST_1[2014-06]	119	words	schäferhund	 46	  1	  3	  3	  1	 25	 25	 25	  0	25,000000	25
FAUST_1[2014-06]	119	words	terrier	 46	  0	  0	  6	  2	  0	  0	  0	  0	0,000000	0
FAUST_1[2014-06]	119	words	dogge	 46	  1	  3	  3	  1	 55	 55	 55	  0	55,000000	55
FAUST_1[2014-06]	119	words	dollar	 47	  0	  0	  3	  2	  0	  0	  0	  0	0,000000	0
FAUST_1[2014-06]	119	words	euro	 47	  0	  0	  3	  2	  0	  0	  0	  0	0,000000	0
FAUST_1[2014-06]	119	words	cent	 47	  0	  0	  3	  2	  0	  0	  0	  0	0,000000	0
FAUST_1[2014-06]	119	words	pfennig	 47	  0	  2	  1	  1	 40	 40	  0	  0	40,000000	40
FAUST_1[2014-06]	119	words	mark	 47	  0	  1	  2	  1	 29	  0	  0	  0	29,000000	29
FAUST_1[2014-06]	119	words	sauerstoff	 48	  0	  1	  9	  4	 30	  0	  0	  0	30,000000	30
FAUST_1[2014-06]	119	words	wasserstoff	 48	  1	  2	  8	  4	 30	 34	  0	  0	32,000000	34
FAUST_1[2014-06]	119	words	kohlenstoff	 48	  0	  2	  8	  4	 30	 34	  0	  0	32,000000	34
FAUST_1[2014-06]	119	words	stickstoff	 48	  0	  3	  7	  4	 30	 30	 34	  0	31,333333	34
FAUST_1[2014-06]	119	words	helium	 48	  0	  2	  8	  4	 30	 34	  0	  0	32,000000	34
FAUST_1[2014-06]	119	words	rot	 49	  0	  1	  6	  3	 22	  0	  0	  0	22,000000	22
FAUST_1[2014-06]	119	words	grün	 49	  0	  1	  6	  3	 22	  0	  0	  0	22,000000	22
FAUST_1[2014-06]	119	words	blau	 49	  0	  0	  7	  4	  0	  0	  0	  0	0,000000	0
FAUST_1[2014-06]	119	words	gelb	 49	  1	  3	  4	  3	 22	 22	 22	  0	22,000000	22
FAUST_1[2014-06]	119	words	lila	 49	  0	  2	  5	  3	 22	 48	  0	  0	35,000000	48
FAUST_1[2014-06]	119	words	vampir	 50	  0	  1	  5	  4	 62	  0	  0	  0	62,000000	62
FAUST_1[2014-06]	119	words	werwolf	 50	  1	  2	  4	  4	 62	 62	  0	  0	62,000000	62
FAUST_1[2014-06]	119	words	zombie	 50	  1	  1	  5	  4	 10	  0	  0	  0	10,000000	10
FAUST_1[2014-06]	119	words	hexe	 50	  0	  1	  5	  4	 62	  0	  0	  0	62,000000	62
FAUST_1[2014-06]	119	words	dämon	 50	  0	  1	  5	  4	 62	  0	  0	  0	62,000000	62
FAUST_1[2014-06]	119	words	mozart	 51	  0	  2	  4	  3	  9	 49	  0	  0	29,000000	49
FAUST_1[2014-06]	119	words	chopin	 51	  0	  2	  4	  3	 49	 49	  0	  0	49,000000	49
FAUST_1[2014-06]	119	words	beethoven	 51	  0	  1	  5	  3	 49	  0	  0	  0	49,000000	49
FAUST_1[2014-06]	119	words	vivaldi	 51	  0	  1	  5	  3	 49	  0	  0	  0	49,000000	49
FAUST_1[2014-06]	119	words	brahms	 51	  0	  0	  6	  4	  0	  0	  0	  0	0,000000	0
FAUST_1[2014-06]	119	words	kirche	 52	  0	  1	  6	  3	 63	  0	  0	  0	63,000000	63
FAUST_1[2014-06]	119	words	tempel	 52	  0	  3	  4	  3	  8	  8	 63	  0	26,333333	63
FAUST_1[2014-06]	119	words	moschee	 52	  0	  2	  5	  3	 63	 63	  0	  0	63,000000	63
FAUST_1[2014-06]	119	words	synagoge	 52	  0	  0	  7	  4	  0	  0	  0	  0	0,000000	0
FAUST_1[2014-06]	119	words	kapelle	 52	  0	  1	  6	  3	 63	  0	  0	  0	63,000000	63
FAUST_1[2014-06]	119	words	könig	 53	  1	  2	  4	  3	 16	 37	  0	  0	26,500000	37
FAUST_1[2014-06]	119	words	kaiser	 53	  0	  2	  4	  3	 16	 37	  0	  0	26,500000	37
FAUST_1[2014-06]	119	words	herzog	 53	  0	  1	  5	  3	 37	  0	  0	  0	37,000000	37
FAUST_1[2014-06]	119	words	fürst	 53	  0	  0	  6	  4	  0	  0	  0	  0	0,000000	0
FAUST_1[2014-06]	119	words	graf	 53	  0	  1	  5	  3	 37	  0	  0	  0	37,000000	37
FAUST_1[2014-06]	119	words	haschisch	 54	  0	  1	  4	  3	 59	  0	  0	  0	59,000000	59
FAUST_1[2014-06]	119	words	cannabis	 54	  1	  2	  3	  3	 15	 59	  0	  0	37,000000	59
FAUST_1[2014-06]	119	words	heroin	 54	  0	  0	  5	  4	  0	  0	  0	  0	0,000000	0
FAUST_1[2014-06]	119	words	opium	 54	  0	  1	  4	  3	 59	  0	  0	  0	59,000000	59
FAUST_1[2014-06]	119	words	kokain	 54	  0	  1	  4	  3	 59	  0	  0	  0	59,000000	59
FAUST_1[2014-06]	119	words	bonbons	 55	  0	  0	  3	  2	  0	  0	  0	  0	0,000000	0
FAUST_1[2014-06]	119	words	lakritz	 55	  0	  1	  2	  1	 30	  0	  0	  0	30,000000	30
FAUST_1[2014-06]	119	words	karamell	 55	  0	  0	  3	  2	  0	  0	  0	  0	0,000000	0
FAUST_1[2014-06]	119	words	marzipan	 55	  0	  2	  1	  1	 62	 62	  0	  0	62,000000	62
FAUST_1[2014-06]	119	words	gummibärchen	 55	  0	  0	  3	  2	  0	  0	  0	  0	0,000000	0
FAUST_1[2014-06]	119	words	kreis	 56	  0	  2	  7	  4	 18	 47	  0	  0	32,500000	47
FAUST_1[2014-06]	119	words	rechteck	 56	  1	  2	  7	  4	 18	 47	  0	  0	32,500000	47
FAUST_1[2014-06]	119	words	quadrat	 56	  0	  2	  7	  4	 18	 47	  0	  0	32,500000	47
FAUST_1[2014-06]	119	words	dreieck	 56	  0	  1	  8	  4	 47	  0	  0	  0	47,000000	47
FAUST_1[2014-06]	119	words	viereck	 56	  0	  2	  7	  4	 18	 47	  0	  0	32,500000	47
FAUST_1[2014-06]	119	words	monopoly	 57	  0	  0	  6	  4	  0	  0	  0	  0	0,000000	0
FAUST_1[2014-06]	119	words	schach	 57	  1	  3	  3	  3	  7	  7	 41	  0	18,333333	41
FAUST_1[2014-06]	119	words	halma	 57	  0	  1	  5	  3	 41	  0	  0	  0	41,000000	41
FAUST_1[2014-06]	119	words	scrabble	 57	  0	  1	  5	  3	 41	  0	  0	  0	41,000000	41
FAUST_1[2014-06]	119	words	backgammon	 57	  0	  1	  5	  3	 41	  0	  0	  0	41,000000	41
FAUST_1[2014-06]	119	words	theater	 58	  1	  1	  2	  2	 23	  0	  0	  0	23,000000	23
FAUST_1[2014-06]	119	words	oper	 58	  0	  1	  2	  2	 38	  0	  0	  0	38,000000	38
FAUST_1[2014-06]	119	words	konzertsaal	 58	  0	  0	  3	  3	  0	  0	  0	  0	0,000000	0
FAUST_1[2014-06]	119	words	zirkus	 58	  1	  1	  2	  2	 38	  0	  0	  0	38,000000	38
FAUST_1[2014-06]	119	words	kino	 58	  0	  0	  3	  3	  0	  0	  0	  0	0,000000	0
FAUST_1[2014-06]	119	words	komödie	 59	  0	  2	  1	  1	  3	  3	  0	  0	3,000000	3
FAUST_1[2014-06]	119	words	thriller	 59	  0	  0	  3	  2	  0	  0	  0	  0	0,000000	0
FAUST_1[2014-06]	119	words	horrorfilm	 59	  0	  0	  3	  2	  0	  0	  0	  0	0,000000	0
FAUST_1[2014-06]	119	words	western	 59	  0	  1	  2	  1	 52	  0	  0	  0	52,000000	52
FAUST_1[2014-06]	119	words	actionfilm	 59	  0	  0	  3	  2	  0	  0	  0	  0	0,000000	0
FAUST_1[2014-06]	119	words	venus	 60	  0	  1	  6	  3	 10	  0	  0	  0	10,000000	10
FAUST_1[2014-06]	119	words	merkur	 60	  0	  3	  4	  3	 10	 57	 57	  0	41,333333	57
FAUST_1[2014-06]	119	words	jupiter	 60	  0	  2	  5	  3	 10	 10	  0	  0	10,000000	10
FAUST_1[2014-06]	119	words	saturn	 60	  0	  0	  7	  4	  0	  0	  0	  0	0,000000	0
FAUST_1[2014-06]	119	words	pluto	 60	  0	  1	  6	  3	 10	  0	  0	  0	10,000000	10
FAUST_1[2014-06]	119	words	sonnenschein	 61	  0	  1	  6	  3	  3	  0	  0	  0	3,000000	3
FAUST_1[2014-06]	119	words	regen	 61	  1	  2	  5	  3	  3	 34	  0	  0	18,500000	34
FAUST_1[2014-06]	119	words	nebel	 61	  0	  1	  6	  3	  3	  0	  0	  0	3,000000	3
FAUST_1[2014-06]	119	words	schnee	 61	  0	  3	  4	  3	  3	 34	 34	  0	23,666667	34
FAUST_1[2014-06]	119	words	hagel	 61	  0	  0	  7	  4	  0	  0	  0	  0	0,000000	0
FAUST_1[2014-06]	119	words	tango	 62	  1	  2	  8	  4	  2	 56	  0	  0	29,000000	56
FAUST_1[2014-06]	119	words	walzer	 62	  0	  2	  8	  4	  2	 56	  0	  0	29,000000	56
FAUST_1[2014-06]	119	words	foxtrott	 62	  1	  2	  8	  4	  2	 56	  0	  0	29,000000	56
FAUST_1[2014-06]	119	words	rumba	 62	  0	  2	  8	  4	  2	 56	  0	  0	29,000000	56
FAUST_1[2014-06]	119	words	chachacha	 62	  0	  2	  8	  4	  2	 56	  0	  0	29,000000	56
FAUST_1[2014-06]	119	words	lenkrad	 63	  0	  1	  6	  3	  6	  0	  0	  0	6,000000	6
FAUST_1[2014-06]	119	words	handbremse	 63	  0	  1	  6	  3	  6	  0	  0	  0	6,000000	6
FAUST_1[2014-06]	119	words	kupplung	 63	  0	  0	  7	  4	  0	  0	  0	  0	0,000000	0
FAUST_1[2014-06]	119	words	gaspedal	 63	  0	  1	  6	  3	  6	  0	  0	  0	6,000000	6
FAUST_1[2014-06]	119	words	rückspiegel	 63	  2	  4	  3	  3	  6	  6	 45	 45	25,500000	45
FAUST_1[2014-06]	119	words	gerste	 64	  0	  1	  5	  3	  4	  0	  0	  0	4,000000	4
FAUST_1[2014-06]	119	words	roggen	 64	  0	  1	  5	  3	  4	  0	  0	  0	4,000000	4
FAUST_1[2014-06]	119	words	hafer	 64	  0	  1	  5	  3	  4	  0	  0	  0	4,000000	4
FAUST_1[2014-06]	119	words	weizen	 64	  0	  0	  6	  4	  0	  0	  0	  0	0,000000	0
FAUST_1[2014-06]	119	words	dinkel	 64	  0	  3	  3	  3	  4	 56	 56	  0	38,666667	56
FAUST_1[2014-06]	119	words	hören	 65	  0	  1	  4	  3	  8	  0	  0	  0	8,000000	8
FAUST_1[2014-06]	119	words	fühlen	 65	  0	  2	  3	  3	  8	 35	  0	  0	21,500000	35
FAUST_1[2014-06]	119	words	sehen	 65	  0	  1	  4	  3	  8	  0	  0	  0	8,000000	8
FAUST_1[2014-06]	119	words	schmecken	 65	  0	  1	  4	  3	  8	  0	  0	  0	8,000000	8
FAUST_1[2014-06]	119	words	riechen	 65	  0	  0	  5	  4	  0	  0	  0	  0	0,000000	0
FAUST_1[2014-06]	119	words	verb	 66	  0	  1	  6	  3	  7	  0	  0	  0	7,000000	7
FAUST_1[2014-06]	119	words	nomen	 66	  0	  1	  6	  3	  7	  0	  0	  0	7,000000	7
FAUST_1[2014-06]	119	words	adjektiv	 66	  0	  2	  5	  3	  7	  7	  0	  0	7,000000	7
FAUST_1[2014-06]	119	words	adverb	 66	  0	  0	  7	  4	  0	  0	  0	  0	0,000000	0
FAUST_1[2014-06]	119	words	präposition	 66	  1	  3	  4	  3	  7	 63	 63	  0	44,333333	63
FAUST_1[2014-06]	119	words	see	 67	  0	  0	  6	  4	  0	  0	  0	  0	0,000000	0
FAUST_1[2014-06]	119	words	teich	 67	  0	  1	  5	  3	 29	  0	  0	  0	29,000000	29
FAUST_1[2014-06]	119	words	fluss	 67	  0	  1	  5	  3	 29	  0	  0	  0	29,000000	29
FAUST_1[2014-06]	119	words	meer	 67	  0	  1	  5	  3	 29	  0	  0	  0	29,000000	29
FAUST_1[2014-06]	119	words	ozean	 67	  0	  3	  3	  3	 29	 29	 42	  0	33,333333	42
FAUST_1[2014-06]	119	words	küchenwaage	 68	  1	  3	  7	  4	  1	 61	 61	  0	41,000000	61
FAUST_1[2014-06]	119	words	pfannenwender	 68	  1	  2	  8	  4	  1	 61	  0	  0	31,000000	61
FAUST_1[2014-06]	119	words	backform	 68	  0	  2	  8	  4	  1	 61	  0	  0	31,000000	61
FAUST_1[2014-06]	119	words	nudelholz	 68	  0	  2	  8	  4	  1	 61	  0	  0	31,000000	61
FAUST_1[2014-06]	119	words	backblech	 68	  0	  1	  9	  4	  1	  0	  0	  0	1,000000	1
FAUST_1[2014-06]	119	words	gin	 69	  0	  1	  6	  3	 35	  0	  0	  0	35,000000	35
FAUST_1[2014-06]	119	words	rum	 69	  0	  2	  5	  3	 35	 35	  0	  0	35,000000	35
FAUST_1[2014-06]	119	words	wodka	 69	  0	  0	  7	  4	  0	  0	  0	  0	0,000000	0
FAUST_1[2014-06]	119	words	whiskey	 69	  1	  3	  4	  3	 21	 21	 35	  0	25,666667	35
FAUST_1[2014-06]	119	words	tequila	 69	  0	  1	  6	  3	 35	  0	  0	  0	35,000000	35
FAUST_1[2014-06]	119	words	nähnadel	 70	  0	  1	  5	  4	 54	  0	  0	  0	54,000000	54
FAUST_1[2014-06]	119	words	stricknadel	 70	  0	  1	  5	  4	 54	  0	  0	  0	54,000000	54
FAUST_1[2014-06]	119	words	häkelnadel	 70	  1	  1	  5	  4	 54	  0	  0	  0	54,000000	54
FAUST_1[2014-06]	119	words	stecknadel	 70	  0	  1	  5	  4	 54	  0	  0	  0	54,000000	54
FAUST_1[2014-06]	119	words	sicherheitsnadel	 70	  1	  2	  4	  4	 14	 54	  0	  0	34,000000	54
FAUST_1[2014-06]	119	words	tag	 71	  0	  1	  5	  4	  5	  0	  0	  0	5,000000	5
FAUST_1[2014-06]	119	words	stunde	 71	  0	  1	  5	  4	  5	  0	  0	  0	5,000000	5
FAUST_1[2014-06]	119	words	minute	 71	  0	  1	  5	  4	  5	  0	  0	  0	5,000000	5
FAUST_1[2014-06]	119	words	sekunde	 71	  1	  2	  4	  4	  5	 44	  0	  0	24,500000	44
FAUST_1[2014-06]	119	words	jahr	 71	  0	  1	  5	  4	  5	  0	  0	  0	5,000000	5
FAUST_1[2014-06]	119	words	meter	 72	  0	  3	  1	  1	 19	 54	 54	  0	42,333333	54
FAUST_1[2014-06]	119	words	zentimeter	 72	  0	  0	  4	  2	  0	  0	  0	  0	0,000000	0
FAUST_1[2014-06]	119	words	kilometer	 72	  0	  0	  4	  2	  0	  0	  0	  0	0,000000	0
FAUST_1[2014-06]	119	words	meile	 72	  1	  1	  3	  1	 19	  0	  0	  0	19,000000	19
FAUST_1[2014-06]	119	words	millimeter	 72	  0	  0	  4	  2	  0	  0	  0	  0	0,000000	0
FAUST_1[2014-06]	119	migo	Apple10.bmp	1	  0	  1	  7	  4	 33	  0	  0	  0	33,000000	33
FAUST_1[2014-06]	119	migo	Apple18.bmp	1	  0	  1	  7	  4	 33	  0	  0	  0	33,000000	33
FAUST_1[2014-06]	119	migo	Apple21.bmp	1	  0	  1	  7	  4	 33	  0	  0	  0	33,000000	33
FAUST_1[2014-06]	119	migo	Apple24.bmp	1	  1	  2	  6	  4	 33	 33	  0	  0	33,000000	33
FAUST_1[2014-06]	119	migo	Apple5.bmp	1	  1	  3	  5	  4	 17	 17	 17	  0	17,000000	17
FAUST_1[2014-06]	119	migo	Bag21.bmp	2	  0	  2	  8	  4	  8	 43	  0	  0	25,500000	43
FAUST_1[2014-06]	119	migo	Bag25.bmp	2	  1	  2	  8	  4	  8	 43	  0	  0	25,500000	43
FAUST_1[2014-06]	119	migo	Bag3.bmp	2	  0	  2	  8	  4	  8	 43	  0	  0	25,500000	43
FAUST_1[2014-06]	119	migo	Bag4.bmp	2	  0	  2	  8	  4	  8	  8	  0	  0	8,000000	8
FAUST_1[2014-06]	119	migo	Bag5.bmp	2	  0	  2	  8	  4	  8	 43	  0	  0	25,500000	43
FAUST_1[2014-06]	119	migo	Biscuit17.bmp	3	  0	  1	  6	  3	 40	  0	  0	  0	40,000000	40
FAUST_1[2014-06]	119	migo	Biscuit20.bmp	3	  0	  3	  4	  3	  5	  5	 40	  0	16,666667	40
FAUST_1[2014-06]	119	migo	Biscuit25.bmp	3	  0	  0	  7	  4	  0	  0	  0	  0	0,000000	0
FAUST_1[2014-06]	119	migo	Biscuit4.bmp	3	  0	  2	  5	  3	 40	 40	  0	  0	40,000000	40
FAUST_1[2014-06]	119	migo	Biscuit9.bmp	3	  0	  1	  6	  3	 40	  0	  0	  0	40,000000	40
FAUST_1[2014-06]	119	migo	Bracelet18.bmp	4	  0	  1	  4	  3	  5	  0	  0	  0	5,000000	5
FAUST_1[2014-06]	119	migo	Bracelet1.bmp	4	  0	  1	  4	  3	  5	  0	  0	  0	5,000000	5
FAUST_1[2014-06]	119	migo	Bracelet2.bmp	4	  0	  0	  5	  4	  0	  0	  0	  0	0,000000	0
FAUST_1[2014-06]	119	migo	Bracelet5.bmp	4	  0	  2	  3	  3	  5	 30	  0	  0	17,500000	30
FAUST_1[2014-06]	119	migo	Bracelet8.bmp	4	  0	  1	  4	  3	  5	  0	  0	  0	5,000000	5
FAUST_1[2014-06]	119	migo	Brocolli10.bmp	5	  0	  2	  2	  1	 38	 38	  0	  0	38,000000	38
FAUST_1[2014-06]	119	migo	Brocolli14.bmp	5	  0	  0	  4	  2	  0	  0	  0	  0	0,000000	0
FAUST_1[2014-06]	119	migo	Brocolli19.bmp	5	  0	  2	  2	  1	 15	 15	  0	  0	15,000000	15
FAUST_1[2014-06]	119	migo	Brocolli4.bmp	5	  0	  0	  4	  2	  0	  0	  0	  0	0,000000	0
FAUST_1[2014-06]	119	migo	Brocolli9.bmp	5	  0	  0	  4	  2	  0	  0	  0	  0	0,000000	0
FAUST_1[2014-06]	119	migo	Bun12.bmp	6	  0	  2	  6	  4	 20	 25	  0	  0	22,500000	25
FAUST_1[2014-06]	119	migo	Bun17.bmp	6	  0	  2	  6	  4	 20	 25	  0	  0	22,500000	25
FAUST_1[2014-06]	119	migo	Bun19.bmp	6	  0	  1	  7	  4	 25	  0	  0	  0	25,000000	25
FAUST_1[2014-06]	119	migo	Bun22.bmp	6	  0	  2	  6	  4	 20	 25	  0	  0	22,500000	25
FAUST_1[2014-06]	119	migo	Bun5.bmp	6	  0	  1	  7	  4	 20	  0	  0	  0	20,000000	20
FAUST_1[2014-06]	119	migo	Button10.bmp	7	  0	  1	  6	  3	 24	  0	  0	  0	24,000000	24
FAUST_1[2014-06]	119	migo	Button14.bmp	7	  0	  0	  7	  4	  0	  0	  0	  0	0,000000	0
FAUST_1[2014-06]	119	migo	Button18.bmp	7	  0	  3	  4	  3	  7	  7	 24	  0	12,666667	24
FAUST_1[2014-06]	119	migo	Button20.bmp	7	  0	  2	  5	  3	 24	 24	  0	  0	24,000000	24
FAUST_1[2014-06]	119	migo	Button3.bmp	7	  0	  1	  6	  3	 24	  0	  0	  0	24,000000	24
FAUST_1[2014-06]	119	migo	Cake16.bmp	8	  0	  2	  1	  1	 28	 28	  0	  0	28,000000	28
FAUST_1[2014-06]	119	migo	Cake18.bmp	8	  0	  0	  3	  2	  0	  0	  0	  0	0,000000	0
FAUST_1[2014-06]	119	migo	Cake24.bmp	8	  0	  0	  3	  2	  0	  0	  0	  0	0,000000	0
FAUST_1[2014-06]	119	migo	Cake25.bmp	8	  0	  0	  3	  2	  0	  0	  0	  0	0,000000	0
FAUST_1[2014-06]	119	migo	Cake7.bmp	8	  0	  1	  2	  1	  8	  0	  0	  0	8,000000	8
FAUST_1[2014-06]	119	migo	Candle10.bmp	9	  0	  0	  3	  1	  0	  0	  0	  0	0,000000	0
FAUST_1[2014-06]	119	migo	Candle13.bmp	9	  0	  0	  3	  1	  0	  0	  0	  0	0,000000	0
FAUST_1[2014-06]	119	migo	Candle17.bmp	9	  0	  0	  3	  1	  0	  0	  0	  0	0,000000	0
FAUST_1[2014-06]	119	migo	Candle1.bmp	9	  0	  3	  0	  0	 14	 14	 23	  0	17,000000	23
FAUST_1[2014-06]	119	migo	Candle20.bmp	9	  0	  0	  3	  1	  0	  0	  0	  0	0,000000	0
FAUST_1[2014-06]	119	migo	Car12.bmp	10	  0	  0	  2	  1	  0	  0	  0	  0	0,000000	0
FAUST_1[2014-06]	119	migo	Car13.bmp	10	  2	  2	  0	  0	  6	 34	  0	  0	20,000000	34
FAUST_1[2014-06]	119	migo	Car14.bmp	10	  0	  0	  2	  1	  0	  0	  0	  0	0,000000	0
FAUST_1[2014-06]	119	migo	Car21.bmp	10	  0	  0	  2	  1	  0	  0	  0	  0	0,000000	0
FAUST_1[2014-06]	119	migo	Car7.bmp	10	  0	  0	  2	  1	  0	  0	  0	  0	0,000000	0
FAUST_1[2014-06]	119	migo	Chilli11.bmp	11	  0	  3	  5	  3	 22	 27	 27	  0	25,333333	27
FAUST_1[2014-06]	119	migo	Chilli12.bmp	11	  0	  1	  7	  3	 22	  0	  0	  0	22,000000	22
FAUST_1[2014-06]	119	migo	Chilli14.bmp	11	  0	  0	  8	  4	  0	  0	  0	  0	0,000000	0
FAUST_1[2014-06]	119	migo	Chilli19.bmp	11	  1	  2	  6	  3	 22	 27	  0	  0	24,500000	27
FAUST_1[2014-06]	119	migo	Chilli22.bmp	11	  1	  2	  6	  3	 22	 22	  0	  0	22,000000	22
FAUST_1[2014-06]	119	migo	Chocolate17.bmp	12	  0	  1	  5	  3	 26	  0	  0	  0	26,000000	26
FAUST_1[2014-06]	119	migo	Chocolate24.bmp	12	  0	  2	  4	  3	 26	 26	  0	  0	26,000000	26
FAUST_1[2014-06]	119	migo	Chocolate5.bmp	12	  0	  1	  5	  3	 26	  0	  0	  0	26,000000	26
FAUST_1[2014-06]	119	migo	Chocolate6.bmp	12	  1	  2	  4	  3	  1	 26	  0	  0	13,500000	26
FAUST_1[2014-06]	119	migo	Chocolate9.bmp	12	  0	  0	  6	  4	  0	  0	  0	  0	0,000000	0
FAUST_1[2014-06]	119	migo	Coins10.bmp	13	  1	  3	  3	  3	 16	 37	 37	  0	30,000000	37
FAUST_1[2014-06]	119	migo	Coins12.bmp	13	  0	  0	  6	  4	  0	  0	  0	  0	0,000000	0
FAUST_1[2014-06]	119	migo	Coins14.bmp	13	  0	  1	  5	  3	 37	  0	  0	  0	37,000000	37
FAUST_1[2014-06]	119	migo	Coins3.bmp	13	  0	  1	  5	  3	 37	  0	  0	  0	37,000000	37
FAUST_1[2014-06]	119	migo	Coins8.bmp	13	  0	  1	  5	  3	 37	  0	  0	  0	37,000000	37
FAUST_1[2014-06]	119	migo	Daff1.bmp	14	  0	  0	  2	  2	  0	  0	  0	  0	0,000000	0
FAUST_1[2014-06]	119	migo	Daff21.bmp	14	  0	  0	  2	  2	  0	  0	  0	  0	0,000000	0
FAUST_1[2014-06]	119	migo	Daff22.bmp	14	  0	  1	  1	  1	 21	  0	  0	  0	21,000000	21
FAUST_1[2014-06]	119	migo	Daff3.bmp	14	  1	  1	  1	  1	 36	  0	  0	  0	36,000000	36
FAUST_1[2014-06]	119	migo	Daff9.bmp	14	  0	  0	  2	  2	  0	  0	  0	  0	0,000000	0
FAUST_1[2014-06]	119	migo	Feather11.bmp	15	  1	  2	  7	  4	 11	 30	  0	  0	20,500000	30
FAUST_1[2014-06]	119	migo	Feather12.bmp	15	  0	  2	  7	  4	 30	 30	  0	  0	30,000000	30
FAUST_1[2014-06]	119	migo	Feather14.bmp	15	  0	  3	  6	  4	 11	 11	 30	  0	17,333333	30
FAUST_1[2014-06]	119	migo	Feather18.bmp	15	  0	  1	  8	  4	 30	  0	  0	  0	30,000000	30
FAUST_1[2014-06]	119	migo	Feather2.bmp	15	  1	  1	  8	  4	 30	  0	  0	  0	30,000000	30
FAUST_1[2014-06]	119	migo	Flower13.bmp	16	  0	  0	  4	  2	  0	  0	  0	  0	0,000000	0
FAUST_1[2014-06]	119	migo	Flower14.bmp	16	  0	  0	  4	  2	  0	  0	  0	  0	0,000000	0
FAUST_1[2014-06]	119	migo	Flower17.bmp	16	  0	  0	  4	  2	  0	  0	  0	  0	0,000000	0
FAUST_1[2014-06]	119	migo	Flower18.bmp	16	  0	  2	  2	  1	 25	 25	  0	  0	25,000000	25
FAUST_1[2014-06]	119	migo	Flower3.bmp	16	  0	  2	  2	  1	  1	  1	  0	  0	1,000000	1
FAUST_1[2014-06]	119	migo	Fork14.bmp	17	  0	  1	  4	  3	 38	  0	  0	  0	38,000000	38
FAUST_1[2014-06]	119	migo	Fork17.bmp	17	  1	  2	  3	  3	 12	 38	  0	  0	25,000000	38
FAUST_1[2014-06]	119	migo	Fork7.bmp	17	  0	  0	  5	  4	  0	  0	  0	  0	0,000000	0
FAUST_1[2014-06]	119	migo	Fork8.bmp	17	  0	  1	  4	  3	 38	  0	  0	  0	38,000000	38
FAUST_1[2014-06]	119	migo	Fork9.bmp	17	  0	  1	  4	  3	 38	  0	  0	  0	38,000000	38
FAUST_1[2014-06]	119	migo	Fudge15.bmp	18	  0	  1	  7	  4	 31	  0	  0	  0	31,000000	31
FAUST_1[2014-06]	119	migo	Fudge17.bmp	18	  0	  2	  6	  4	 12	 31	  0	  0	21,500000	31
FAUST_1[2014-06]	119	migo	Fudge20.bmp	18	  0	  1	  7	  4	 12	  0	  0	  0	12,000000	12
FAUST_1[2014-06]	119	migo	Fudge5.bmp	18	  0	  2	  6	  4	 12	 31	  0	  0	21,500000	31
FAUST_1[2014-06]	119	migo	Fudge8.bmp	18	  0	  2	  6	  4	 12	 31	  0	  0	21,500000	31
FAUST_1[2014-06]	119	migo	Ginger10.bmp	19	  0	  1	  8	  4	 32	  0	  0	  0	32,000000	32
FAUST_1[2014-06]	119	migo	Ginger15.bmp	19	  2	  4	  5	  4	  2	  2	  2	 32	9,500000	32
FAUST_1[2014-06]	119	migo	Ginger17.bmp	19	  0	  1	  8	  4	 32	  0	  0	  0	32,000000	32
FAUST_1[2014-06]	119	migo	Ginger3.bmp	19	  0	  1	  8	  4	 32	  0	  0	  0	32,000000	32
FAUST_1[2014-06]	119	migo	Ginger5.bmp	19	  0	  2	  7	  4	 32	 32	  0	  0	32,000000	32
FAUST_1[2014-06]	119	migo	Glass12.bmp	20	  0	  0	  5	  4	  0	  0	  0	  0	0,000000	0
FAUST_1[2014-06]	119	migo	Glass16.bmp	20	  0	  1	  4	  3	 17	  0	  0	  0	17,000000	17
FAUST_1[2014-06]	119	migo	Glass19.bmp	20	  0	  1	  4	  3	 17	  0	  0	  0	17,000000	17
FAUST_1[2014-06]	119	migo	Glass3.bmp	20	  0	  1	  4	  3	 17	  0	  0	  0	17,000000	17
FAUST_1[2014-06]	119	migo	Glass4.bmp	20	  1	  2	  3	  3	 17	 28	  0	  0	22,500000	28
FAUST_1[2014-06]	119	migo	Hand10.bmp	21	  0	  1	  6	  4	  3	  0	  0	  0	3,000000	3
FAUST_1[2014-06]	119	migo	Hand13.bmp	21	  0	  2	  5	  4	 33	 33	  0	  0	33,000000	33
FAUST_1[2014-06]	119	migo	Hand17.bmp	21	  0	  1	  6	  4	  3	  0	  0	  0	3,000000	3
FAUST_1[2014-06]	119	migo	Hand1.bmp	21	  0	  2	  5	  4	  3	  3	  0	  0	3,000000	3
FAUST_1[2014-06]	119	migo	Hand8.bmp	21	  0	  1	  6	  4	  3	  0	  0	  0	3,000000	3
FAUST_1[2014-06]	119	migo	Hanger12.bmp	22	  1	  2	  8	  4	 10	 42	  0	  0	26,000000	42
FAUST_1[2014-06]	119	migo	Hanger14.bmp	22	  0	  2	  8	  4	 10	 42	  0	  0	26,000000	42
FAUST_1[2014-06]	119	migo	Hanger15.bmp	22	  0	  2	  8	  4	 10	 42	  0	  0	26,000000	42
FAUST_1[2014-06]	119	migo	Hanger2.bmp	22	  0	  1	  9	  4	 42	  0	  0	  0	42,000000	42
FAUST_1[2014-06]	119	migo	Hanger7.bmp	22	  0	  3	  7	  4	 10	 10	 42	  0	20,666667	42
FAUST_1[2014-06]	119	migo	Holly11.bmp	23	  0	  2	  4	  3	  6	  6	  0	  0	6,000000	6
FAUST_1[2014-06]	119	migo	Holly14.bmp	23	  1	  2	  4	  3	  6	 25	  0	  0	15,500000	25
FAUST_1[2014-06]	119	migo	Holly17.bmp	23	  0	  1	  5	  3	  6	  0	  0	  0	6,000000	6
FAUST_1[2014-06]	119	migo	Holly20.bmp	23	  0	  0	  6	  4	  0	  0	  0	  0	0,000000	0
FAUST_1[2014-06]	119	migo	Holly3.bmp	23	  0	  1	  5	  3	  6	  0	  0	  0	6,000000	6
FAUST_1[2014-06]	119	migo	Jigsaw10.bmp	24	  1	  3	  4	  3	  4	  4	 36	  0	14,666667	36
FAUST_1[2014-06]	119	migo	Jigsaw11.bmp	24	  0	  0	  7	  4	  0	  0	  0	  0	0,000000	0
FAUST_1[2014-06]	119	migo	Jigsaw14.bmp	24	  0	  2	  5	  3	 36	 36	  0	  0	36,000000	36
FAUST_1[2014-06]	119	migo	Jigsaw17.bmp	24	  0	  1	  6	  3	 36	  0	  0	  0	36,000000	36
FAUST_1[2014-06]	119	migo	Jigsaw18.bmp	24	  0	  1	  6	  3	 36	  0	  0	  0	36,000000	36
FAUST_1[2014-06]	119	migo	Key11.bmp	25	  0	  1	  6	  4	  7	  0	  0	  0	7,000000	7
FAUST_1[2014-06]	119	migo	Key13.bmp	25	  0	  1	  6	  4	  7	  0	  0	  0	7,000000	7
FAUST_1[2014-06]	119	migo	Key20.bmp	25	  1	  1	  6	  4	  7	  0	  0	  0	7,000000	7
FAUST_1[2014-06]	119	migo	Key5.bmp	25	  1	  2	  5	  4	  7	 24	  0	  0	15,500000	24
FAUST_1[2014-06]	119	migo	Key9.bmp	25	  0	  2	  5	  4	  7	 24	  0	  0	15,500000	24
FAUST_1[2014-06]	119	migo	Keys5.bmp	26	  0	  3	  6	  4	  2	 41	 41	  0	28,000000	41
FAUST_1[2014-06]	119	migo	Keys6.bmp	26	  0	  2	  7	  4	  2	 41	  0	  0	21,500000	41
FAUST_1[2014-06]	119	migo	Keys7.bmp	26	  0	  1	  8	  4	  2	  0	  0	  0	2,000000	2
FAUST_1[2014-06]	119	migo	Keys8.bmp	26	  0	  2	  7	  4	  2	 41	  0	  0	21,500000	41
FAUST_1[2014-06]	119	migo	Keys9.bmp	26	  0	  1	  8	  4	 41	  0	  0	  0	41,000000	41
FAUST_1[2014-06]	119	migo	Leaf10.bmp	27	  0	  1	  6	  3	 18	  0	  0	  0	18,000000	18
FAUST_1[2014-06]	119	migo	Leaf13.bmp	27	  1	  3	  4	  3	 18	 18	 18	  0	18,000000	18
FAUST_1[2014-06]	119	migo	Leaf15.bmp	27	  0	  1	  6	  3	 18	  0	  0	  0	18,000000	18
FAUST_1[2014-06]	119	migo	Leaf21.bmp	27	  0	  0	  7	  4	  0	  0	  0	  0	0,000000	0
FAUST_1[2014-06]	119	migo	Leaf22.bmp	27	  0	  2	  5	  3	 18	 34	  0	  0	26,000000	34
FAUST_1[2014-06]	119	migo	Lipstick15.bmp	28	  0	  1	  7	  4	 15	  0	  0	  0	15,000000	15
FAUST_1[2014-06]	119	migo	Lipstick2.bmp	28	  0	  1	  7	  4	 15	  0	  0	  0	15,000000	15
FAUST_1[2014-06]	119	migo	Lipstick3.bmp	28	  1	  4	  4	  4	 15	 43	 43	 43	36,000000	43
FAUST_1[2014-06]	119	migo	Lipstick7.bmp	28	  0	  1	  7	  4	 15	  0	  0	  0	15,000000	15
FAUST_1[2014-06]	119	migo	Lipstick9.bmp	28	  1	  1	  7	  4	 15	  0	  0	  0	15,000000	15
FAUST_1[2014-06]	119	migo	Man10.bmp	29	  0	  0	  8	  4	  0	  0	  0	  0	0,000000	0
FAUST_1[2014-06]	119	migo	Man15.bmp	29	  0	  2	  6	  3	 19	 40	  0	  0	29,500000	40
FAUST_1[2014-06]	119	migo	Man24.bmp	29	  1	  3	  5	  3	 19	 19	 19	  0	19,000000	19
FAUST_1[2014-06]	119	migo	Man2.bmp	29	  0	  1	  7	  3	 19	  0	  0	  0	19,000000	19
FAUST_1[2014-06]	119	migo	Man4.bmp	29	  1	  2	  6	  3	 19	 40	  0	  0	29,500000	40
FAUST_1[2014-06]	119	migo	Mushroom14.bmp	30	  0	  3	  6	  4	  4	  4	 28	  0	12,000000	28
FAUST_1[2014-06]	119	migo	Mushroom18.bmp	30	  0	  1	  8	  4	  4	  0	  0	  0	4,000000	4
FAUST_1[2014-06]	119	migo	Mushroom25.bmp	30	  0	  2	  7	  4	  4	 28	  0	  0	16,000000	28
FAUST_1[2014-06]	119	migo	Mushroom6.bmp	30	  0	  2	  7	  4	  4	 28	  0	  0	16,000000	28
FAUST_1[2014-06]	119	migo	Mushroom7.bmp	30	  0	  1	  8	  4	 28	  0	  0	  0	28,000000	28
FAUST_1[2014-06]	119	migo	Nut11.bmp	31	  0	  1	 10	  4	 29	  0	  0	  0	29,000000	29
FAUST_1[2014-06]	119	migo	Nut18.bmp	31	  0	  3	  8	  4	 13	 13	 29	  0	18,333333	29
FAUST_1[2014-06]	119	migo	Nut19.bmp	31	  0	  1	 10	  4	 13	  0	  0	  0	13,000000	13
FAUST_1[2014-06]	119	migo	Nut21.bmp	31	  0	  2	  9	  4	 13	 29	  0	  0	21,000000	29
FAUST_1[2014-06]	119	migo	Nut2.bmp	31	  1	  4	  7	  4	 13	 29	 29	 29	25,000000	29
FAUST_1[2014-06]	119	migo	Onion13.bmp	32	  0	  3	  6	  4	  9	  9	 27	  0	15,000000	27
FAUST_1[2014-06]	119	migo	Onion14.bmp	32	  0	  1	  8	  4	  9	  0	  0	  0	9,000000	9
FAUST_1[2014-06]	119	migo	Onion18.bmp	32	  0	  2	  7	  4	  9	 27	  0	  0	18,000000	27
FAUST_1[2014-06]	119	migo	Onion19.bmp	32	  0	  1	  8	  4	 27	  0	  0	  0	27,000000	27
FAUST_1[2014-06]	119	migo	Onion7.bmp	32	  0	  2	  7	  4	  9	 27	  0	  0	18,000000	27
FAUST_1[2014-06]	119	migo	Paperclip13.bmp	33	  0	  2	  2	  1	 22	 22	  0	  0	22,000000	22
FAUST_1[2014-06]	119	migo	Paperclip14.bmp	33	  0	  0	  4	  2	  0	  0	  0	  0	0,000000	0
FAUST_1[2014-06]	119	migo	Paperclip4.bmp	33	  0	  0	  4	  2	  0	  0	  0	  0	0,000000	0
FAUST_1[2014-06]	119	migo	Paperclip6.bmp	33	  0	  0	  4	  2	  0	  0	  0	  0	0,000000	0
FAUST_1[2014-06]	119	migo	Paperclip9.bmp	33	  1	  2	  2	  1	 41	 41	  0	  0	41,000000	41
FAUST_1[2014-06]	119	migo	Pear15.bmp	34	  0	  0	  6	  4	  0	  0	  0	  0	0,000000	0
FAUST_1[2014-06]	119	migo	Pear16.bmp	34	  0	  1	  5	  3	 14	  0	  0	  0	14,000000	14
FAUST_1[2014-06]	119	migo	Pear18.bmp	34	  1	  2	  4	  3	 14	 14	  0	  0	14,000000	14
FAUST_1[2014-06]	119	migo	Pear4.bmp	34	  0	  1	  5	  3	 14	  0	  0	  0	14,000000	14
FAUST_1[2014-06]	119	migo	Pear7.bmp	34	  0	  2	  4	  3	 14	 36	  0	  0	25,000000	36
FAUST_1[2014-06]	119	migo	Pen10.bmp	35	  0	  0	  4	  2	  0	  0	  0	  0	0,000000	0
FAUST_1[2014-06]	119	migo	Pen17.bmp	35	  0	  0	  4	  2	  0	  0	  0	  0	0,000000	0
FAUST_1[2014-06]	119	migo	Pen1.bmp	35	  1	  2	  2	  1	 10	 10	  0	  0	10,000000	10
FAUST_1[2014-06]	119	migo	Pen20.bmp	35	  0	  0	  4	  2	  0	  0	  0	  0	0,000000	0
FAUST_1[2014-06]	119	migo	Pen5.bmp	35	  1	  2	  2	  1	 44	 44	  0	  0	44,000000	44
FAUST_1[2014-06]	119	migo	Plug18.bmp	36	  0	  1	  5	  4	 35	  0	  0	  0	35,000000	35
FAUST_1[2014-06]	119	migo	Plug4.bmp	36	  1	  1	  5	  4	 35	  0	  0	  0	35,000000	35
FAUST_1[2014-06]	119	migo	Plug6.bmp	36	  0	  2	  4	  4	  9	 35	  0	  0	22,000000	35
FAUST_1[2014-06]	119	migo	Plug8.bmp	36	  0	  1	  5	  4	 35	  0	  0	  0	35,000000	35
FAUST_1[2014-06]	119	migo	Plug9.bmp	36	  0	  1	  5	  4	 35	  0	  0	  0	35,000000	35
FAUST_1[2014-06]	119	migo	Present14.bmp	37	  0	  0	  3	  1	  0	  0	  0	  0	0,000000	0
FAUST_1[2014-06]	119	migo	Present17.bmp	37	  0	  0	  3	  1	  0	  0	  0	  0	0,000000	0
FAUST_1[2014-06]	119	migo	Present2.bmp	37	  0	  3	  0	  0	 18	 37	 37	  0	30,666667	37
FAUST_1[2014-06]	119	migo	Present3.bmp	37	  0	  0	  3	  1	  0	  0	  0	  0	0,000000	0
FAUST_1[2014-06]	119	migo	Present9.bmp	37	  0	  0	  3	  1	  0	  0	  0	  0	0,000000	0
FAUST_1[2014-06]	119	migo	Scissors11.bmp	38	  0	  2	  8	  3	  1	 23	  0	  0	12,000000	23
FAUST_1[2014-06]	119	migo	Scissors14.bmp	38	  0	  2	  8	  3	  1	 23	  0	  0	12,000000	23
FAUST_1[2014-06]	119	migo	Scissors1.bmp	38	  0	  2	  8	  3	  1	 23	  0	  0	12,000000	23
FAUST_1[2014-06]	119	migo	Scissors23.bmp	38	  1	  4	  6	  3	  1	 23	 23	 23	17,500000	23
FAUST_1[2014-06]	119	migo	Scissors3.bmp	38	  0	  0	 10	  4	  0	  0	  0	  0	0,000000	0
FAUST_1[2014-06]	119	migo	Screw10.bmp	39	  0	  2	  7	  4	 11	 44	  0	  0	27,500000	44
FAUST_1[2014-06]	119	migo	Screw13.bmp	39	  0	  2	  7	  4	 11	 44	  0	  0	27,500000	44
FAUST_1[2014-06]	119	migo	Screw16.bmp	39	  0	  3	  6	  4	 11	 44	 44	  0	33,000000	44
FAUST_1[2014-06]	119	migo	Screw18.bmp	39	  0	  1	  8	  4	 11	  0	  0	  0	11,000000	11
FAUST_1[2014-06]	119	migo	Screw9.bmp	39	  0	  1	  8	  4	 44	  0	  0	  0	44,000000	44
FAUST_1[2014-06]	119	migo	Shell17.bmp	40	  1	  1	  4	  2	 13	  0	  0	  0	13,000000	13
FAUST_1[2014-06]	119	migo	Shell18.bmp	40	  0	  0	  5	  3	  0	  0	  0	  0	0,000000	0
FAUST_1[2014-06]	119	migo	Shell1.bmp	40	  1	  3	  2	  2	 31	 31	 31	  0	31,000000	31
FAUST_1[2014-06]	119	migo	Shell5.bmp	40	  0	  0	  5	  3	  0	  0	  0	  0	0,000000	0
FAUST_1[2014-06]	119	migo	Shell9.bmp	40	  0	  1	  4	  2	 13	  0	  0	  0	13,000000	13
FAUST_1[2014-06]	119	migo	Stapler10.bmp	41	  1	  1	  7	  4	 20	  0	  0	  0	20,000000	20
FAUST_1[2014-06]	119	migo	Stapler6.bmp	41	  0	  1	  7	  4	 34	  0	  0	  0	34,000000	34
FAUST_1[2014-06]	119	migo	Stapler7.bmp	41	  0	  1	  7	  4	 34	  0	  0	  0	34,000000	34
FAUST_1[2014-06]	119	migo	Stapler8.bmp	41	  0	  1	  7	  4	 34	  0	  0	  0	34,000000	34
FAUST_1[2014-06]	119	migo	Stapler9.bmp	41	  0	  4	  4	  4	 20	 20	 34	 34	27,000000	34
FAUST_1[2014-06]	119	migo	Star17.bmp	42	  0	  1	  5	  4	 21	  0	  0	  0	21,000000	21
FAUST_1[2014-06]	119	migo	Star19.bmp	42	  0	  1	  5	  4	 26	  0	  0	  0	26,000000	26
FAUST_1[2014-06]	119	migo	Star1.bmp	42	  0	  2	  4	  4	 21	 21	  0	  0	21,000000	21
FAUST_1[2014-06]	119	migo	Star2.bmp	42	  0	  1	  5	  4	 21	  0	  0	  0	21,000000	21
FAUST_1[2014-06]	119	migo	Star7.bmp	42	  0	  1	  5	  4	 21	  0	  0	  0	21,000000	21
FAUST_1[2014-06]	119	migo	Strawberry14.bmp	43	  0	  2	  1	  1	 42	 42	  0	  0	42,000000	42
FAUST_1[2014-06]	119	migo	Strawberry18.bmp	43	  0	  0	  3	  2	  0	  0	  0	  0	0,000000	0
FAUST_1[2014-06]	119	migo	Strawberry21.bmp	43	  0	  0	  3	  2	  0	  0	  0	  0	0,000000	0
FAUST_1[2014-06]	119	migo	Strawberry3.bmp	43	  0	  0	  3	  2	  0	  0	  0	  0	0,000000	0
FAUST_1[2014-06]	119	migo	Strawberry4.bmp	43	  1	  1	  2	  1	  9	  0	  0	  0	9,000000	9
FAUST_1[2014-06]	119	migo	String12.bmp	44	  0	  0	  2	  2	  0	  0	  0	  0	0,000000	0
FAUST_1[2014-06]	119	migo	String2.bmp	44	  0	  1	  1	  1	  6	  0	  0	  0	6,000000	6
FAUST_1[2014-06]	119	migo	String6.bmp	44	  0	  0	  2	  2	  0	  0	  0	  0	0,000000	0
FAUST_1[2014-06]	119	migo	String8.bmp	44	  0	  0	  2	  2	  0	  0	  0	  0	0,000000	0
FAUST_1[2014-06]	119	migo	String9.bmp	44	  1	  1	  1	  1	 26	  0	  0	  0	26,000000	26
FAUST_1[2014-06]	119	migo	Sweet10.bmp	45	  0	  0	  2	  2	  0	  0	  0	  0	0,000000	0
FAUST_1[2014-06]	119	migo	Sweet18.bmp	45	  1	  1	  1	  1	 38	  0	  0	  0	38,000000	38
FAUST_1[2014-06]	119	migo	Sweet1.bmp	45	  0	  1	  1	  1	 19	  0	  0	  0	19,000000	19
FAUST_1[2014-06]	119	migo	Sweet22.bmp	45	  0	  0	  2	  2	  0	  0	  0	  0	0,000000	0
FAUST_1[2014-06]	119	migo	Sweet25.bmp	45	  0	  0	  2	  2	  0	  0	  0	  0	0,000000	0
FAUST_1[2014-06]	119	migo	Swirl10.bmp	46	  1	  1	  8	  4	 16	  0	  0	  0	16,000000	16
FAUST_1[2014-06]	119	migo	Swirl13.bmp	46	  1	  2	  7	  4	 16	 39	  0	  0	27,500000	39
FAUST_1[2014-06]	119	migo	Swirl1.bmp	46	  0	  2	  7	  4	 16	 16	  0	  0	16,000000	16
FAUST_1[2014-06]	119	migo	Swirl23.bmp	46	  0	  1	  8	  4	 16	  0	  0	  0	16,000000	16
FAUST_1[2014-06]	119	migo	Swirl5.bmp	46	  0	  3	  6	  4	 16	 39	 39	  0	31,333333	39
FAUST_1[2014-06]	119	migo	Tomato12.bmp	47	  0	  0	  2	  2	  0	  0	  0	  0	0,000000	0
FAUST_1[2014-06]	119	migo	Tomato18.bmp	47	  0	  0	  2	  2	  0	  0	  0	  0	0,000000	0
FAUST_1[2014-06]	119	migo	Tomato2.bmp	47	  0	  1	  1	  1	 32	  0	  0	  0	32,000000	32
FAUST_1[2014-06]	119	migo	Tomato3.bmp	47	  1	  1	  1	  1	  5	  0	  0	  0	5,000000	5
FAUST_1[2014-06]	119	migo	Tomato5.bmp	47	  0	  0	  2	  2	  0	  0	  0	  0	0,000000	0
FAUST_1[2014-06]	119	migo	Toothbrush10.bmp	48	  1	  1	  2	  2	  3	  0	  0	  0	3,000000	3
FAUST_1[2014-06]	119	migo	Toothbrush12.bmp	48	  0	  0	  3	  3	  0	  0	  0	  0	0,000000	0
FAUST_1[2014-06]	119	migo	Toothbrush1.bmp	48	  0	  1	  2	  2	 29	  0	  0	  0	29,000000	29
FAUST_1[2014-06]	119	migo	Toothbrush6.bmp	48	  0	  0	  3	  3	  0	  0	  0	  0	0,000000	0
FAUST_1[2014-06]	119	migo	Toothbrush9.bmp	48	  0	  1	  2	  2	  3	  0	  0	  0	3,000000	3
FAUST_1[2014-06]	119	migo	Umbrella17.bmp	49	  1	  2	  3	  3	 21	 39	  0	  0	30,000000	39
FAUST_1[2014-06]	119	migo	Umbrella19.bmp	49	  0	  1	  4	  3	 39	  0	  0	  0	39,000000	39
FAUST_1[2014-06]	119	migo	Umbrella21.bmp	49	  0	  0	  5	  4	  0	  0	  0	  0	0,000000	0
FAUST_1[2014-06]	119	migo	Umbrella6.bmp	49	  0	  1	  4	  3	 39	  0	  0	  0	39,000000	39
FAUST_1[2014-06]	119	migo	Umbrella7.bmp	49	  0	  1	  4	  3	 39	  0	  0	  0	39,000000	39
FAUST_1[2014-06]	119	migo	Varnish11.bmp	50	  0	  2	  2	  1	 12	 12	  0	  0	12,000000	12
FAUST_1[2014-06]	119	migo	Varnish14.bmp	50	  0	  2	  2	  1	 35	 35	  0	  0	35,000000	35
FAUST_1[2014-06]	119	migo	Varnish17.bmp	50	  0	  0	  4	  2	  0	  0	  0	  0	0,000000	0
FAUST_1[2014-06]	119	migo	Varnish3.bmp	50	  0	  0	  4	  2	  0	  0	  0	  0	0,000000	0
FAUST_1[2014-06]	119	migo	Varnish5.bmp	50	  0	  0	  4	  2	  0	  0	  0	  0	0,000000	0
FAUST_1[2014-06]	119	brady	abacus_15.bmp	1	  0	  0	  3	  2	  0	  0	  0	  0	0,000000	0
FAUST_1[2014-06]	119	brady	abacus_2.bmp	1	  0	  0	  3	  2	  0	  0	  0	  0	0,000000	0
FAUST_1[2014-06]	119	brady	abacus_4.bmp	1	  1	  2	  1	  1	 38	 38	  0	  0	38,000000	38
FAUST_1[2014-06]	119	brady	abacus_6.bmp	1	  0	  0	  3	  2	  0	  0	  0	  0	0,000000	0
FAUST_1[2014-06]	119	brady	abacus_7.bmp	1	  0	  1	  2	  1	 11	  0	  0	  0	11,000000	11
FAUST_1[2014-06]	119	brady	babycrib_2.bmp	2	  0	  1	  5	  3	  2	  0	  0	  0	2,000000	2
FAUST_1[2014-06]	119	brady	babycrib_5.bmp	2	  0	  0	  6	  4	  0	  0	  0	  0	0,000000	0
FAUST_1[2014-06]	119	brady	babycrib_6.bmp	2	  0	  1	  5	  3	  2	  0	  0	  0	2,000000	2
FAUST_1[2014-06]	119	brady	babycrib_7.bmp	2	  0	  1	  5	  3	  2	  0	  0	  0	2,000000	2
FAUST_1[2014-06]	119	brady	babycrib_9.bmp	2	  0	  3	  3	  3	  2	 47	 47	  0	32,000000	47
FAUST_1[2014-06]	119	brady	backpack_10.bmp	3	  0	  2	  6	  3	  3	  3	  0	  0	3,000000	3
FAUST_1[2014-06]	119	brady	backpack_12.bmp	3	  0	  0	  8	  4	  0	  0	  0	  0	0,000000	0
FAUST_1[2014-06]	119	brady	backpack_13.bmp	3	  0	  3	  5	  3	  3	 62	 62	  0	42,333333	62
FAUST_1[2014-06]	119	brady	backpack_16.bmp	3	  1	  2	  6	  3	  3	 62	  0	  0	32,500000	62
FAUST_1[2014-06]	119	brady	backpack_6.bmp	3	  0	  1	  7	  3	  3	  0	  0	  0	3,000000	3
FAUST_1[2014-06]	119	brady	bagel_10.bmp	4	  0	  1	  5	  3	 22	  0	  0	  0	22,000000	22
FAUST_1[2014-06]	119	brady	bagel_12.bmp	4	  0	  0	  6	  4	  0	  0	  0	  0	0,000000	0
FAUST_1[2014-06]	119	brady	bagel_14.bmp	4	  0	  1	  5	  3	 22	  0	  0	  0	22,000000	22
FAUST_1[2014-06]	119	brady	bagel_16.bmp	4	  0	  3	  3	  3	 22	 59	 59	  0	46,666667	59
FAUST_1[2014-06]	119	brady	bagel_4.bmp	4	  0	  1	  5	  3	 22	  0	  0	  0	22,000000	22
FAUST_1[2014-06]	119	brady	beanbagchair_12.bmp	5	  0	  1	  6	  3	 21	  0	  0	  0	21,000000	21
FAUST_1[2014-06]	119	brady	beanbagchair_14.bmp	5	  0	  1	  6	  3	 21	  0	  0	  0	21,000000	21
FAUST_1[2014-06]	119	brady	beanbagchair_15.bmp	5	  0	  0	  7	  4	  0	  0	  0	  0	0,000000	0
FAUST_1[2014-06]	119	brady	beanbagchair_17.bmp	5	  0	  1	  6	  3	 21	  0	  0	  0	21,000000	21
FAUST_1[2014-06]	119	brady	beanbagchair_3.bmp	5	  1	  4	  3	  3	 21	 51	 51	 51	43,500000	51
FAUST_1[2014-06]	119	brady	birdhouse_11.bmp	6	  0	  2	  7	  3	 23	 60	  0	  0	41,500000	60
FAUST_1[2014-06]	119	brady	birdhouse_14.bmp	6	  0	  0	  9	  4	  0	  0	  0	  0	0,000000	0
FAUST_1[2014-06]	119	brady	birdhouse_6.bmp	6	  0	  3	  6	  3	 23	 23	 60	  0	35,333333	60
FAUST_1[2014-06]	119	brady	birdhouse_7.bmp	6	  0	  2	  7	  3	 23	 60	  0	  0	41,500000	60
FAUST_1[2014-06]	119	brady	birdhouse_9.bmp	6	  0	  2	  7	  3	 23	 60	  0	  0	41,500000	60
FAUST_1[2014-06]	119	brady	bowlingpin_11.bmp	7	  0	  1	  5	  3	 49	  0	  0	  0	49,000000	49
FAUST_1[2014-06]	119	brady	bowlingpin_13.bmp	7	  0	  1	  5	  3	 49	  0	  0	  0	49,000000	49
FAUST_1[2014-06]	119	brady	bowlingpin_1.bmp	7	  0	  3	  3	  3	 25	 25	 49	  0	33,000000	49
FAUST_1[2014-06]	119	brady	bowlingpin_3.bmp	7	  0	  1	  5	  3	 49	  0	  0	  0	49,000000	49
FAUST_1[2014-06]	119	brady	bowlingpin_4.bmp	7	  0	  0	  6	  4	  0	  0	  0	  0	0,000000	0
FAUST_1[2014-06]	119	brady	cake_14.bmp	8	  0	  2	  7	  4	 18	 46	  0	  0	32,000000	46
FAUST_1[2014-06]	119	brady	cake_1.bmp	8	  0	  3	  6	  4	 18	 18	 46	  0	27,333333	46
FAUST_1[2014-06]	119	brady	cake_3.bmp	8	  0	  1	  8	  4	 46	  0	  0	  0	46,000000	46
FAUST_1[2014-06]	119	brady	cake_4.bmp	8	  0	  1	  8	  4	 18	  0	  0	  0	18,000000	18
FAUST_1[2014-06]	119	brady	cake_5.bmp	8	  0	  2	  7	  4	 18	 46	  0	  0	32,000000	46
FAUST_1[2014-06]	119	brady	camera_3.bmp	9	  0	  1	  6	  4	 38	  0	  0	  0	38,000000	38
FAUST_1[2014-06]	119	brady	camera_4.bmp	9	  0	  2	  5	  4	 38	 38	  0	  0	38,000000	38
FAUST_1[2014-06]	119	brady	camera_6.bmp	9	  0	  1	  6	  4	 38	  0	  0	  0	38,000000	38
FAUST_1[2014-06]	119	brady	camera_7.bmp	9	  0	  1	  6	  4	 38	  0	  0	  0	38,000000	38
FAUST_1[2014-06]	119	brady	camera_9.bmp	9	  0	  2	  5	  4	  4	  4	  0	  0	4,000000	4
FAUST_1[2014-06]	119	brady	carabiner_2.bmp	10	  0	  2	  2	  1	  9	  9	  0	  0	9,000000	9
FAUST_1[2014-06]	119	brady	carabiner_5.bmp	10	  0	  0	  4	  2	  0	  0	  0	  0	0,000000	0
FAUST_1[2014-06]	119	brady	carabiner_6.bmp	10	  0	  0	  4	  2	  0	  0	  0	  0	0,000000	0
FAUST_1[2014-06]	119	brady	carabiner_7.bmp	10	  0	  0	  4	  2	  0	  0	  0	  0	0,000000	0
FAUST_1[2014-06]	119	brady	carabiner_9.bmp	10	  1	  2	  2	  1	 63	 63	  0	  0	63,000000	63
FAUST_1[2014-06]	119	brady	carriage_12.bmp	11	  0	  1	  2	  1	 35	  0	  0	  0	35,000000	35
FAUST_1[2014-06]	119	brady	carriage_14.bmp	11	  0	  2	  1	  1	 27	 27	  0	  0	27,000000	27
FAUST_1[2014-06]	119	brady	carriage_2.bmp	11	  0	  0	  3	  2	  0	  0	  0	  0	0,000000	0
FAUST_1[2014-06]	119	brady	carriage_3.bmp	11	  0	  0	  3	  2	  0	  0	  0	  0	0,000000	0
FAUST_1[2014-06]	119	brady	carriage_9.bmp	11	  0	  0	  3	  2	  0	  0	  0	  0	0,000000	0
FAUST_1[2014-06]	119	brady	cat_10.bmp	12	  0	  1	  6	  4	 53	  0	  0	  0	53,000000	53
FAUST_1[2014-06]	119	brady	cat_1.bmp	12	  0	  1	  6	  4	 53	  0	  0	  0	53,000000	53
FAUST_1[2014-06]	119	brady	cat_4.bmp	12	  1	  1	  6	  4	 53	  0	  0	  0	53,000000	53
FAUST_1[2014-06]	119	brady	cat_5.bmp	12	  0	  1	  6	  4	 53	  0	  0	  0	53,000000	53
FAUST_1[2014-06]	119	brady	cat_9.bmp	12	  0	  3	  4	  4	 12	 12	 53	  0	25,666667	53
FAUST_1[2014-06]	119	brady	cellphone_11.bmp	13	  2	  4	  3	  3	 25	 25	 64	 64	44,500000	64
FAUST_1[2014-06]	119	brady	cellphone_12.bmp	13	  0	  1	  6	  3	 25	  0	  0	  0	25,000000	25
FAUST_1[2014-06]	119	brady	cellphone_3.bmp	13	  0	  1	  6	  3	 25	  0	  0	  0	25,000000	25
FAUST_1[2014-06]	119	brady	cellphone_4.bmp	13	  0	  1	  6	  3	 25	  0	  0	  0	25,000000	25
FAUST_1[2014-06]	119	brady	cellphone_8.bmp	13	  0	  0	  7	  4	  0	  0	  0	  0	0,000000	0
FAUST_1[2014-06]	119	brady	chair_11.bmp	14	  0	  3	  5	  4	  5	  5	 56	  0	22,000000	56
FAUST_1[2014-06]	119	brady	chair_16.bmp	14	  0	  1	  7	  4	  5	  0	  0	  0	5,000000	5
FAUST_1[2014-06]	119	brady	chair_2.bmp	14	  0	  1	  7	  4	  5	  0	  0	  0	5,000000	5
FAUST_1[2014-06]	119	brady	chair_3.bmp	14	  1	  1	  7	  4	  5	  0	  0	  0	5,000000	5
FAUST_1[2014-06]	119	brady	chair_5.bmp	14	  1	  2	  6	  4	  5	 56	  0	  0	30,500000	56
FAUST_1[2014-06]	119	brady	cheesegrater_11.bmp	15	  0	  3	  5	  4	 29	 29	 40	  0	32,666667	40
FAUST_1[2014-06]	119	brady	cheesegrater_14.bmp	15	  0	  2	  6	  4	 40	 40	  0	  0	40,000000	40
FAUST_1[2014-06]	119	brady	cheesegrater_15.bmp	15	  0	  1	  7	  4	 40	  0	  0	  0	40,000000	40
FAUST_1[2014-06]	119	brady	cheesegrater_5.bmp	15	  1	  1	  7	  4	 40	  0	  0	  0	40,000000	40
FAUST_1[2014-06]	119	brady	cheesegrater_8.bmp	15	  0	  1	  7	  4	 40	  0	  0	  0	40,000000	40
FAUST_1[2014-06]	119	brady	cherubstatue_10.bmp	16	  0	  1	  6	  3	 31	  0	  0	  0	31,000000	31
FAUST_1[2014-06]	119	brady	cherubstatue_11.bmp	16	  0	  0	  7	  4	  0	  0	  0	  0	0,000000	0
FAUST_1[2014-06]	119	brady	cherubstatue_12.bmp	16	  0	  1	  6	  3	 31	  0	  0	  0	31,000000	31
FAUST_1[2014-06]	119	brady	cherubstatue_5.bmp	16	  0	  2	  5	  3	 31	 55	  0	  0	43,000000	55
FAUST_1[2014-06]	119	brady	cherubstatue_6.bmp	16	  1	  3	  4	  3	 31	 31	 31	  0	31,000000	31
FAUST_1[2014-06]	119	brady	circuitboard_13.bmp	17	  0	  2	  8	  4	 24	 59	  0	  0	41,500000	59
FAUST_1[2014-06]	119	brady	circuitboard_16.bmp	17	  0	  2	  8	  4	 24	 59	  0	  0	41,500000	59
FAUST_1[2014-06]	119	brady	circuitboard_2.bmp	17	  1	  3	  7	  4	 24	 24	 24	  0	24,000000	24
FAUST_1[2014-06]	119	brady	circuitboard_4.bmp	17	  0	  2	  8	  4	 24	 59	  0	  0	41,500000	59
FAUST_1[2014-06]	119	brady	circuitboard_8.bmp	17	  0	  1	  9	  4	 59	  0	  0	  0	59,000000	59
FAUST_1[2014-06]	119	brady	coffee_14.bmp	18	  0	  1	  7	  3	 63	  0	  0	  0	63,000000	63
FAUST_1[2014-06]	119	brady	coffee_15.bmp	18	  1	  3	  5	  3	 10	 63	 63	  0	45,333333	63
FAUST_1[2014-06]	119	brady	coffee_1.bmp	18	  0	  1	  7	  3	 63	  0	  0	  0	63,000000	63
FAUST_1[2014-06]	119	brady	coffee_2.bmp	18	  0	  0	  8	  4	  0	  0	  0	  0	0,000000	0
FAUST_1[2014-06]	119	brady	coffee_7.bmp	18	  0	  3	  5	  3	 10	 10	 63	  0	27,666667	63
FAUST_1[2014-06]	119	brady	doorknob_10.bmp	19	  1	  3	  6	  3	  9	 47	 47	  0	34,333333	47
FAUST_1[2014-06]	119	brady	doorknob_14.bmp	19	  0	  2	  7	  3	  9	 47	  0	  0	28,000000	47
FAUST_1[2014-06]	119	brady	doorknob_17.bmp	19	  0	  2	  7	  3	  9	 47	  0	  0	28,000000	47
FAUST_1[2014-06]	119	brady	doorknob_2.bmp	19	  0	  0	  9	  4	  0	  0	  0	  0	0,000000	0
FAUST_1[2014-06]	119	brady	doorknob_7.bmp	19	  0	  2	  7	  3	  9	 47	  0	  0	28,000000	47
FAUST_1[2014-06]	119	brady	doorknocker_11.bmp	20	  1	  1	  1	  1	  9	  0	  0	  0	9,000000	9
FAUST_1[2014-06]	119	brady	doorknocker_14.bmp	20	  0	  0	  2	  2	  0	  0	  0	  0	0,000000	0
FAUST_1[2014-06]	119	brady	doorknocker_2.bmp	20	  0	  0	  2	  2	  0	  0	  0	  0	0,000000	0
FAUST_1[2014-06]	119	brady	doorknocker_4.bmp	20	  0	  0	  2	  2	  0	  0	  0	  0	0,000000	0
FAUST_1[2014-06]	119	brady	doorknocker_5.bmp	20	  1	  1	  1	  1	 42	  0	  0	  0	42,000000	42
FAUST_1[2014-06]	119	brady	easteregg_14.bmp	21	  0	  0	  5	  2	  0	  0	  0	  0	0,000000	0
FAUST_1[2014-06]	119	brady	easteregg_16.bmp	21	  0	  0	  5	  2	  0	  0	  0	  0	0,000000	0
FAUST_1[2014-06]	119	brady	easteregg_17.bmp	21	  0	  4	  1	  1	 22	 22	 49	 49	35,500000	49
FAUST_1[2014-06]	119	brady	easteregg_5.bmp	21	  1	  1	  4	  1	 22	  0	  0	  0	22,000000	22
FAUST_1[2014-06]	119	brady	easteregg_9.bmp	21	  0	  0	  5	  2	  0	  0	  0	  0	0,000000	0
FAUST_1[2014-06]	119	brady	fan_10.bmp	22	  0	  1	  5	  4	 16	  0	  0	  0	16,000000	16
FAUST_1[2014-06]	119	brady	fan_11.bmp	22	  0	  2	  4	  4	 16	 48	  0	  0	32,000000	48
FAUST_1[2014-06]	119	brady	fan_15.bmp	22	  1	  1	  5	  4	 16	  0	  0	  0	16,000000	16
FAUST_1[2014-06]	119	brady	fan_17.bmp	22	  0	  1	  5	  4	 16	  0	  0	  0	16,000000	16
FAUST_1[2014-06]	119	brady	fan_1.bmp	22	  0	  1	  5	  4	 16	  0	  0	  0	16,000000	16
FAUST_1[2014-06]	119	brady	flashlight_12.bmp	23	  0	  1	  6	  3	 12	  0	  0	  0	12,000000	12
FAUST_1[2014-06]	119	brady	flashlight_13.bmp	23	  0	  3	  4	  3	 12	 52	 52	  0	38,666667	52
FAUST_1[2014-06]	119	brady	flashlight_17.bmp	23	  0	  1	  6	  3	 12	  0	  0	  0	12,000000	12
FAUST_1[2014-06]	119	brady	flashlight_1.bmp	23	  0	  0	  7	  4	  0	  0	  0	  0	0,000000	0
FAUST_1[2014-06]	119	brady	flashlight_2.bmp	23	  1	  2	  5	  3	 12	 12	  0	  0	12,000000	12
FAUST_1[2014-06]	119	brady	garbagecan_10.bmp	24	  0	  0	  2	  1	  0	  0	  0	  0	0,000000	0
FAUST_1[2014-06]	119	brady	garbagecan_13.bmp	24	  2	  2	  0	  0	 18	 44	  0	  0	31,000000	44
FAUST_1[2014-06]	119	brady	garbagecan_17.bmp	24	  0	  0	  2	  1	  0	  0	  0	  0	0,000000	0
FAUST_1[2014-06]	119	brady	garbagecan_2.bmp	24	  0	  0	  2	  1	  0	  0	  0	  0	0,000000	0
FAUST_1[2014-06]	119	brady	garbagecan_8.bmp	24	  0	  0	  2	  1	  0	  0	  0	  0	0,000000	0
FAUST_1[2014-06]	119	brady	glasses_13.bmp	25	  0	  0	  2	  1	  0	  0	  0	  0	0,000000	0
FAUST_1[2014-06]	119	brady	glasses_15.bmp	25	  0	  2	  0	  0	  5	 42	  0	  0	23,500000	42
FAUST_1[2014-06]	119	brady	glasses_6.bmp	25	  0	  0	  2	  1	  0	  0	  0	  0	0,000000	0
FAUST_1[2014-06]	119	brady	glasses_8.bmp	25	  0	  0	  2	  1	  0	  0	  0	  0	0,000000	0
FAUST_1[2014-06]	119	brady	glasses_9.bmp	25	  0	  0	  2	  1	  0	  0	  0	  0	0,000000	0
FAUST_1[2014-06]	119	brady	glove_10.bmp	26	  1	  1	  6	  4	 55	  0	  0	  0	55,000000	55
FAUST_1[2014-06]	119	brady	glove_12.bmp	26	  0	  3	  4	  4	  1	 55	 55	  0	37,000000	55
FAUST_1[2014-06]	119	brady	glove_15.bmp	26	  0	  1	  6	  4	 55	  0	  0	  0	55,000000	55
FAUST_1[2014-06]	119	brady	glove_5.bmp	26	  0	  1	  6	  4	 55	  0	  0	  0	55,000000	55
FAUST_1[2014-06]	119	brady	glove_8.bmp	26	  0	  1	  6	  4	 55	  0	  0	  0	55,000000	55
FAUST_1[2014-06]	119	brady	goggle_13.bmp	27	  0	  0	  4	  2	  0	  0	  0	  0	0,000000	0
FAUST_1[2014-06]	119	brady	goggle_1.bmp	27	  0	  2	  2	  1	 46	 46	  0	  0	46,000000	46
FAUST_1[2014-06]	119	brady	goggle_3.bmp	27	  0	  0	  4	  2	  0	  0	  0	  0	0,000000	0
FAUST_1[2014-06]	119	brady	goggle_4.bmp	27	  0	  0	  4	  2	  0	  0	  0	  0	0,000000	0
FAUST_1[2014-06]	119	brady	goggle_9.bmp	27	  0	  2	  2	  1	 19	 19	  0	  0	19,000000	19
FAUST_1[2014-06]	119	brady	guitar_10.bmp	28	  0	  0	  4	  2	  0	  0	  0	  0	0,000000	0
FAUST_1[2014-06]	119	brady	guitar_14.bmp	28	  1	  3	  1	  1	  7	  7	  7	  0	7,000000	7
FAUST_1[2014-06]	119	brady	guitar_5.bmp	28	  0	  0	  4	  2	  0	  0	  0	  0	0,000000	0
FAUST_1[2014-06]	119	brady	guitar_7.bmp	28	  0	  1	  3	  1	 58	  0	  0	  0	58,000000	58
FAUST_1[2014-06]	119	brady	guitar_8.bmp	28	  0	  0	  4	  2	  0	  0	  0	  0	0,000000	0
FAUST_1[2014-06]	119	brady	hairbrush_12.bmp	29	  0	  0	  7	  4	  0	  0	  0	  0	0,000000	0
FAUST_1[2014-06]	119	brady	hairbrush_15.bmp	29	  0	  1	  6	  3	 43	  0	  0	  0	43,000000	43
FAUST_1[2014-06]	119	brady	hairbrush_16.bmp	29	  1	  2	  5	  3	 32	 43	  0	  0	37,500000	43
FAUST_1[2014-06]	119	brady	hairbrush_17.bmp	29	  0	  1	  6	  3	 43	  0	  0	  0	43,000000	43
FAUST_1[2014-06]	119	brady	hairbrush_7.bmp	29	  0	  3	  4	  3	 32	 43	 43	  0	39,333333	43
FAUST_1[2014-06]	119	brady	hairdryer_12.bmp	30	  0	  1	  9	  4	 39	  0	  0	  0	39,000000	39
FAUST_1[2014-06]	119	brady	hairdryer_13.bmp	30	  0	  2	  8	  4	  1	 39	  0	  0	20,000000	39
FAUST_1[2014-06]	119	brady	hairdryer_14.bmp	30	  0	  1	  9	  4	  1	  0	  0	  0	1,000000	1
FAUST_1[2014-06]	119	brady	hairdryer_2.bmp	30	  0	  4	  6	  4	  1	  1	 39	 39	20,000000	39
FAUST_1[2014-06]	119	brady	hairdryer_7.bmp	30	  0	  2	  8	  4	  1	 39	  0	  0	20,000000	39
FAUST_1[2014-06]	119	brady	hammer_11.bmp	31	  0	  0	  4	  2	  0	  0	  0	  0	0,000000	0
FAUST_1[2014-06]	119	brady	hammer_15.bmp	31	  2	  2	  2	  1	 23	 34	  0	  0	28,500000	34
FAUST_1[2014-06]	119	brady	hammer_17.bmp	31	  0	  0	  4	  2	  0	  0	  0	  0	0,000000	0
FAUST_1[2014-06]	119	brady	hammer_6.bmp	31	  0	  2	  2	  1	 34	 34	  0	  0	34,000000	34
FAUST_1[2014-06]	119	brady	hammer_8.bmp	31	  0	  0	  4	  2	  0	  0	  0	  0	0,000000	0
FAUST_1[2014-06]	119	brady	highchair_10.bmp	32	  0	  1	  5	  4	 56	  0	  0	  0	56,000000	56
FAUST_1[2014-06]	119	brady	highchair_15.bmp	32	  0	  2	  4	  4	 56	 56	  0	  0	56,000000	56
FAUST_1[2014-06]	119	brady	highchair_3.bmp	32	  0	  1	  5	  4	 56	  0	  0	  0	56,000000	56
FAUST_1[2014-06]	119	brady	highchair_4.bmp	32	  0	  1	  5	  4	 56	  0	  0	  0	56,000000	56
FAUST_1[2014-06]	119	brady	highchair_6.bmp	32	  0	  1	  5	  4	 26	  0	  0	  0	26,000000	26
FAUST_1[2014-06]	119	brady	horseshoe_12.bmp	33	  0	  2	  8	  4	 32	 50	  0	  0	41,000000	50
FAUST_1[2014-06]	119	brady	horseshoe_3.bmp	33	  0	  1	  9	  4	 32	  0	  0	  0	32,000000	32
FAUST_1[2014-06]	119	brady	horseshoe_4.bmp	33	  0	  2	  8	  4	 32	 50	  0	  0	41,000000	50
FAUST_1[2014-06]	119	brady	horseshoe_5.bmp	33	  1	  2	  8	  4	 50	 50	  0	  0	50,000000	50
FAUST_1[2014-06]	119	brady	horseshoe_6.bmp	33	  0	  3	  7	  4	 32	 32	 50	  0	38,000000	50
FAUST_1[2014-06]	119	brady	iceskates_14.bmp	34	  1	  4	  4	  3	 26	 33	 33	 33	31,250000	33
FAUST_1[2014-06]	119	brady	iceskates_16.bmp	34	  0	  0	  8	  4	  0	  0	  0	  0	0,000000	0
FAUST_1[2014-06]	119	brady	iceskates_5.bmp	34	  0	  1	  7	  3	 26	  0	  0	  0	26,000000	26
FAUST_1[2014-06]	119	brady	iceskates_7.bmp	34	  0	  2	  6	  3	 26	 26	  0	  0	26,000000	26
FAUST_1[2014-06]	119	brady	iceskates_9.bmp	34	  0	  1	  7	  3	 26	  0	  0	  0	26,000000	26
FAUST_1[2014-06]	119	brady	jacket_10.bmp	35	  0	  1	  5	  3	 64	  0	  0	  0	64,000000	64
FAUST_1[2014-06]	119	brady	jacket_11.bmp	35	  0	  2	  4	  3	 64	 64	  0	  0	64,000000	64
FAUST_1[2014-06]	119	brady	jacket_13.bmp	35	  0	  0	  6	  4	  0	  0	  0	  0	0,000000	0
FAUST_1[2014-06]	119	brady	jacket_6.bmp	35	  1	  2	  4	  3	 15	 64	  0	  0	39,500000	64
FAUST_1[2014-06]	119	brady	jacket_7.bmp	35	  0	  1	  5	  3	 64	  0	  0	  0	64,000000	64
FAUST_1[2014-06]	119	brady	laptop_10.bmp	36	  0	  1	  6	  3	 41	  0	  0	  0	41,000000	41
FAUST_1[2014-06]	119	brady	laptop_14.bmp	36	  0	  0	  7	  4	  0	  0	  0	  0	0,000000	0
FAUST_1[2014-06]	119	brady	laptop_15.bmp	36	  0	  1	  6	  3	 41	  0	  0	  0	41,000000	41
FAUST_1[2014-06]	119	brady	laptop_16.bmp	36	  0	  3	  4	  3	 17	 17	 41	  0	25,000000	41
FAUST_1[2014-06]	119	brady	laptop_7.bmp	36	  0	  2	  5	  3	 41	 41	  0	  0	41,000000	41
FAUST_1[2014-06]	119	brady	lawnmower_13.bmp	37	  0	  0	  4	  3	  0	  0	  0	  0	0,000000	0
FAUST_1[2014-06]	119	brady	lawnmower_15.bmp	37	  0	  2	  2	  2	 36	 36	  0	  0	36,000000	36
FAUST_1[2014-06]	119	brady	lawnmower_17.bmp	37	  0	  1	  3	  2	 30	  0	  0	  0	30,000000	30
FAUST_1[2014-06]	119	brady	lawnmower_3.bmp	37	  1	  1	  3	  2	 30	  0	  0	  0	30,000000	30
FAUST_1[2014-06]	119	brady	lawnmower_8.bmp	37	  0	  0	  4	  3	  0	  0	  0	  0	0,000000	0
FAUST_1[2014-06]	119	brady	leatherman_10.bmp	38	  1	  1	  4	  2	 60	  0	  0	  0	60,000000	60
FAUST_1[2014-06]	119	brady	leatherman_14.bmp	38	  0	  0	  5	  3	  0	  0	  0	  0	0,000000	0
FAUST_1[2014-06]	119	brady	leatherman_2.bmp	38	  1	  2	  3	  2	  3	  3	  0	  0	3,000000	3
FAUST_1[2014-06]	119	brady	leatherman_5.bmp	38	  0	  0	  5	  3	  0	  0	  0	  0	0,000000	0
FAUST_1[2014-06]	119	brady	leatherman_7.bmp	38	  0	  2	  3	  2	 60	 60	  0	  0	60,000000	60
FAUST_1[2014-06]	119	brady	mic_10.bmp	39	  0	  1	  5	  4	 10	  0	  0	  0	10,000000	10
FAUST_1[2014-06]	119	brady	mic_12.bmp	39	  0	  1	  5	  4	 10	  0	  0	  0	10,000000	10
FAUST_1[2014-06]	119	brady	mic_2.bmp	39	  0	  2	  4	  4	 10	 45	  0	  0	27,500000	45
FAUST_1[2014-06]	119	brady	mic_3.bmp	39	  1	  1	  5	  4	 45	  0	  0	  0	45,000000	45
FAUST_1[2014-06]	119	brady	mic_5.bmp	39	  0	  1	  5	  4	 10	  0	  0	  0	10,000000	10
FAUST_1[2014-06]	119	brady	orifan_14.bmp	40	  0	  1	  4	  3	 19	  0	  0	  0	19,000000	19
FAUST_1[2014-06]	119	brady	orifan_17.bmp	40	  0	  1	  4	  3	 19	  0	  0	  0	19,000000	19
FAUST_1[2014-06]	119	brady	orifan_1.bmp	40	  0	  1	  4	  3	 19	  0	  0	  0	19,000000	19
FAUST_1[2014-06]	119	brady	orifan_6.bmp	40	  1	  2	  3	  3	 19	 59	  0	  0	39,000000	59
FAUST_1[2014-06]	119	brady	orifan_7.bmp	40	  0	  0	  5	  4	  0	  0	  0	  0	0,000000	0
FAUST_1[2014-06]	119	brady	parfait_11.bmp	41	  0	  2	  9	  4	 13	 57	  0	  0	35,000000	57
FAUST_1[2014-06]	119	brady	parfait_13.bmp	41	  0	  2	  9	  4	 13	 57	  0	  0	35,000000	57
FAUST_1[2014-06]	119	brady	parfait_15.bmp	41	  0	  2	  9	  4	 13	 57	  0	  0	35,000000	57
FAUST_1[2014-06]	119	brady	parfait_1.bmp	41	  1	  3	  8	  4	 13	 13	 57	  0	27,666667	57
FAUST_1[2014-06]	119	brady	parfait_4.bmp	41	  1	  2	  9	  4	 13	 57	  0	  0	35,000000	57
FAUST_1[2014-06]	119	brady	pasta_10.bmp	42	  0	  1	  4	  4	 24	  0	  0	  0	24,000000	24
FAUST_1[2014-06]	119	brady	pasta_11.bmp	42	  0	  1	  4	  4	 54	  0	  0	  0	54,000000	54
FAUST_1[2014-06]	119	brady	pasta_13.bmp	42	  0	  1	  4	  4	 54	  0	  0	  0	54,000000	54
FAUST_1[2014-06]	119	brady	pasta_15.bmp	42	  0	  1	  4	  4	 54	  0	  0	  0	54,000000	54
FAUST_1[2014-06]	119	brady	pasta_9.bmp	42	  0	  1	  4	  4	 54	  0	  0	  0	54,000000	54
FAUST_1[2014-06]	119	brady	plant_13.bmp	43	  1	  2	  1	  1	 26	 41	  0	  0	33,500000	41
FAUST_1[2014-06]	119	brady	plant_14.bmp	43	  0	  0	  3	  2	  0	  0	  0	  0	0,000000	0
FAUST_1[2014-06]	119	brady	plant_2.bmp	43	  1	  1	  2	  1	 41	  0	  0	  0	41,000000	41
FAUST_1[2014-06]	119	brady	plant_5.bmp	43	  0	  0	  3	  2	  0	  0	  0	  0	0,000000	0
FAUST_1[2014-06]	119	brady	plant_8.bmp	43	  0	  0	  3	  2	  0	  0	  0	  0	0,000000	0
FAUST_1[2014-06]	119	brady	powerstrip_10.bmp	44	  1	  4	  4	  3	 27	 54	 54	 54	47,250000	54
FAUST_1[2014-06]	119	brady	powerstrip_13.bmp	44	  1	  2	  6	  3	 27	 27	  0	  0	27,000000	27
FAUST_1[2014-06]	119	brady	powerstrip_14.bmp	44	  0	  1	  7	  3	 27	  0	  0	  0	27,000000	27
FAUST_1[2014-06]	119	brady	powerstrip_7.bmp	44	  0	  0	  8	  4	  0	  0	  0	  0	0,000000	0
FAUST_1[2014-06]	119	brady	powerstrip_8.bmp	44	  0	  1	  7	  3	 27	  0	  0	  0	27,000000	27
FAUST_1[2014-06]	119	brady	printer_14.bmp	45	  0	  1	  6	  4	 17	  0	  0	  0	17,000000	17
FAUST_1[2014-06]	119	brady	printer_16.bmp	45	  1	  3	  4	  4	 17	 50	 50	  0	39,000000	50
FAUST_1[2014-06]	119	brady	printer_1.bmp	45	  0	  1	  6	  4	 17	  0	  0	  0	17,000000	17
FAUST_1[2014-06]	119	brady	printer_3.bmp	45	  0	  1	  6	  4	 17	  0	  0	  0	17,000000	17
FAUST_1[2014-06]	119	brady	printer_5.bmp	45	  0	  1	  6	  4	 17	  0	  0	  0	17,000000	17
FAUST_1[2014-06]	119	brady	remote_11.bmp	46	  1	  3	  7	  4	 11	 11	 11	  0	11,000000	11
FAUST_1[2014-06]	119	brady	remote_13.bmp	46	  0	  1	  9	  4	 62	  0	  0	  0	62,000000	62
FAUST_1[2014-06]	119	brady	remote_14.bmp	46	  0	  2	  8	  4	 11	 62	  0	  0	36,500000	62
FAUST_1[2014-06]	119	brady	remote_2.bmp	46	  0	  2	  8	  4	 11	 62	  0	  0	36,500000	62
FAUST_1[2014-06]	119	brady	remote_3.bmp	46	  0	  2	  8	  4	 11	 62	  0	  0	36,500000	62
FAUST_1[2014-06]	119	brady	ring_11.bmp	47	  1	  3	  5	  4	 14	 14	 14	  0	14,000000	14
FAUST_1[2014-06]	119	brady	ring_12.bmp	47	  0	  1	  7	  4	 42	  0	  0	  0	42,000000	42
FAUST_1[2014-06]	119	brady	ring_15.bmp	47	  0	  2	  6	  4	 42	 42	  0	  0	42,000000	42
FAUST_1[2014-06]	119	brady	ring_7.bmp	47	  0	  1	  7	  4	 42	  0	  0	  0	42,000000	42
FAUST_1[2014-06]	119	brady	ring_8.bmp	47	  0	  1	  7	  4	 42	  0	  0	  0	42,000000	42
FAUST_1[2014-06]	119	brady	rollerskates_17.bmp	48	  1	  2	  8	  4	  6	 51	  0	  0	28,500000	51
FAUST_1[2014-06]	119	brady	rollerskates_2.bmp	48	  0	  2	  8	  4	  6	 51	  0	  0	28,500000	51
FAUST_1[2014-06]	119	brady	rollerskates_5.bmp	48	  0	  2	  8	  4	  6	 51	  0	  0	28,500000	51
FAUST_1[2014-06]	119	brady	rollerskates_7.bmp	48	  0	  1	  9	  4	  6	  0	  0	  0	6,000000	6
FAUST_1[2014-06]	119	brady	rollerskates_8.bmp	48	  0	  3	  7	  4	  6	  6	 51	  0	21,000000	51
FAUST_1[2014-06]	119	brady	router_12.bmp	49	  0	  1	  8	  4	 48	  0	  0	  0	48,000000	48
FAUST_1[2014-06]	119	brady	router_16.bmp	49	  1	  3	  6	  4	 48	 48	 48	  0	48,000000	48
FAUST_1[2014-06]	119	brady	router_5.bmp	49	  1	  2	  7	  4	 21	 48	  0	  0	34,500000	48
FAUST_1[2014-06]	119	brady	router_6.bmp	49	  0	  2	  7	  4	 21	 21	  0	  0	21,000000	21
FAUST_1[2014-06]	119	brady	router_7.bmp	49	  0	  1	  8	  4	 48	  0	  0	  0	48,000000	48
FAUST_1[2014-06]	119	brady	rusdoll_1.bmp	50	  0	  1	  7	  4	 34	  0	  0	  0	34,000000	34
FAUST_1[2014-06]	119	brady	rusdoll_3.bmp	50	  0	  2	  6	  4	 14	 34	  0	  0	24,000000	34
FAUST_1[2014-06]	119	brady	rusdoll_5.bmp	50	  0	  2	  6	  4	 14	 34	  0	  0	24,000000	34
FAUST_1[2014-06]	119	brady	rusdoll_6.bmp	50	  0	  1	  7	  4	 14	  0	  0	  0	14,000000	14
FAUST_1[2014-06]	119	brady	rusdoll_8.bmp	50	  0	  2	  6	  4	 14	 34	  0	  0	24,000000	34
FAUST_1[2014-06]	119	brady	saddle_15.bmp	51	  0	  1	  1	  1	 39	  0	  0	  0	39,000000	39
FAUST_1[2014-06]	119	brady	saddle_3.bmp	51	  0	  0	  2	  2	  0	  0	  0	  0	0,000000	0
FAUST_1[2014-06]	119	brady	saddle_4.bmp	51	  0	  0	  2	  2	  0	  0	  0	  0	0,000000	0
FAUST_1[2014-06]	119	brady	saddle_5.bmp	51	  0	  0	  2	  2	  0	  0	  0	  0	0,000000	0
FAUST_1[2014-06]	119	brady	saddle_8.bmp	51	  0	  1	  1	  1	 31	  0	  0	  0	31,000000	31
FAUST_1[2014-06]	119	brady	saltpeppershake_12.bmp	52	  0	  1	  5	  4	 33	  0	  0	  0	33,000000	33
FAUST_1[2014-06]	119	brady	saltpeppershake_17.bmp	52	  0	  1	  5	  4	 33	  0	  0	  0	33,000000	33
FAUST_1[2014-06]	119	brady	saltpeppershake_2.bmp	52	  0	  1	  5	  4	 33	  0	  0	  0	33,000000	33
FAUST_1[2014-06]	119	brady	saltpeppershake_8.bmp	52	  0	  2	  4	  4	 15	 15	  0	  0	15,000000	15
FAUST_1[2014-06]	119	brady	saltpeppershake_9.bmp	52	  0	  1	  5	  4	 33	  0	  0	  0	33,000000	33
FAUST_1[2014-06]	119	brady	scooter_10.bmp	53	  1	  3	  4	  3	 28	 28	 61	  0	39,000000	61
FAUST_1[2014-06]	119	brady	scooter_11.bmp	53	  0	  0	  7	  4	  0	  0	  0	  0	0,000000	0
FAUST_1[2014-06]	119	brady	scooter_4.bmp	53	  0	  1	  6	  3	 61	  0	  0	  0	61,000000	61
FAUST_1[2014-06]	119	brady	scooter_5.bmp	53	  0	  1	  6	  3	 61	  0	  0	  0	61,000000	61
FAUST_1[2014-06]	119	brady	scooter_8.bmp	53	  1	  2	  5	  3	 61	 61	  0	  0	61,000000	61
FAUST_1[2014-06]	119	brady	shoe_13.bmp	54	  0	  2	  8	  4	 30	 44	  0	  0	37,000000	44
FAUST_1[2014-06]	119	brady	shoe_15.bmp	54	  0	  2	  8	  4	 30	 44	  0	  0	37,000000	44
FAUST_1[2014-06]	119	brady	shoe_17.bmp	54	  0	  3	  7	  4	 30	 44	 44	  0	39,333333	44
FAUST_1[2014-06]	119	brady	shoe_7.bmp	54	  0	  1	  9	  4	 44	  0	  0	  0	44,000000	44
FAUST_1[2014-06]	119	brady	shoe_9.bmp	54	  0	  2	  8	  4	 30	 30	  0	  0	30,000000	30
FAUST_1[2014-06]	119	brady	shredder_15.bmp	55	  0	  2	  7	  4	  4	 36	  0	  0	20,000000	36
FAUST_1[2014-06]	119	brady	shredder_1.bmp	55	  0	  2	  7	  4	  4	 36	  0	  0	20,000000	36
FAUST_1[2014-06]	119	brady	shredder_5.bmp	55	  1	  2	  7	  4	  4	 36	  0	  0	20,000000	36
FAUST_1[2014-06]	119	brady	shredder_6.bmp	55	  0	  1	  8	  4	  4	  0	  0	  0	4,000000	4
FAUST_1[2014-06]	119	brady	shredder_7.bmp	55	  0	  2	  7	  4	  4	 36	  0	  0	20,000000	36
FAUST_1[2014-06]	119	brady	sink_10.bmp	56	  1	  1	  6	  4	 19	  0	  0	  0	19,000000	19
FAUST_1[2014-06]	119	brady	sink_11.bmp	56	  0	  1	  6	  4	 35	  0	  0	  0	35,000000	35
FAUST_1[2014-06]	119	brady	sink_15.bmp	56	  1	  3	  4	  4	 35	 35	 35	  0	35,000000	35
FAUST_1[2014-06]	119	brady	sink_1.bmp	56	  0	  1	  6	  4	 35	  0	  0	  0	35,000000	35
FAUST_1[2014-06]	119	brady	sink_6.bmp	56	  0	  1	  6	  4	 35	  0	  0	  0	35,000000	35
FAUST_1[2014-06]	119	brady	skateboard_11.bmp	57	  0	  2	  4	  3	 28	 44	  0	  0	36,000000	44
FAUST_1[2014-06]	119	brady	skateboard_14.bmp	57	  0	  1	  5	  3	 28	  0	  0	  0	28,000000	28
FAUST_1[2014-06]	119	brady	skateboard_15.bmp	57	  0	  1	  5	  3	 28	  0	  0	  0	28,000000	28
FAUST_1[2014-06]	119	brady	skateboard_16.bmp	57	  0	  0	  6	  4	  0	  0	  0	  0	0,000000	0
FAUST_1[2014-06]	119	brady	skateboard_3.bmp	57	  0	  2	  4	  3	 28	 28	  0	  0	28,000000	28
FAUST_1[2014-06]	119	brady	socks_10.bmp	58	  0	  1	  6	  4	 37	  0	  0	  0	37,000000	37
FAUST_1[2014-06]	119	brady	socks_12.bmp	58	  1	  1	  6	  4	 37	  0	  0	  0	37,000000	37
FAUST_1[2014-06]	119	brady	socks_13.bmp	58	  0	  1	  6	  4	 37	  0	  0	  0	37,000000	37
FAUST_1[2014-06]	119	brady	socks_15.bmp	58	  1	  3	  4	  4	  1	 37	 37	  0	25,000000	37
FAUST_1[2014-06]	119	brady	socks_4.bmp	58	  0	  1	  6	  4	 37	  0	  0	  0	37,000000	37
FAUST_1[2014-06]	119	brady	sofa_12.bmp	59	  0	  1	  6	  3	 20	  0	  0	  0	20,000000	20
FAUST_1[2014-06]	119	brady	sofa_13.bmp	59	  0	  2	  5	  3	 20	 20	  0	  0	20,000000	20
FAUST_1[2014-06]	119	brady	sofa_3.bmp	59	  0	  1	  6	  3	 20	  0	  0	  0	20,000000	20
FAUST_1[2014-06]	119	brady	sofa_6.bmp	59	  0	  0	  7	  4	  0	  0	  0	  0	0,000000	0
FAUST_1[2014-06]	119	brady	sofa_9.bmp	59	  0	  3	  4	  3	 20	 53	 53	  0	42,000000	53
FAUST_1[2014-06]	119	brady	speaker_10.bmp	60	  0	  1	  5	  4	 52	  0	  0	  0	52,000000	52
FAUST_1[2014-06]	119	brady	speaker_15.bmp	60	  1	  2	  4	  4	 29	 52	  0	  0	40,500000	52
FAUST_1[2014-06]	119	brady	speaker_17.bmp	60	  1	  1	  5	  4	 52	  0	  0	  0	52,000000	52
FAUST_1[2014-06]	119	brady	speaker_4.bmp	60	  0	  1	  5	  4	 52	  0	  0	  0	52,000000	52
FAUST_1[2014-06]	119	brady	speaker_6.bmp	60	  0	  1	  5	  4	 52	  0	  0	  0	52,000000	52
FAUST_1[2014-06]	119	brady	tricycle_10.bmp	61	  0	  2	  5	  3	 20	 45	  0	  0	32,500000	45
FAUST_1[2014-06]	119	brady	tricycle_15.bmp	61	  1	  2	  5	  3	 20	 45	  0	  0	32,500000	45
FAUST_1[2014-06]	119	brady	tricycle_2.bmp	61	  0	  2	  5	  3	 45	 45	  0	  0	45,000000	45
FAUST_1[2014-06]	119	brady	tricycle_5.bmp	61	  0	  0	  7	  4	  0	  0	  0	  0	0,000000	0
FAUST_1[2014-06]	119	brady	tricycle_8.bmp	61	  0	  1	  6	  3	 45	  0	  0	  0	45,000000	45
FAUST_1[2014-06]	119	brady	trophy_14.bmp	62	  1	  4	  5	  3	  2	  2	  2	 58	16,000000	58
FAUST_1[2014-06]	119	brady	trophy_15.bmp	62	  0	  0	  9	  4	  0	  0	  0	  0	0,000000	0
FAUST_1[2014-06]	119	brady	trophy_16.bmp	62	  1	  3	  6	  3	 58	 58	 58	  0	58,000000	58
FAUST_1[2014-06]	119	brady	trophy_4.bmp	62	  0	  1	  8	  3	 58	  0	  0	  0	58,000000	58
FAUST_1[2014-06]	119	brady	trophy_6.bmp	62	  0	  1	  8	  3	 58	  0	  0	  0	58,000000	58
FAUST_1[2014-06]	119	brady	trumpet_17.bmp	63	  1	  2	  3	  3	 29	 43	  0	  0	36,000000	43
FAUST_1[2014-06]	119	brady	trumpet_1.bmp	63	  0	  1	  4	  3	 29	  0	  0	  0	29,000000	29
FAUST_1[2014-06]	119	brady	trumpet_3.bmp	63	  0	  1	  4	  3	 29	  0	  0	  0	29,000000	29
FAUST_1[2014-06]	119	brady	trumpet_5.bmp	63	  0	  1	  4	  3	 29	  0	  0	  0	29,000000	29
FAUST_1[2014-06]	119	brady	trumpet_6.bmp	63	  0	  0	  5	  4	  0	  0	  0	  0	0,000000	0
FAUST_1[2014-06]	119	brady	trunk_1.bmp	64	  0	  1	  4	  4	  7	  0	  0	  0	7,000000	7
FAUST_1[2014-06]	119	brady	trunk_2.bmp	64	  0	  1	  4	  4	  7	  0	  0	  0	7,000000	7
FAUST_1[2014-06]	119	brady	trunk_3.bmp	64	  0	  1	  4	  4	  7	  0	  0	  0	7,000000	7
FAUST_1[2014-06]	119	brady	trunk_5.bmp	64	  0	  1	  4	  4	 40	  0	  0	  0	40,000000	40
FAUST_1[2014-06]	119	brady	trunk_7.bmp	64	  0	  1	  4	  4	  7	  0	  0	  0	7,000000	7
FAUST_1[2014-06]	119	brady	turtle_11.bmp	65	  0	  0	  4	  2	  0	  0	  0	  0	0,000000	0
FAUST_1[2014-06]	119	brady	turtle_12.bmp	65	  0	  2	  2	  1	 57	 57	  0	  0	57,000000	57
FAUST_1[2014-06]	119	brady	turtle_2.bmp	65	  0	  0	  4	  2	  0	  0	  0	  0	0,000000	0
FAUST_1[2014-06]	119	brady	turtle_6.bmp	65	  0	  0	  4	  2	  0	  0	  0	  0	0,000000	0
FAUST_1[2014-06]	119	brady	turtle_7.bmp	65	  1	  2	  2	  1	  8	  8	  0	  0	8,000000	8
FAUST_1[2014-06]	119	brady	tv_16.bmp	66	  0	  0	  6	  4	  0	  0	  0	  0	0,000000	0
FAUST_1[2014-06]	119	brady	tv_4.bmp	66	  0	  1	  5	  3	  8	  0	  0	  0	8,000000	8
FAUST_1[2014-06]	119	brady	tv_5.bmp	66	  0	  1	  5	  3	  8	  0	  0	  0	8,000000	8
FAUST_1[2014-06]	119	brady	tv_7.bmp	66	  0	  2	  4	  3	  8	 37	  0	  0	22,500000	37
FAUST_1[2014-06]	119	brady	tv_8.bmp	66	  0	  2	  4	  3	  8	  8	  0	  0	8,000000	8
FAUST_1[2014-06]	119	brady	vase_13.bmp	67	  0	  0	  2	  2	  0	  0	  0	  0	0,000000	0
FAUST_1[2014-06]	119	brady	vase_15.bmp	67	  0	  0	  2	  2	  0	  0	  0	  0	0,000000	0
FAUST_1[2014-06]	119	brady	vase_1.bmp	67	  1	  1	  1	  1	 46	  0	  0	  0	46,000000	46
FAUST_1[2014-06]	119	brady	vase_5.bmp	67	  0	  1	  1	  1	 18	  0	  0	  0	18,000000	18
FAUST_1[2014-06]	119	brady	vase_6.bmp	67	  0	  0	  2	  2	  0	  0	  0	  0	0,000000	0
FAUST_1[2014-06]	119	brady	videogamecontroller_11.bmp	68	  0	  1	  4	  3	 15	  0	  0	  0	15,000000	15
FAUST_1[2014-06]	119	brady	videogamecontroller_13.bmp	68	  0	  2	  3	  3	 15	 43	  0	  0	29,000000	43
FAUST_1[2014-06]	119	brady	videogamecontroller_2.bmp	68	  0	  1	  4	  3	 15	  0	  0	  0	15,000000	15
FAUST_1[2014-06]	119	brady	videogamecontroller_3.bmp	68	  0	  1	  4	  3	 15	  0	  0	  0	15,000000	15
FAUST_1[2014-06]	119	brady	videogamecontroller_5.bmp	68	  0	  0	  5	  4	  0	  0	  0	  0	0,000000	0
FAUST_1[2014-06]	119	brady	watch_14.bmp	69	  0	  0	  2	  2	  0	  0	  0	  0	0,000000	0
FAUST_1[2014-06]	119	brady	watch_3.bmp	69	  1	  1	  1	  1	 49	  0	  0	  0	49,000000	49
FAUST_1[2014-06]	119	brady	watch_6.bmp	69	  0	  0	  2	  2	  0	  0	  0	  0	0,000000	0
FAUST_1[2014-06]	119	brady	watch_7.bmp	69	  0	  0	  2	  2	  0	  0	  0	  0	0,000000	0
FAUST_1[2014-06]	119	brady	watch_8.bmp	69	  0	  1	  1	  1	 13	  0	  0	  0	13,000000	13
FAUST_1[2014-06]	119	brady	watergun_15.bmp	70	  1	  1	  1	  1	 36	  0	  0	  0	36,000000	36
FAUST_1[2014-06]	119	brady	watergun_3.bmp	70	  0	  0	  2	  2	  0	  0	  0	  0	0,000000	0
FAUST_1[2014-06]	119	brady	watergun_7.bmp	70	  0	  0	  2	  2	  0	  0	  0	  0	0,000000	0
FAUST_1[2014-06]	119	brady	watergun_8.bmp	70	  0	  1	  1	  1	 23	  0	  0	  0	23,000000	23
FAUST_1[2014-06]	119	brady	watergun_9.bmp	70	  0	  0	  2	  2	  0	  0	  0	  0	0,000000	0
FAUST_1[2014-06]	119	brady	wig_12.bmp	71	  0	  0	  3	  2	  0	  0	  0	  0	0,000000	0
FAUST_1[2014-06]	119	brady	wig_1.bmp	71	  0	  2	  1	  1	 61	 61	  0	  0	61,000000	61
FAUST_1[2014-06]	119	brady	wig_6.bmp	71	  0	  0	  3	  2	  0	  0	  0	  0	0,000000	0
FAUST_1[2014-06]	119	brady	wig_7.bmp	71	  0	  0	  3	  2	  0	  0	  0	  0	0,000000	0
FAUST_1[2014-06]	119	brady	wig_9.bmp	71	  0	  1	  2	  1	  6	  0	  0	  0	6,000000	6
FAUST_1[2014-06]	119	brady	windchime_10.bmp	72	  1	  1	  2	  1	 39	  0	  0	  0	39,000000	39
FAUST_1[2014-06]	119	brady	windchime_15.bmp	72	  0	  0	  3	  2	  0	  0	  0	  0	0,000000	0
FAUST_1[2014-06]	119	brady	windchime_16.bmp	72	  0	  2	  1	  1	 16	 16	  0	  0	16,000000	16
FAUST_1[2014-06]	119	brady	windchime_3.bmp	72	  0	  0	  3	  2	  0	  0	  0	  0	0,000000	0
FAUST_1[2014-06]	119	brady	windchime_6.bmp	72	  0	  0	  3	  2	  0	  0	  0	  0	0,000000	0
