"block_nr","count__expectancy","count_ec_block_loop","count_ec_blocks_loop","count_expectancy","expectancy","order","response__expectancy","response_expectancy","response_time__expectancy","response_time_expectancy","stim1","stim2","subject_nr","time_ec_block_loop","time_expectancy","usval"
"1","NA","NA","0","NA","0","NA","NA","NA","NA","NA","7.png","1460.JPG","410","NA","NA","NA"
"1","NA","NA","0","NA","0","NA","NA","NA","NA","NA","23.png","empty.png","410","NA","NA","NA"
"1","NA","NA","0","NA","0","NA","NA","NA","NA","NA","5720.JPG","9280.JPG","410","NA","NA","NA"
"1","NA","NA","0","NA","0","NA","NA","NA","NA","NA","18.png","empty.png","410","NA","NA","NA"
"1","NA","NA","0","NA","0","NA","NA","NA","NA","NA","empty.png","empty.png","410","NA","NA","NA"
"1","NA","NA","0","NA","0","NA","NA","NA","NA","NA","5611.JPG","5870.JPG","410","NA","NA","NA"
"1","NA","NA","0","NA","0","NA","NA","NA","NA","NA","11.png","3181.JPG","410","NA","NA","NA"
"1","NA","NA","0","NA","0","NA","NA","NA","NA","NA","empty.png","25.png","410","NA","NA","NA"
"1","NA","NA","0","NA","0","NA","NA","NA","NA","NA","5660.JPG","empty.png","410","NA","NA","NA"
"1","NA","NA","0","NA","0","NA","NA","NA","NA","NA","5780.JPG","empty.png","410","NA","NA","NA"
"1","NA","NA","0","NA","0","NA","NA","NA","NA","NA","9000.JPG","5970.JPG","410","NA","NA","NA"
"1","NA","NA","0","NA","0","NA","NA","NA","NA","NA","empty.png","empty.png","410","NA","NA","NA"
"1","NA","NA","0","NA","0","NA","NA","NA","NA","NA","7.png","1460.JPG","410","NA","NA","NA"
"1","NA","NA","0","NA","0","NA","NA","NA","NA","NA","22.png","6.png","410","NA","NA","NA"
"1","NA","NA","0","NA","0","NA","NA","NA","NA","NA","empty.png","empty.png","410","NA","NA","NA"
"1","NA","NA","0","NA","0","NA","NA","NA","NA","NA","5720.JPG","9280.JPG","410","NA","NA","NA"
"1","NA","NA","0","NA","0","NA","NA","NA","NA","NA","4.png","1600.JPG","410","NA","NA","NA"
"1","NA","NA","0","NA","0","NA","NA","NA","NA","NA","empty.png","5250.JPG","410","NA","NA","NA"
"1","NA","NA","0","NA","0","NA","NA","NA","NA","NA","12.png","empty.png","410","NA","NA","NA"
"1","NA","NA","0","NA","0","NA","NA","NA","NA","NA","14.png","7705.JPG","410","NA","NA","NA"
"1","NA","NA","0","NA","0","NA","NA","NA","NA","NA","empty.png","16.png","410","NA","NA","NA"
"1","NA","NA","0","NA","0","NA","NA","NA","NA","NA","20.png","empty.png","410","NA","NA","NA"
"1","NA","NA","0","NA","0","NA","NA","NA","NA","NA","empty.png","empty.png","410","NA","NA","NA"
"1","NA","NA","0","NA","0","NA","NA","NA","NA","NA","25.png","empty.png","410","NA","NA","NA"
"1","NA","NA","0","NA","0","NA","NA","NA","NA","NA","4.png","1600.JPG","410","NA","NA","NA"
"1","NA","NA","0","NA","0","NA","NA","NA","NA","NA","empty.png","empty.png","410","NA","NA","NA"
"1","NA","NA","0","NA","0","NA","NA","NA","NA","NA","10.png","7009.JPG","410","NA","NA","NA"
"1","NA","NA","0","NA","0","NA","NA","NA","NA","NA","empty.png","2.png","410","NA","NA","NA"
"1","NA","NA","0","NA","0","NA","NA","NA","NA","NA","27.png","13.png","410","NA","NA","NA"
"1","NA","NA","0","NA","0","NA","NA","NA","NA","NA","22.png","6.png","410","NA","NA","NA"
"1","NA","NA","0","NA","0","NA","NA","NA","NA","NA","empty.png","5780.JPG","410","NA","NA","NA"
"1","NA","NA","0","NA","0","NA","NA","NA","NA","NA","empty.png","empty.png","410","NA","NA","NA"
"1","NA","NA","0","NA","0","NA","NA","NA","NA","NA","10.png","7009.JPG","410","NA","NA","NA"
"1","NA","NA","0","NA","0","NA","NA","NA","NA","NA","empty.png","empty.png","410","NA","NA","NA"
"1","NA","NA","0","NA","0","NA","NA","NA","NA","NA","9.png","empty.png","410","NA","NA","NA"
"1","NA","NA","0","NA","0","NA","NA","NA","NA","NA","2.png","empty.png","410","NA","NA","NA"
"1","NA","NA","0","NA","0","NA","NA","NA","NA","NA","5.png","empty.png","410","NA","NA","NA"
"1","NA","NA","0","NA","0","NA","NA","NA","NA","NA","21.png","2100.JPG","410","NA","NA","NA"
"1","NA","NA","0","NA","0","NA","NA","NA","NA","NA","empty.png","empty.png","410","NA","NA","NA"
"1","NA","NA","0","NA","0","NA","NA","NA","NA","NA","21.png","2100.JPG","410","NA","NA","NA"
"1","NA","NA","0","NA","0","NA","NA","NA","NA","NA","5611.JPG","5870.JPG","410","NA","NA","NA"
"1","NA","NA","0","NA","0","NA","NA","NA","NA","NA","empty.png","empty.png","410","NA","NA","NA"
"1","NA","NA","0","NA","0","NA","NA","NA","NA","NA","18.png","empty.png","410","NA","NA","NA"
"1","NA","NA","0","NA","0","NA","NA","NA","NA","NA","12.png","empty.png","410","NA","NA","NA"
"1","NA","NA","0","NA","0","NA","NA","NA","NA","NA","3.png","empty.png","410","NA","NA","NA"
"1","NA","NA","0","NA","0","NA","NA","NA","NA","NA","empty.png","empty.png","410","NA","NA","NA"
"1","NA","NA","0","NA","0","NA","NA","NA","NA","NA","24.png","7000.JPG","410","NA","NA","NA"
"1","NA","NA","0","NA","1","NA","NA","NA","NA","NA","10.png","7009.JPG","410","NA","NA","NA"
"1","NA","NA","0","NA","0","NA","NA","NA","NA","NA","1.png","1540.JPG","410","NA","NA","NA"
"1","NA","NA","0","NA","0","NA","NA","NA","NA","NA","24.png","7000.JPG","410","NA","NA","NA"
"1","NA","NA","0","NA","0","NA","NA","NA","NA","NA","8.png","empty.png","410","NA","NA","NA"
"1","NA","NA","0","NA","0","NA","NA","NA","NA","NA","empty.png","empty.png","410","NA","NA","NA"
"1","NA","NA","0","NA","0","NA","NA","NA","NA","NA","22.png","6.png","410","NA","NA","NA"
"1","NA","NA","0","NA","0","NA","NA","NA","NA","NA","empty.png","5250.JPG","410","NA","NA","NA"
"1","NA","NA","0","NA","0","NA","NA","NA","NA","NA","4.png","1600.JPG","410","NA","NA","NA"
"1","NA","NA","0","NA","0","NA","NA","NA","NA","NA","3.png","empty.png","410","NA","NA","NA"
"1","NA","NA","0","NA","0","NA","NA","NA","NA","NA","empty.png","empty.png","410","NA","NA","NA"
"1","NA","NA","0","NA","0","NA","NA","NA","NA","NA","3.png","empty.png","410","NA","NA","NA"
"1","NA","NA","0","NA","0","NA","NA","NA","NA","NA","empty.png","empty.png","410","NA","NA","NA"
"1","NA","NA","0","NA","0","NA","NA","NA","NA","NA","empty.png","16.png","410","NA","NA","NA"
"1","NA","NA","0","NA","0","NA","NA","NA","NA","NA","19.png","15.png","410","NA","NA","NA"
"1","NA","NA","0","NA","0","NA","NA","NA","NA","NA","20.png","empty.png","410","NA","NA","NA"
"1","NA","NA","0","NA","0","NA","NA","NA","NA","NA","17.png","9432.JPG","410","NA","NA","NA"
"1","NA","NA","0","NA","0","NA","NA","NA","NA","NA","7.png","1460.JPG","410","NA","NA","NA"
"1","NA","NA","0","NA","0","NA","NA","NA","NA","NA","empty.png","5250.JPG","410","NA","NA","NA"
"1","NA","NA","0","NA","0","NA","NA","NA","NA","NA","empty.png","16.png","410","NA","NA","NA"
"1","NA","NA","0","NA","0","NA","NA","NA","NA","NA","empty.png","5660.JPG","410","NA","NA","NA"
"1","NA","NA","0","NA","0","NA","NA","NA","NA","NA","11.png","3181.JPG","410","NA","NA","NA"
"1","NA","NA","0","NA","0","NA","NA","NA","NA","NA","26.png","empty.png","410","NA","NA","NA"
"1","NA","NA","0","NA","0","NA","NA","NA","NA","NA","empty.png","empty.png","410","NA","NA","NA"
"1","NA","NA","0","NA","0","NA","NA","NA","NA","NA","8.png","empty.png","410","NA","NA","NA"
"1","NA","NA","0","NA","0","NA","NA","NA","NA","NA","empty.png","empty.png","410","NA","NA","NA"
"1","NA","NA","0","NA","0","NA","NA","NA","NA","NA","24.png","7000.JPG","410","NA","NA","NA"
"1","NA","NA","0","NA","0","NA","NA","NA","NA","NA","empty.png","empty.png","410","NA","NA","NA"
"1","NA","NA","0","NA","1","NA","NA","NA","NA","NA","18.png","empty.png","410","NA","NA","NA"
"1","NA","NA","0","NA","0","NA","NA","NA","NA","NA","26.png","empty.png","410","NA","NA","NA"
"1","NA","NA","0","NA","0","NA","NA","NA","NA","NA","5.png","empty.png","410","NA","NA","NA"
"1","NA","NA","0","NA","1","NA","NA","NA","NA","NA","12.png","empty.png","410","NA","NA","NA"
"1","NA","NA","0","NA","0","NA","NA","NA","NA","NA","empty.png","empty.png","410","NA","NA","NA"
"1","NA","NA","0","NA","0","NA","NA","NA","NA","NA","26.png","empty.png","410","NA","NA","NA"
"1","NA","NA","0","NA","0","NA","NA","NA","NA","NA","9.png","empty.png","410","NA","NA","NA"
"1","NA","NA","0","NA","0","NA","NA","NA","NA","NA","17.png","9432.JPG","410","NA","NA","NA"
"1","NA","NA","0","NA","0","NA","NA","NA","NA","NA","empty.png","empty.png","410","NA","NA","NA"
"1","NA","NA","0","NA","0","NA","NA","NA","NA","NA","empty.png","5780.JPG","410","NA","NA","NA"
"1","NA","NA","0","NA","0","NA","NA","NA","NA","NA","19.png","15.png","410","NA","NA","NA"
"1","NA","NA","0","NA","0","NA","NA","NA","NA","NA","8.png","empty.png","410","NA","NA","NA"
